2024-11-04 14:53:11,790 [INFO] Activator:176 - 


2024-11-04 14:53:11,795 [INFO] Activator:177 - !SESSION log4j initialized
2024-11-04 14:53:17,258 [INFO] LogOutputStream:77 - [STDOUT_REDIRECT] 
2024-11-04 14:53:19,486 [INFO] ApplicationProperties:184 - Using Application install path: C:\ST\STM32CubeIDE_1.16.1\STM32CubeIDE\plugins\com.st.stm32cube.common.mx_6.12.1.202409122256
2024-11-04 14:53:19,504 [INFO] DbMcusXml:78 - Set database path to: C:\ST\STM32CubeIDE_1.16.1\STM32CubeIDE\plugins\com.st.stm32cube.common.mx_6.12.1.202409122256\\db\/mcu/
2024-11-04 14:53:19,505 [INFO] ApiDb:274 - Set plugin database path to: C:\ST\STM32CubeIDE_1.16.1\STM32CubeIDE\plugins\com.st.stm32cube.common.mx_6.12.1.202409122256\\db\/plugins/boardmanager/
2024-11-04 14:53:19,506 [WARN] ApiDb:259 - Overriding images path with different value:  => C:\ST\STM32CubeIDE_1.16.1\STM32CubeIDE\plugins\com.st.stm32cube.common.mx_6.12.1.202409122256\\db\/plugins/mcufinder/images/
2024-11-04 14:53:19,518 [INFO] ApiDb:250 - Set database path to: C:\Users\Gamarra\.stmcufinder\plugins\mcufinder//mcu/
2024-11-04 14:53:19,519 [INFO] DbMcusAds:125 - Set database path to: C:\Users\Gamarra\.stmcufinder\plugins\mcufinder//mcu/
2024-11-04 14:53:19,521 [INFO] CrossReferenceDbSqlite:203 - Set database path to: C:\Users\Gamarra\.stmcufinder\plugins\mcufinder//mcu/cs/
2024-11-04 14:53:19,623 [INFO] RulesReader:64 - Compatibility file has been processed (297 Rules)
2024-11-04 14:53:19,697 [INFO] DbMcusXml:78 - Set database path to: C:\ST\STM32CubeIDE_1.16.1\STM32CubeIDE\plugins\com.st.stm32cube.common.mx_6.12.1.202409122256\\db\/mcu/
2024-11-04 14:53:19,697 [INFO] ApiDb:274 - Set plugin database path to: C:\ST\STM32CubeIDE_1.16.1\STM32CubeIDE\plugins\com.st.stm32cube.common.mx_6.12.1.202409122256\\db\/plugins/boardmanager/
2024-11-04 14:53:19,697 [INFO] ApiDb:261 - Set plugin images path to: C:\ST\STM32CubeIDE_1.16.1\STM32CubeIDE\plugins\com.st.stm32cube.common.mx_6.12.1.202409122256\\db\/plugins/mcufinder/images/
2024-11-04 14:53:19,697 [WARN] DbFile:41 - Overriding database path with different value: C:\Users\Gamarra\.stmcufinder\plugins\mcufinder/ => C:\Users\Gamarra\.stmcufinder\plugins\mcufinder
2024-11-04 14:53:19,697 [INFO] ApiDb:250 - Set database path to: C:\Users\Gamarra\.stmcufinder\plugins\mcufinder//mcu/
2024-11-04 14:53:19,697 [WARN] DbFile:41 - Overriding database path with different value: C:\Users\Gamarra\.stmcufinder\plugins\mcufinder/ => C:\Users\Gamarra\.stmcufinder\plugins\mcufinder
2024-11-04 14:53:19,697 [INFO] DbMcusAds:125 - Set database path to: C:\Users\Gamarra\.stmcufinder\plugins\mcufinder//mcu/
2024-11-04 14:53:19,697 [WARN] DbFile:41 - Overriding database path with different value: C:\Users\Gamarra\.stmcufinder\plugins\mcufinder/ => C:\Users\Gamarra\.stmcufinder\plugins\mcufinder
2024-11-04 14:53:19,698 [WARN] DbFile:41 - Overriding database path with different value: C:\Users\Gamarra\.stmcufinder\plugins\mcufinder/ => C:\Users\Gamarra\.stmcufinder\plugins\mcufinder
2024-11-04 14:53:19,698 [INFO] CrossReferenceDbSqlite:203 - Set database path to: C:\Users\Gamarra\.stmcufinder\plugins\mcufinder//mcu/cs/
2024-11-04 14:53:19,780 [INFO] MainPanel:268 - HeapMemory: 372244480
2024-11-04 14:53:19,870 [INFO] DbMcusXml:78 - Set database path to: C:\ST\STM32CubeIDE_1.16.1\STM32CubeIDE\plugins\com.st.stm32cube.common.mx_6.12.1.202409122256\\db\/mcu/
2024-11-04 14:53:19,870 [INFO] ApiDb:274 - Set plugin database path to: C:\ST\STM32CubeIDE_1.16.1\STM32CubeIDE\plugins\com.st.stm32cube.common.mx_6.12.1.202409122256\\db\/plugins/boardmanager/
2024-11-04 14:53:19,870 [INFO] ApiDb:261 - Set plugin images path to: C:\ST\STM32CubeIDE_1.16.1\STM32CubeIDE\plugins\com.st.stm32cube.common.mx_6.12.1.202409122256\\db\/plugins/mcufinder/images/
2024-11-04 14:53:19,870 [WARN] DbFile:41 - Overriding database path with different value: C:\Users\Gamarra\.stmcufinder\plugins\mcufinder/ => C:\Users\Gamarra\.stmcufinder\plugins\mcufinder
2024-11-04 14:53:19,871 [INFO] ApiDb:250 - Set database path to: C:\Users\Gamarra\.stmcufinder\plugins\mcufinder//mcu/
2024-11-04 14:53:19,871 [WARN] DbFile:41 - Overriding database path with different value: C:\Users\Gamarra\.stmcufinder\plugins\mcufinder/ => C:\Users\Gamarra\.stmcufinder\plugins\mcufinder
2024-11-04 14:53:19,871 [INFO] DbMcusAds:125 - Set database path to: C:\Users\Gamarra\.stmcufinder\plugins\mcufinder//mcu/
2024-11-04 14:53:19,871 [WARN] DbFile:41 - Overriding database path with different value: C:\Users\Gamarra\.stmcufinder\plugins\mcufinder/ => C:\Users\Gamarra\.stmcufinder\plugins\mcufinder
2024-11-04 14:53:19,871 [WARN] DbFile:41 - Overriding database path with different value: C:\Users\Gamarra\.stmcufinder\plugins\mcufinder/ => C:\Users\Gamarra\.stmcufinder\plugins\mcufinder
2024-11-04 14:53:19,871 [INFO] CrossReferenceDbSqlite:203 - Set database path to: C:\Users\Gamarra\.stmcufinder\plugins\mcufinder//mcu/cs/
2024-11-04 14:53:19,887 [INFO] ApplicationProperties:184 - Using Application install path: C:\ST\STM32CubeIDE_1.16.1\STM32CubeIDE\plugins\com.st.stm32cube.common.mx_6.12.1.202409122256
2024-11-04 14:53:19,888 [INFO] PluginManage:196 - Search for loadable plugins [exclusion list=, ]
2024-11-04 14:53:19,889 [INFO] PluginManage:310 - Check plugin analytics
2024-11-04 14:53:20,062 [INFO] AnalyticsPlugin:253 - Accepted Software Licenses: STM32CubeMX.6.12.1
2024-11-04 14:53:20,062 [INFO] AnalyticsPlugin:255 - Accepted CMSIS Pack Licenses: 
2024-11-04 14:53:20,062 [INFO] AnalyticsPlugin:257 - Accepted Firmware Licenses: FW.U5.1.5.0,FW.U5.1.2.0,FW.U5.1.6.0,FW.L4.1.18.0
2024-11-04 14:53:20,065 [INFO] PluginManage:359 - Loaded plugin analytics (category:tool,tabindex:-1)
2024-11-04 14:53:20,066 [INFO] PluginManage:310 - Check plugin cadmodel
2024-11-04 14:53:20,079 [INFO] CADModel:105 - Init CAD model plugin
2024-11-04 14:53:20,079 [INFO] PluginManage:359 - Loaded plugin cadmodel (category:power,tabindex:5)
2024-11-04 14:53:20,079 [INFO] PluginManage:310 - Check plugin clock
2024-11-04 14:53:20,098 [INFO] PluginManage:359 - Loaded plugin clock (category:base,tabindex:2)
2024-11-04 14:53:20,098 [INFO] PluginManage:310 - Check plugin ddr
2024-11-04 14:53:20,100 [INFO] PluginManage:359 - Loaded plugin ddr (category:tool,tabindex:6)
2024-11-04 14:53:20,100 [INFO] PluginManage:310 - Check plugin filemanager
2024-11-04 14:53:20,244 [INFO] PluginManage:359 - Loaded plugin filemanager (category:base,tabindex:10)
2024-11-04 14:53:20,244 [INFO] PluginManage:310 - Check plugin ipmanager
2024-11-04 14:53:20,250 [INFO] PluginManage:359 - Loaded plugin ipmanager (category:base,tabindex:5)
2024-11-04 14:53:20,251 [INFO] PluginManage:310 - Check plugin lpbam
2024-11-04 14:53:20,267 [INFO] PluginManage:359 - Loaded plugin lpbam (category:base,tabindex:0)
2024-11-04 14:53:20,267 [INFO] PluginManage:310 - Check plugin memorymap
2024-11-04 14:53:20,289 [INFO] PluginManage:359 - Loaded plugin memorymap (category:base,tabindex:4)
2024-11-04 14:53:20,290 [INFO] PluginManage:310 - Check plugin pinoutandconfiguration
2024-11-04 14:53:20,305 [INFO] PluginManage:359 - Loaded plugin pinoutandconfiguration (category:base,tabindex:1)
2024-11-04 14:53:20,305 [INFO] PluginManage:310 - Check plugin pinoutconfig
2024-11-04 14:53:20,384 [WARN] SupportedApi:132 - Cannot load RTOS API schema: s4s-elt-must-match.1: The content of 'definitions' must match (annotation?, (simpleType | complexType)?, (unique | key | keyref)*)). A problem was found starting at: attribute.
2024-11-04 14:53:20,497 [INFO] PluginManage:359 - Loaded plugin pinoutconfig (category:base,tabindex:0)
2024-11-04 14:53:20,497 [INFO] PluginManage:310 - Check plugin power
2024-11-04 14:53:20,515 [INFO] PluginManage:359 - Loaded plugin power (category:power,tabindex:4)
2024-11-04 14:53:20,515 [INFO] PluginManage:310 - Check plugin projectmanager
2024-11-04 14:53:20,543 [INFO] PluginManage:359 - Loaded plugin projectmanager (category:projectmanager,tabindex:4)
2024-11-04 14:53:20,543 [INFO] PluginManage:310 - Check plugin rif
2024-11-04 14:53:20,559 [INFO] PluginManage:359 - Loaded plugin rif (category:base,tabindex:3)
2024-11-04 14:53:20,559 [INFO] PluginManage:310 - Check plugin thirdparty
2024-11-04 14:53:20,841 [INFO] PluginManage:359 - Loaded plugin thirdparty (category:base,tabindex:-1)
2024-11-04 14:53:20,841 [WARN] IntegrityCheckThread:84 - waiting for thirdparty lock release [integrity check]
2024-11-04 14:53:20,841 [INFO] PluginManage:310 - Check plugin tools
2024-11-04 14:53:20,841 [INFO] IntegrityCheckThread:86 - entering critical section [integrity check]
2024-11-04 14:53:20,841 [INFO] ThirdPartyUpdaterWithRetryManager:70 - Updater plugin not ready yet. [1/15]
2024-11-04 14:53:20,866 [INFO] PluginManage:359 - Loaded plugin tools (category:base,tabindex:7)
2024-11-04 14:53:20,866 [INFO] PluginManage:310 - Check plugin tutovideos
2024-11-04 14:53:21,013 [INFO] PluginManage:359 - Loaded plugin tutovideos (category:base,tabindex:-1)
2024-11-04 14:53:21,013 [INFO] PluginManage:310 - Check plugin updater
2024-11-04 14:53:21,028 [INFO] PluginManage:359 - Loaded plugin updater (category:base,tabindex:12)
2024-11-04 14:53:21,028 [INFO] PluginManage:310 - Check plugin userauth
2024-11-04 14:53:21,033 [INFO] UserAuth:113 - Init User Auth plugin
2024-11-04 14:53:21,033 [INFO] PluginManage:359 - Loaded plugin userauth (category:base,tabindex:14)
2024-11-04 14:53:21,034 [INFO] PluginManage:283 - PluginManage : Loaded plugins [18]
2024-11-04 14:53:21,206 [INFO] PinOutPanel:1561 - setPackage(No Configuration,No Configuration)
2024-11-04 14:53:21,301 [INFO] CADModel:165 - CPN selected for project level
2024-11-04 14:53:21,301 [INFO] CADModel:114 - Register for checkConnection events
2024-11-04 14:53:21,339 [INFO] IPUIPlugin:80 - create IPUIPlugin
2024-11-04 14:53:21,339 [INFO] PluginManager:220 - loadIPPluginJar : add adc
2024-11-04 14:53:21,380 [INFO] IPUIPlugin:80 - create IPUIPlugin
2024-11-04 14:53:21,381 [INFO] PluginManager:220 - loadIPPluginJar : add aes
2024-11-04 14:53:21,411 [INFO] IPUIPlugin:80 - create IPUIPlugin
2024-11-04 14:53:21,411 [INFO] PluginManager:220 - loadIPPluginJar : add can
2024-11-04 14:53:21,432 [INFO] IPUIPlugin:80 - create IPUIPlugin
2024-11-04 14:53:21,432 [INFO] PluginManager:220 - loadIPPluginJar : add comp
2024-11-04 14:53:21,457 [INFO] IPUIPlugin:80 - create IPUIPlugin
2024-11-04 14:53:21,457 [INFO] PluginManager:220 - loadIPPluginJar : add cryp
2024-11-04 14:53:21,468 [INFO] IPUIPlugin:80 - create IPUIPlugin
2024-11-04 14:53:21,468 [INFO] PluginManager:220 - loadIPPluginJar : add ddr_ctrl_phy
2024-11-04 14:53:21,488 [INFO] IPUIPlugin:80 - create IPUIPlugin
2024-11-04 14:53:21,488 [INFO] PluginManager:220 - loadIPPluginJar : add dfsdm
2024-11-04 14:53:21,498 [INFO] IPUIPlugin:80 - create IPUIPlugin
2024-11-04 14:53:21,498 [INFO] PluginManager:220 - loadIPPluginJar : add dma
2024-11-04 14:53:21,528 [INFO] IPUIPlugin:80 - create IPUIPlugin
2024-11-04 14:53:21,528 [INFO] PluginManager:220 - loadIPPluginJar : add dma3
2024-11-04 14:53:21,560 [INFO] IPUIPlugin:80 - create IPUIPlugin
2024-11-04 14:53:21,560 [INFO] PluginManager:220 - loadIPPluginJar : add extmemmanager
2024-11-04 14:53:21,574 [INFO] IPUIPlugin:80 - create IPUIPlugin
2024-11-04 14:53:21,574 [INFO] PluginManager:220 - loadIPPluginJar : add fatfs
2024-11-04 14:53:21,608 [INFO] IPUIPlugin:80 - create IPUIPlugin
2024-11-04 14:53:21,608 [INFO] PluginManager:220 - loadIPPluginJar : add fmc
2024-11-04 14:53:21,619 [INFO] IPUIPlugin:80 - create IPUIPlugin
2024-11-04 14:53:21,619 [INFO] PluginManager:220 - loadIPPluginJar : add freertos
2024-11-04 14:53:21,633 [INFO] IPUIPlugin:80 - create IPUIPlugin
2024-11-04 14:53:21,633 [INFO] PluginManager:220 - loadIPPluginJar : add genericplugin
2024-11-04 14:53:21,697 [INFO] IPUIPlugin:80 - create IPUIPlugin
2024-11-04 14:53:21,699 [INFO] PluginManager:220 - loadIPPluginJar : add gfxmmu
2024-11-04 14:53:21,801 [INFO] IPUIPlugin:80 - create IPUIPlugin
2024-11-04 14:53:21,801 [INFO] PluginManager:220 - loadIPPluginJar : add gic
2024-11-04 14:53:21,811 [INFO] IPUIPlugin:80 - create IPUIPlugin
2024-11-04 14:53:21,811 [INFO] PluginManager:220 - loadIPPluginJar : add gpio
2024-11-04 14:53:21,886 [INFO] IPUIPlugin:80 - create IPUIPlugin
2024-11-04 14:53:21,886 [INFO] PluginManager:220 - loadIPPluginJar : add gtzc
2024-11-04 14:53:21,911 [INFO] IPUIPlugin:80 - create IPUIPlugin
2024-11-04 14:53:21,911 [INFO] PluginManager:220 - loadIPPluginJar : add hash
2024-11-04 14:53:21,950 [INFO] IPUIPlugin:80 - create IPUIPlugin
2024-11-04 14:53:21,950 [INFO] PluginManager:220 - loadIPPluginJar : add i2c
2024-11-04 14:53:21,980 [INFO] IPUIPlugin:80 - create IPUIPlugin
2024-11-04 14:53:21,980 [INFO] PluginManager:220 - loadIPPluginJar : add i2s
2024-11-04 14:53:22,011 [INFO] IPUIPlugin:80 - create IPUIPlugin
2024-11-04 14:53:22,011 [INFO] PluginManager:220 - loadIPPluginJar : add i3c
2024-11-04 14:53:22,095 [INFO] IPUIPlugin:80 - create IPUIPlugin
2024-11-04 14:53:22,095 [INFO] PluginManager:220 - loadIPPluginJar : add ipddr
2024-11-04 14:53:22,163 [INFO] IPUIPlugin:80 - create IPUIPlugin
2024-11-04 14:53:22,163 [INFO] PluginManager:220 - loadIPPluginJar : add linkedlist
2024-11-04 14:53:22,190 [INFO] IPUIPlugin:80 - create IPUIPlugin
2024-11-04 14:53:22,190 [INFO] PluginManager:220 - loadIPPluginJar : add lorawan
2024-11-04 14:53:22,217 [INFO] IPUIPlugin:80 - create IPUIPlugin
2024-11-04 14:53:22,217 [INFO] PluginManager:220 - loadIPPluginJar : add ltdc
2024-11-04 14:53:22,228 [INFO] IPUIPlugin:80 - create IPUIPlugin
2024-11-04 14:53:22,229 [INFO] PluginManager:220 - loadIPPluginJar : add mdma
2024-11-04 14:53:22,237 [INFO] IPUIPlugin:80 - create IPUIPlugin
2024-11-04 14:53:22,238 [INFO] PluginManager:220 - loadIPPluginJar : add nvic
2024-11-04 14:53:22,266 [INFO] IPUIPlugin:80 - create IPUIPlugin
2024-11-04 14:53:22,266 [INFO] PluginManager:220 - loadIPPluginJar : add opamp
2024-11-04 14:53:22,310 [INFO] IPUIPlugin:80 - create IPUIPlugin
2024-11-04 14:53:22,310 [INFO] PluginManager:220 - loadIPPluginJar : add openamp
2024-11-04 14:53:22,343 [INFO] IPUIPlugin:80 - create IPUIPlugin
2024-11-04 14:53:22,343 [INFO] PluginManager:220 - loadIPPluginJar : add pdm2pcm
2024-11-04 14:53:22,355 [INFO] IPUIPlugin:80 - create IPUIPlugin
2024-11-04 14:53:22,357 [INFO] PluginManager:220 - loadIPPluginJar : add plateformsettings
2024-11-04 14:53:22,373 [INFO] IPUIPlugin:80 - create IPUIPlugin
2024-11-04 14:53:22,373 [INFO] PluginManager:220 - loadIPPluginJar : add quadspi
2024-11-04 14:53:22,392 [INFO] IPUIPlugin:80 - create IPUIPlugin
2024-11-04 14:53:22,392 [INFO] PluginManager:220 - loadIPPluginJar : add radio
2024-11-04 14:53:22,402 [INFO] IPUIPlugin:80 - create IPUIPlugin
2024-11-04 14:53:22,402 [INFO] PluginManager:220 - loadIPPluginJar : add resmgrutility
2024-11-04 14:53:22,440 [INFO] IPUIPlugin:80 - create IPUIPlugin
2024-11-04 14:53:22,440 [INFO] PluginManager:220 - loadIPPluginJar : add sai
2024-11-04 14:53:22,469 [INFO] IPUIPlugin:80 - create IPUIPlugin
2024-11-04 14:53:22,469 [INFO] PluginManager:220 - loadIPPluginJar : add spi
2024-11-04 14:53:22,526 [INFO] IPUIPlugin:80 - create IPUIPlugin
2024-11-04 14:53:22,526 [INFO] PluginManager:220 - loadIPPluginJar : add stm32_wpan
2024-11-04 14:53:22,551 [INFO] IPUIPlugin:80 - create IPUIPlugin
2024-11-04 14:53:22,552 [INFO] PluginManager:220 - loadIPPluginJar : add tim
2024-11-04 14:53:22,604 [INFO] IPUIPlugin:80 - create IPUIPlugin
2024-11-04 14:53:22,605 [INFO] PluginManager:220 - loadIPPluginJar : add touchsensing
2024-11-04 14:53:22,622 [INFO] IPUIPlugin:80 - create IPUIPlugin
2024-11-04 14:53:22,622 [INFO] PluginManager:220 - loadIPPluginJar : add tracer_emb
2024-11-04 14:53:22,639 [INFO] IPUIPlugin:80 - create IPUIPlugin
2024-11-04 14:53:22,639 [INFO] PluginManager:220 - loadIPPluginJar : add ts
2024-11-04 14:53:22,656 [INFO] IPUIPlugin:80 - create IPUIPlugin
2024-11-04 14:53:22,656 [INFO] PluginManager:220 - loadIPPluginJar : add tsc
2024-11-04 14:53:22,673 [INFO] IPUIPlugin:80 - create IPUIPlugin
2024-11-04 14:53:22,673 [INFO] PluginManager:220 - loadIPPluginJar : add ucpd
2024-11-04 14:53:22,709 [INFO] IPUIPlugin:80 - create IPUIPlugin
2024-11-04 14:53:22,710 [INFO] PluginManager:220 - loadIPPluginJar : add usart
2024-11-04 14:53:22,745 [INFO] IPUIPlugin:80 - create IPUIPlugin
2024-11-04 14:53:22,745 [INFO] PluginManager:220 - loadIPPluginJar : add usbx
2024-11-04 14:53:22,867 [INFO] CADModel:165 - CPN selected for project level
2024-11-04 14:53:22,867 [INFO] CADModel:114 - Register for checkConnection events
2024-11-04 14:53:22,867 [FATAL] Updater:334 - Updater called before beeing initialized
2024-11-04 14:53:22,867 [ERROR] CADModel:125 - Updater not yet initialized, retry later 
2024-11-04 14:53:22,983 [INFO] CADModel:165 - CPN selected for project level
2024-11-04 14:53:22,983 [INFO] CADModel:114 - Register for checkConnection events
2024-11-04 14:53:22,983 [FATAL] Updater:334 - Updater called before beeing initialized
2024-11-04 14:53:22,983 [ERROR] CADModel:125 - Updater not yet initialized, retry later 
2024-11-04 14:53:22,985 [FATAL] Updater:334 - Updater called before beeing initialized
2024-11-04 14:53:23,084 [FATAL] Updater:334 - Updater called before beeing initialized
2024-11-04 14:53:23,094 [INFO] DbMcusAds:53 - JSON generation date=Fri Sep 20 10:04:38 ART 2024 (1726837478367)
2024-11-04 14:53:23,094 [FATAL] Updater:334 - Updater called before beeing initialized
2024-11-04 14:53:23,127 [WARN] DetailPanel:346 - Failed to get advertising image, set to default
2024-11-04 14:53:23,209 [FATAL] Updater:334 - Updater called before beeing initialized
2024-11-04 14:53:23,210 [FATAL] Updater:334 - Updater called before beeing initialized
2024-11-04 14:53:23,210 [FATAL] Updater:334 - Updater called before beeing initialized
2024-11-04 14:53:23,210 [WARN] DetailPanel:346 - Failed to get advertising image, set to default
2024-11-04 14:53:23,211 [FATAL] Updater:334 - Updater called before beeing initialized
2024-11-04 14:53:23,265 [ERROR] Updater:1164 - MainUpdater not yet initialized. External WinMGr cannot be set.
2024-11-04 14:53:23,274 [INFO] Updater:1100 - Updater Version found : 6.12.1
2024-11-04 14:53:23,286 [INFO] ApplicationProperties:184 - Using Application install path: C:\ST\STM32CubeIDE_1.16.1\STM32CubeIDE\plugins\com.st.stm32cube.common.mx_6.12.1.202409122256
2024-11-04 14:53:23,843 [INFO] ThirdPartyUpdaterWithRetryManager:70 - Updater plugin not ready yet. [2/15]
2024-11-04 14:53:24,865 [ERROR] LogOutputStream:75 - [STDERR_REDIRECT] Nov 04, 2024 2:53:24 PM java.util.prefs.WindowsPreferences <init>
2024-11-04 14:53:24,866 [ERROR] LogOutputStream:75 - [STDERR_REDIRECT] WARNING: Could not open/create prefs root node Software\JavaSoft\Prefs at root 0xffffffff80000002. Windows RegCreateKeyEx(...) returned error code 5.
2024-11-04 14:53:24,866 [ERROR] LogOutputStream:75 - [STDERR_REDIRECT] 
2024-11-04 14:53:25,208 [INFO] MainUpdater:2873 - connection check result : 10
2024-11-04 14:53:25,209 [INFO] MainUpdater:290 - Updater Check For Update Now.
2024-11-04 14:53:25,209 [INFO] MicroXplorer:498 - Change Database Version : DB.6.0.121
2024-11-04 14:53:25,231 [INFO] McuFinderGlobals:63 - Set McuFinder mode to 2 (CubeIDE integrated)
2024-11-04 14:53:25,238 [INFO] UserAuth:417 - Internet connection configuration mode: 1
2024-11-04 14:53:25,262 [INFO] JxBrowserEngine:152 - Initiate JxBrowser Engine with user profile folder
2024-11-04 14:53:25,456 [INFO] CheckServerUpdateThread:120 - End of CheckServer Thread
2024-11-04 14:53:27,046 [WARN] PackLoader:240 - Cannot read IP mode file for STMicroelectronics.X-CUBE-SMBUS.2.1.0
2024-11-04 14:53:27,079 [WARN] PackLoader:240 - Cannot read IP mode file for STMicroelectronics.X-CUBE-WB05N.1.1.0
2024-11-04 14:53:27,095 [WARN] PackLoader:240 - Cannot read IP mode file for STMicroelectronics.X-CUBE-TOUCHGFX.4.23.2
2024-11-04 14:53:27,145 [WARN] PackLoader:240 - Cannot read IP mode file for STMicroelectronics.X-CUBE-AZRTOS-F7.1.1.0
2024-11-04 14:53:27,251 [WARN] PackLoader:240 - Cannot read IP mode file for STMicroelectronics.X-CUBE-MEMS1.11.0.0
2024-11-04 14:53:27,418 [WARN] PackLoader:240 - Cannot read IP mode file for STMicroelectronics.FP-SNS-FLIGHT1.5.0.2
2024-11-04 14:53:27,438 [WARN] PackLoader:240 - Cannot read IP mode file for STMicroelectronics.X-CUBE-DISPLAY.3.0.0
2024-11-04 14:53:27,456 [WARN] PackLoader:240 - Cannot read IP mode file for STMicroelectronics.X-CUBE-BLE1.7.0.0
2024-11-04 14:53:27,472 [WARN] PackLoader:240 - Cannot read IP mode file for STMicroelectronics.X-CUBE-NFC10.1.0.0
2024-11-04 14:53:27,488 [WARN] PackLoader:240 - Cannot read IP mode file for emotas.I-CUBE-CANOPEN.1.3.0
2024-11-04 14:53:27,521 [WARN] PackLoader:240 - Cannot read IP mode file for STMicroelectronics.X-CUBE-BLEMGR.3.1.0
2024-11-04 14:53:27,543 [WARN] PackLoader:240 - Cannot read IP mode file for STMicroelectronics.FP-SNS-SMARTAG2.1.2.0
2024-11-04 14:53:27,562 [INFO] LogOutputStream:77 - [STDOUT_REDIRECT] 1 : Invalid condition id : UX_CORESTACK_Condition cause : null
2024-11-04 14:53:27,562 [INFO] LogOutputStream:77 - [STDOUT_REDIRECT] 1 : Invalid condition id : UX_CORESTACK_Condition cause : null
2024-11-04 14:53:27,563 [INFO] LogOutputStream:77 - [STDOUT_REDIRECT] 1 : Invalid condition id : UX_CORESTACK_Condition cause : null
2024-11-04 14:53:27,566 [INFO] LogOutputStream:77 - [STDOUT_REDIRECT] 1 : Invalid condition id : UX_CORESTACK_Condition cause : null
2024-11-04 14:53:27,567 [INFO] LogOutputStream:77 - [STDOUT_REDIRECT] 1 : Invalid condition id : UX_CORESTACK_Condition cause : null
2024-11-04 14:53:27,569 [WARN] PackLoader:240 - Cannot read IP mode file for STMicroelectronics.X-CUBE-AZRTOS-WL.2.0.0
2024-11-04 14:53:27,583 [WARN] PackLoader:240 - Cannot read IP mode file for wolfSSL.I-CUBE-wolfMQTT.1.19.0
2024-11-04 14:53:27,598 [WARN] PackLoader:240 - Cannot read IP mode file for WES.I-CUBE-Cesium.1.3.0
2024-11-04 14:53:27,612 [WARN] PackLoader:240 - Cannot read IP mode file for STMicroelectronics.X-CUBE-BLE2.3.3.0
2024-11-04 14:53:27,626 [WARN] PackLoader:240 - Cannot read IP mode file for STMicroelectronics.X-CUBE-NFC9.1.0.0
2024-11-04 14:53:27,643 [WARN] PackLoader:240 - Cannot read IP mode file for STMicroelectronics.X-CUBE-ALGOBUILD.1.3.0
2024-11-04 14:53:27,676 [WARN] PackLoader:240 - Cannot read IP mode file for STMicroelectronics.X-CUBE-AZRTOS-G0.1.1.0
2024-11-04 14:53:27,693 [WARN] PackLoader:240 - Cannot read IP mode file for STMicroelectronics.X-CUBE-NFC4.3.0.0
2024-11-04 14:53:27,712 [WARN] PackLoader:240 - Cannot read IP mode file for EmbeddedOffice.I-CUBE-FS-RTOS.1.0.1
2024-11-04 14:53:27,713 [ERROR] ConditionMgr:805 - Attr not supported : Dmpu
2024-11-04 14:53:27,713 [ERROR] ConditionMgr:805 - Attr not supported : Dmpu
2024-11-04 14:53:27,713 [ERROR] ConditionMgr:805 - Attr not supported : Dmpu
2024-11-04 14:53:27,713 [ERROR] ConditionMgr:805 - Attr not supported : Dmpu
2024-11-04 14:53:27,713 [ERROR] ConditionMgr:805 - Attr not supported : Dmpu
2024-11-04 14:53:27,713 [ERROR] ConditionMgr:805 - Attr not supported : Dmpu
2024-11-04 14:53:27,713 [ERROR] ConditionMgr:805 - Attr not supported : Dmpu
2024-11-04 14:53:27,713 [ERROR] ConditionMgr:805 - Attr not supported : Dmpu
2024-11-04 14:53:27,713 [ERROR] ConditionMgr:805 - Attr not supported : Dmpu
2024-11-04 14:53:27,713 [ERROR] ConditionMgr:805 - Attr not supported : Dmpu
2024-11-04 14:53:27,713 [ERROR] ConditionMgr:805 - Attr not supported : Dmpu
2024-11-04 14:53:27,713 [ERROR] ConditionMgr:805 - Attr not supported : Dmpu
2024-11-04 14:53:27,713 [ERROR] ConditionMgr:805 - Attr not supported : Dmpu
2024-11-04 14:53:27,713 [ERROR] ConditionMgr:805 - Attr not supported : Dmpu
2024-11-04 14:53:27,713 [ERROR] ConditionMgr:805 - Attr not supported : Dmpu
2024-11-04 14:53:27,714 [ERROR] ConditionMgr:805 - Attr not supported : Dmpu
2024-11-04 14:53:27,714 [ERROR] ConditionMgr:805 - Attr not supported : Dmpu
2024-11-04 14:53:27,714 [ERROR] ConditionMgr:805 - Attr not supported : Dmpu
2024-11-04 14:53:27,714 [ERROR] ConditionMgr:805 - Attr not supported : Dmpu
2024-11-04 14:53:27,714 [ERROR] ConditionMgr:805 - Attr not supported : Dmpu
2024-11-04 14:53:27,714 [ERROR] ConditionMgr:805 - Attr not supported : Dmpu
2024-11-04 14:53:27,714 [ERROR] ConditionMgr:805 - Attr not supported : Dmpu
2024-11-04 14:53:27,714 [ERROR] ConditionMgr:805 - Attr not supported : Dmpu
2024-11-04 14:53:27,714 [ERROR] ConditionMgr:805 - Attr not supported : Dmpu
2024-11-04 14:53:27,714 [ERROR] ConditionMgr:805 - Attr not supported : Dmpu
2024-11-04 14:53:27,714 [ERROR] ConditionMgr:805 - Attr not supported : Dmpu
2024-11-04 14:53:27,714 [ERROR] ConditionMgr:805 - Attr not supported : Dmpu
2024-11-04 14:53:27,714 [ERROR] ConditionMgr:805 - Attr not supported : Dmpu
2024-11-04 14:53:27,714 [ERROR] ConditionMgr:805 - Attr not supported : Dmpu
2024-11-04 14:53:27,714 [ERROR] ConditionMgr:805 - Attr not supported : Dmpu
2024-11-04 14:53:27,714 [ERROR] ConditionMgr:805 - Attr not supported : Dmpu
2024-11-04 14:53:27,714 [ERROR] ConditionMgr:805 - Attr not supported : Dmpu
2024-11-04 14:53:27,714 [ERROR] ConditionMgr:805 - Attr not supported : Dmpu
2024-11-04 14:53:27,716 [ERROR] ConditionMgr:805 - Attr not supported : Dmpu
2024-11-04 14:53:27,716 [ERROR] ConditionMgr:805 - Attr not supported : Dmpu
2024-11-04 14:53:27,716 [ERROR] ConditionMgr:805 - Attr not supported : Dmpu
2024-11-04 14:53:27,716 [ERROR] ConditionMgr:805 - Attr not supported : Dmpu
2024-11-04 14:53:27,716 [ERROR] ConditionMgr:805 - Attr not supported : Dmpu
2024-11-04 14:53:27,716 [ERROR] ConditionMgr:805 - Attr not supported : Dmpu
2024-11-04 14:53:27,716 [ERROR] ConditionMgr:805 - Attr not supported : Dmpu
2024-11-04 14:53:27,716 [ERROR] ConditionMgr:805 - Attr not supported : Dmpu
2024-11-04 14:53:27,716 [ERROR] ConditionMgr:805 - Attr not supported : Dmpu
2024-11-04 14:53:27,716 [ERROR] ConditionMgr:805 - Attr not supported : Dmpu
2024-11-04 14:53:27,716 [ERROR] ConditionMgr:805 - Attr not supported : Dmpu
2024-11-04 14:53:27,716 [ERROR] ConditionMgr:805 - Attr not supported : Dmpu
2024-11-04 14:53:27,716 [ERROR] ConditionMgr:805 - Attr not supported : Dmpu
2024-11-04 14:53:27,717 [ERROR] ConditionMgr:805 - Attr not supported : Dmpu
2024-11-04 14:53:27,717 [ERROR] ConditionMgr:805 - Attr not supported : Dmpu
2024-11-04 14:53:27,717 [ERROR] ConditionMgr:805 - Attr not supported : Dmpu
2024-11-04 14:53:27,717 [ERROR] ConditionMgr:805 - Attr not supported : Dmpu
2024-11-04 14:53:27,717 [ERROR] ConditionMgr:805 - Attr not supported : Dmpu
2024-11-04 14:53:27,717 [ERROR] ConditionMgr:805 - Attr not supported : Dmpu
2024-11-04 14:53:27,717 [ERROR] ConditionMgr:805 - Attr not supported : Dmpu
2024-11-04 14:53:27,717 [ERROR] ConditionMgr:805 - Attr not supported : Dmpu
2024-11-04 14:53:27,717 [ERROR] ConditionMgr:805 - Attr not supported : Dmpu
2024-11-04 14:53:27,717 [ERROR] ConditionMgr:805 - Attr not supported : Dmpu
2024-11-04 14:53:27,717 [ERROR] ConditionMgr:805 - Attr not supported : Dmpu
2024-11-04 14:53:27,717 [ERROR] ConditionMgr:805 - Attr not supported : Dmpu
2024-11-04 14:53:27,717 [ERROR] ConditionMgr:805 - Attr not supported : Dmpu
2024-11-04 14:53:27,717 [ERROR] ConditionMgr:805 - Attr not supported : Dmpu
2024-11-04 14:53:27,718 [ERROR] ConditionMgr:805 - Attr not supported : Dmpu
2024-11-04 14:53:27,718 [ERROR] ConditionMgr:805 - Attr not supported : Dmpu
2024-11-04 14:53:27,718 [ERROR] ConditionMgr:805 - Attr not supported : Dmpu
2024-11-04 14:53:27,718 [ERROR] ConditionMgr:805 - Attr not supported : Dmpu
2024-11-04 14:53:27,730 [WARN] PackLoader:240 - Cannot read IP mode file for RealThread.X-CUBE-RT-Thread_Nano.4.1.1
2024-11-04 14:53:27,742 [WARN] PackLoader:240 - Cannot read IP mode file for STMicroelectronics.FP-ATR-SIGFOX1.3.2.0
2024-11-04 14:53:27,754 [WARN] PackLoader:240 - Cannot read IP mode file for wolfSSL.I-CUBE-wolfSSL.5.7.2
2024-11-04 14:53:27,767 [WARN] PackLoader:240 - Cannot read IP mode file for STMicroelectronics.X-CUBE-EEPRMA1.5.1.0
2024-11-04 14:53:27,784 [WARN] PackLoader:240 - Cannot read IP mode file for ITTIA_DB.I-CUBE-ITTIADB.8.9.0
2024-11-04 14:53:27,829 [WARN] PackLoader:240 - Cannot read IP mode file for SEGGER.I-CUBE-embOS.1.3.1
2024-11-04 14:53:27,877 [WARN] PackLoader:240 - Cannot read IP mode file for STMicroelectronics.X-CUBE-ALGOBUILD.1.4.0
2024-11-04 14:53:27,889 [WARN] PackLoader:240 - Cannot read IP mode file for STMicroelectronics.X-CUBE-AI.9.1.0
2024-11-04 14:53:27,901 [WARN] PackLoader:240 - Cannot read IP mode file for STMicroelectronics.X-CUBE-GNSS1.6.0.0
2024-11-04 14:53:27,923 [WARN] PackLoader:240 - Cannot read IP mode file for STMicroelectronics.X-CUBE-AZRTOS-F4.1.1.0
2024-11-04 14:53:27,937 [WARN] PackLoader:240 - Cannot read IP mode file for STMicroelectronics.X-CUBE-ISPU.2.1.0
2024-11-04 14:53:27,965 [WARN] PackLoader:240 - Cannot read IP mode file for STMicroelectronics.X-CUBE-AZRTOS-L5.2.0.0
2024-11-04 14:53:27,979 [WARN] PackLoader:240 - Cannot read IP mode file for STMicroelectronics.X-CUBE-DPower.1.2.0
2024-11-04 14:53:27,989 [WARN] PackLoader:240 - Cannot read IP mode file for STMicroelectronics.X-CUBE-AI.9.0.0
2024-11-04 14:53:28,000 [WARN] PackLoader:240 - Cannot read IP mode file for STMicroelectronics.X-CUBE-NFC7.1.0.1
2024-11-04 14:53:28,030 [WARN] ConditionMgr:438 - getConditionDescription Invalid condition id : LAN8742 Phy interface Condition cause : null
2024-11-04 14:53:28,030 [WARN] PackLoader:240 - Cannot read IP mode file for STMicroelectronics.X-CUBE-AZRTOS-L4.2.0.0
2024-11-04 14:53:28,032 [WARN] ConditionMgr:1039 - genDependencies : Invalid condition id : LAN8742 Phy interface Condition cause : null
2024-11-04 14:53:28,032 [WARN] ConditionMgr:1039 - genDependencies : Invalid condition id : LAN8742 Phy interface Condition cause : null
2024-11-04 14:53:28,032 [WARN] ConditionMgr:1039 - genDependencies : Invalid condition id : LAN8742 Phy interface Condition cause : null
2024-11-04 14:53:28,047 [WARN] PackLoader:240 - Cannot read IP mode file for STMicroelectronics.X-CUBE-SFXS2LP1.4.0.0
2024-11-04 14:53:28,083 [WARN] PackLoader:240 - Cannot read IP mode file for STMicroelectronics.X-CUBE-AZRTOS-H7.3.3.0
2024-11-04 14:53:28,105 [WARN] PackLoader:240 - Cannot read IP mode file for STMicroelectronics.X-CUBE-IPS.3.0.0
2024-11-04 14:53:28,130 [WARN] ConditionMgr:438 - getConditionDescription Invalid condition id : UX DEVICE CLASS RTOS Condition cause : null
2024-11-04 14:53:28,130 [WARN] ConditionMgr:438 - getConditionDescription Invalid condition id : UX DEVICE CLASS RTOS Condition cause : null
2024-11-04 14:53:28,132 [WARN] PackLoader:240 - Cannot read IP mode file for STMicroelectronics.X-CUBE-AZRTOS-WB.2.0.0
2024-11-04 14:53:28,132 [WARN] ConditionMgr:1039 - genDependencies : Invalid condition id : UX DEVICE CLASS RTOS Condition cause : null
2024-11-04 14:53:28,132 [WARN] ConditionMgr:1039 - genDependencies : Invalid condition id : UX DEVICE CLASS RTOS Condition cause : null
2024-11-04 14:53:28,133 [WARN] ConditionMgr:1039 - genDependencies : Invalid condition id : UX DEVICE CLASS RTOS Condition cause : null
2024-11-04 14:53:28,133 [WARN] ConditionMgr:1039 - genDependencies : Invalid condition id : UX DEVICE CLASS RTOS Condition cause : null
2024-11-04 14:53:28,133 [WARN] ConditionMgr:1039 - genDependencies : Invalid condition id : UX DEVICE CLASS RTOS Condition cause : null
2024-11-04 14:53:28,143 [WARN] PackLoader:240 - Cannot read IP mode file for STMicroelectronics.X-CUBE-GNSS1.7.0.0
2024-11-04 14:53:28,157 [WARN] PackLoader:240 - Cannot read IP mode file for STMicroelectronics.FP-SNS-STBOX1.2.0.0
2024-11-04 14:53:28,175 [WARN] PackLoader:240 - Cannot read IP mode file for STMicroelectronics.X-CUBE-SUBG2.5.0.0
2024-11-04 14:53:28,200 [WARN] PackLoader:240 - Cannot read IP mode file for STMicroelectronics.X-CUBE-AZRTOS-G4.2.0.0
2024-11-04 14:53:28,211 [WARN] PackLoader:240 - Cannot read IP mode file for STMicroelectronics.X-CUBE-ISPU.2.0.0
2024-11-04 14:53:28,221 [WARN] PackLoader:240 - Cannot read IP mode file for STMicroelectronics.X-CUBE-ALS.1.0.2
2024-11-04 14:53:28,268 [WARN] PackLoader:240 - Cannot read IP mode file for STMicroelectronics.X-CUBE-MEMS1.10.0.0
2024-11-04 14:53:28,368 [WARN] PackLoader:240 - Cannot read IP mode file for STMicroelectronics.X-CUBE-TOUCHGFX.4.24.0
2024-11-04 14:53:28,379 [WARN] PackLoader:240 - Cannot read IP mode file for STMicroelectronics.X-CUBE-TOUCHGFX.4.24.1
2024-11-04 14:53:28,388 [WARN] PackLoader:240 - Cannot read IP mode file for wolfSSL.I-CUBE-wolfTPM.3.4.0
2024-11-04 14:53:28,401 [WARN] PackLoader:240 - Cannot read IP mode file for portGmbH.I-Cube-SoM-uGOAL.1.1.0
2024-11-04 14:53:28,410 [WARN] PackLoader:240 - Cannot read IP mode file for STMicroelectronics.X-CUBE-ALS.1.0.1
2024-11-04 14:53:28,420 [WARN] PackLoader:240 - Cannot read IP mode file for STMicroelectronics.FP-ATR-ASTRA1.2.0.0
2024-11-04 14:53:28,437 [WARN] PackLoader:240 - Cannot read IP mode file for STMicroelectronics.X-CUBE-TOF1.3.4.2
2024-11-04 14:53:28,463 [WARN] PackLoader:240 - Cannot read IP mode file for STMicroelectronics.X-CUBE-TOF1.3.4.1
2024-11-04 14:53:28,499 [WARN] PackLoader:240 - Cannot read IP mode file for STMicroelectronics.X-CUBE-AZRTOS-H7.3.2.0
2024-11-04 14:53:28,522 [WARN] PackLoader:240 - Cannot read IP mode file for Infineon.AIROC-Wi-Fi-Bluetooth-STM32.1.6.0
2024-11-04 14:53:28,534 [WARN] PackLoader:240 - Cannot read IP mode file for wolfSSL.I-CUBE-wolfSSH.1.4.17
2024-11-04 14:53:28,534 [INFO] ThirdParty:978 - Integrity check success = true
2024-11-04 14:53:28,534 [INFO] IntegrityCheckThread:100 - exiting critical section [integrity check]
2024-11-04 14:53:28,534 [INFO] IntegrityCheckThread:103 - End integrity checks thread
2024-11-04 14:53:30,489 [INFO] WebApp:167 - Instantiating new browser for Auth
2024-11-04 14:53:31,194 [INFO] WebApp:448 - Apply proxy settings
2024-11-04 14:53:31,194 [INFO] WebApp:533 - Chromium requires no authentication
2024-11-04 14:53:31,202 [INFO] WebApp:476 - Direct internet connection detected
2024-11-04 14:53:31,223 [INFO] WebApp:869 - Register for checkConnection events
2024-11-04 14:53:31,223 [INFO] WebApp:448 - Apply proxy settings
2024-11-04 14:53:31,223 [INFO] WebApp:533 - Chromium requires no authentication
2024-11-04 14:53:31,224 [INFO] WebApp:476 - Direct internet connection detected
2024-11-04 14:53:31,374 [INFO] WebApp:220 - Starting web application
2024-11-04 14:53:31,374 [INFO] WebApp:578 - Web application path used C:\ST\STM32CubeIDE_1.16.1\STM32CubeIDE\plugins\com.st.stm32cube.common.mx_6.12.1.202409122256\db\plugins\mcufinder\reactClient1\index.html
2024-11-04 14:53:31,484 [INFO] WebApp:186 - Connection restablished
2024-11-04 14:53:31,539 [INFO] UserAuth:417 - Internet connection configuration mode: 1
2024-11-04 15:21:02,543 [INFO] WebApp:189 - Connection lost
2024-11-04 15:21:02,711 [INFO] WebApp:186 - Connection restablished
2024-11-04 15:22:27,060 [INFO] WebApp:189 - Connection lost
2024-11-04 15:22:27,219 [INFO] WebApp:186 - Connection restablished
2024-11-04 15:33:36,711 [ERROR] LogOutputStream:75 - [STDERR_REDIRECT] 
2024-11-04 15:33:36,711 [ERROR] LogOutputStream:75 - [STDERR_REDIRECT] 
