2024-11-10 08:20:23,050 [INFO] WebApp:189 - Connection lost
2024-11-10 08:20:23,505 [INFO] WebApp:186 - Connection restablished
2024-11-10 08:20:25,106 [INFO] WebApp:189 - Connection lost
2024-11-10 08:20:25,455 [INFO] WebApp:186 - Connection restablished
2024-11-10 08:20:29,538 [INFO] WebApp:189 - Connection lost
2024-11-10 08:20:29,653 [INFO] WebApp:186 - Connection restablished
2024-11-10 08:22:34,983 [INFO] UtilMem:75 - End SaveConfig() Used Memory: 718387280 Bytes (1073741824)
2024-11-10 08:22:35,166 [INFO] BlockDiagram:2766 - set Specific Code input for plugin: LPTIM
2024-11-10 08:22:35,166 [INFO] BlockDiagram:2766 - set Specific Code input for plugin: LPTIM
2024-11-10 08:22:35,166 [INFO] BlockDiagram:2766 - set Specific Code input for plugin: SPI
2024-11-10 08:22:35,166 [INFO] BlockDiagram:2766 - set Specific Code input for plugin: PWR
2024-11-10 08:22:35,166 [INFO] BlockDiagram:2766 - set Specific Code input for plugin: flash
2024-11-10 08:22:35,166 [INFO] BlockDiagram:2766 - set Specific Code input for plugin: RCC
2024-11-10 08:22:35,166 [INFO] BlockDiagram:2766 - set Specific Code input for plugin: RTC
2024-11-10 08:22:35,166 [INFO] BlockDiagram:2766 - set Specific Code input for plugin: USART
2024-11-10 08:22:35,166 [INFO] BlockDiagram:2766 - set Specific Code input for plugin: LPTIM
2024-11-10 08:22:35,166 [INFO] BlockDiagram:2766 - set Specific Code input for plugin: ThreadX
2024-11-10 08:22:35,166 [INFO] BlockDiagram:2766 - set Specific Code input for plugin: MEMORYMAP
2024-11-10 08:22:35,166 [INFO] BlockDiagram:2766 - set Specific Code input for plugin: SYS
2024-11-10 08:22:35,166 [INFO] BlockDiagram:2766 - set Specific Code input for plugin: LPBAM
2024-11-10 08:22:35,166 [INFO] BlockDiagram:2766 - set Specific Code input for plugin: NVIC
2024-11-10 08:22:35,166 [INFO] BlockDiagram:2766 - set Specific Code input for plugin: ICACHE
2024-11-10 08:22:35,166 [INFO] BlockDiagram:2766 - set Specific Code input for plugin: DEBUG
2024-11-10 08:22:35,167 [INFO] BlockDiagram:2766 - set Specific Code input for plugin: GPIO
2024-11-10 08:22:35,167 [INFO] BlockDiagram:2766 - set Specific Code input for plugin: LPBAMQUEUE
2024-11-10 08:22:35,167 [INFO] BlockDiagram:2766 - set Specific Code input for plugin: CORTEX_M33_NS
2024-11-10 08:22:35,168 [INFO] CodeGenerator:807 - code generatio: config db path: C:\ST\STM32CubeIDE_1.16.1\STM32CubeIDE\plugins\com.st.stm32cube.common.mx_6.12.1.202409122256\\db\
2024-11-10 08:22:35,177 [WARN] IP:2191 - UserConfigCondition not found: check if there is a RefParameter without a condition.
2024-11-10 08:22:35,177 [WARN] IP:2191 - OB_SWAP_BANK_UI not found: check if there is a RefParameter without a condition.
2024-11-10 08:22:35,177 [WARN] IP:2191 - OB_DBANK_UI not found: check if there is a RefParameter without a condition.
2024-11-10 08:22:35,177 [WARN] IP:2191 - OB_SRAM3_ECC_UI not found: check if there is a RefParameter without a condition.
2024-11-10 08:22:35,209 [WARN] IP:2191 - SRAM5PowerDownInRunMode not found: check if there is a RefParameter without a condition.
2024-11-10 08:22:35,209 [WARN] IP:2191 - SRAM6PowerDownInRunMode not found: check if there is a RefParameter without a condition.
2024-11-10 08:22:35,209 [WARN] IP:2191 - RAM1Page4PowerDownInStopMode not found: check if there is a RefParameter without a condition.
2024-11-10 08:22:35,209 [WARN] IP:2191 - RAM1Page5PowerDownInStopMode not found: check if there is a RefParameter without a condition.
2024-11-10 08:22:35,209 [WARN] IP:2191 - RAM1Page6PowerDownInStopMode not found: check if there is a RefParameter without a condition.
2024-11-10 08:22:35,209 [WARN] IP:2191 - RAM1Page7PowerDownInStopMode not found: check if there is a RefParameter without a condition.
2024-11-10 08:22:35,209 [WARN] IP:2191 - RAM1Page8PowerDownInStopMode not found: check if there is a RefParameter without a condition.
2024-11-10 08:22:35,209 [WARN] IP:2191 - RAM1Page9PowerDownInStopMode not found: check if there is a RefParameter without a condition.
2024-11-10 08:22:35,209 [WARN] IP:2191 - RAM1Page10PowerDownInStopMode not found: check if there is a RefParameter without a condition.
2024-11-10 08:22:35,209 [WARN] IP:2191 - RAM1Page11PowerDownInStopMode not found: check if there is a RefParameter without a condition.
2024-11-10 08:22:35,209 [WARN] IP:2191 - RAM1Page12PowerDownInStopMode not found: check if there is a RefParameter without a condition.
2024-11-10 08:22:35,210 [WARN] IP:2191 - RAM3Page9PowerDownInStopMode not found: check if there is a RefParameter without a condition.
2024-11-10 08:22:35,210 [WARN] IP:2191 - RAM3Page10PowerDownInStopMode not found: check if there is a RefParameter without a condition.
2024-11-10 08:22:35,210 [WARN] IP:2191 - RAM3Page11PowerDownInStopMode not found: check if there is a RefParameter without a condition.
2024-11-10 08:22:35,210 [WARN] IP:2191 - RAM3Page12PowerDownInStopMode not found: check if there is a RefParameter without a condition.
2024-11-10 08:22:35,210 [WARN] IP:2191 - RAM3Page13PowerDownInStopMode not found: check if there is a RefParameter without a condition.
2024-11-10 08:22:35,210 [WARN] IP:2191 - RAM5Page1PowerDownInStopMode not found: check if there is a RefParameter without a condition.
2024-11-10 08:22:35,210 [WARN] IP:2191 - RAM5Page2PowerDownInStopMode not found: check if there is a RefParameter without a condition.
2024-11-10 08:22:35,210 [WARN] IP:2191 - RAM5Page3PowerDownInStopMode not found: check if there is a RefParameter without a condition.
2024-11-10 08:22:35,210 [WARN] IP:2191 - RAM5Page4PowerDownInStopMode not found: check if there is a RefParameter without a condition.
2024-11-10 08:22:35,210 [WARN] IP:2191 - RAM5Page5PowerDownInStopMode not found: check if there is a RefParameter without a condition.
2024-11-10 08:22:35,210 [WARN] IP:2191 - RAM5Page6PowerDownInStopMode not found: check if there is a RefParameter without a condition.
2024-11-10 08:22:35,210 [WARN] IP:2191 - RAM5Page7PowerDownInStopMode not found: check if there is a RefParameter without a condition.
2024-11-10 08:22:35,210 [WARN] IP:2191 - RAM5Page8PowerDownInStopMode not found: check if there is a RefParameter without a condition.
2024-11-10 08:22:35,210 [WARN] IP:2191 - RAM5Page9PowerDownInStopMode not found: check if there is a RefParameter without a condition.
2024-11-10 08:22:35,210 [WARN] IP:2191 - RAM5Page10PowerDownInStopMode not found: check if there is a RefParameter without a condition.
2024-11-10 08:22:35,210 [WARN] IP:2191 - RAM5Page11PowerDownInStopMode not found: check if there is a RefParameter without a condition.
2024-11-10 08:22:35,210 [WARN] IP:2191 - RAM5Page12PowerDownInStopMode not found: check if there is a RefParameter without a condition.
2024-11-10 08:22:35,210 [WARN] IP:2191 - RAM5Page13PowerDownInStopMode not found: check if there is a RefParameter without a condition.
2024-11-10 08:22:35,210 [WARN] IP:2191 - Dcache2PowerDownInStopMode not found: check if there is a RefParameter without a condition.
2024-11-10 08:22:35,210 [WARN] IP:2191 - GRAPHICPRAMPowerDownInStopMode not found: check if there is a RefParameter without a condition.
2024-11-10 08:22:35,210 [WARN] IP:2191 - DSIRAMPowerDownInStopMode not found: check if there is a RefParameter without a condition.
2024-11-10 08:22:35,281 [WARN] IP:2191 - OutPut1 not found: check if there is a RefParameter without a condition.
2024-11-10 08:22:35,281 [WARN] IP:2191 - OutPut2 not found: check if there is a RefParameter without a condition.
2024-11-10 08:22:35,281 [WARN] IP:2191 - OutPut3 not found: check if there is a RefParameter without a condition.
2024-11-10 08:22:35,281 [WARN] IP:2191 - BinMixBcdU not found: check if there is a RefParameter without a condition.
2024-11-10 08:22:35,281 [WARN] IP:2191 - SSRU_Underflow_Interrupt not found: check if there is a RefParameter without a condition.
2024-11-10 08:22:35,281 [WARN] IP:2191 - rtcSecureFull not found: check if there is a RefParameter without a condition.
2024-11-10 08:22:35,281 [WARN] IP:2191 - rtcNonSecureFeatures not found: check if there is a RefParameter without a condition.
2024-11-10 08:22:35,281 [WARN] IP:2191 - RTC_NONSECURE_FEATURE_NONE not found: check if there is a RefParameter without a condition.
2024-11-10 08:22:35,282 [WARN] IP:2191 - RTC_NONSECURE_FEATURE_INIT not found: check if there is a RefParameter without a condition.
2024-11-10 08:22:35,282 [WARN] IP:2191 - RTC_NONSECURE_FEATURE_ALRA not found: check if there is a RefParameter without a condition.
2024-11-10 08:22:35,282 [WARN] IP:2191 - RTC_NONSECURE_FEATURE_ALRB not found: check if there is a RefParameter without a condition.
2024-11-10 08:22:35,282 [WARN] IP:2191 - RTC_NONSECURE_FEATURE_TS not found: check if there is a RefParameter without a condition.
2024-11-10 08:22:35,282 [WARN] IP:2191 - RTC_NONSECURE_FEATURE_CAL not found: check if there is a RefParameter without a condition.
2024-11-10 08:22:35,282 [WARN] IP:2191 - RTC_NONSECURE_FEATURE_WUT not found: check if there is a RefParameter without a condition.
2024-11-10 08:22:35,282 [WARN] IP:2191 - Sec_BKP_Registers1 not found: check if there is a RefParameter without a condition.
2024-11-10 08:22:35,282 [WARN] IP:2191 - backupRegisterStartZone2_gS not found: check if there is a RefParameter without a condition.
2024-11-10 08:22:35,282 [WARN] IP:2191 - backupRegisterStartZone3_gS not found: check if there is a RefParameter without a condition.
2024-11-10 08:22:35,289 [WARN] IP:2191 - TX_APP_CREATION not found: check if there is a RefParameter without a condition.
2024-11-10 08:22:35,289 [WARN] IP:2191 - TX_APP_THREAD_ENTRY not found: check if there is a RefParameter without a condition.
2024-11-10 08:22:35,289 [WARN] IP:2191 - TX_APP_THREAD_NAME not found: check if there is a RefParameter without a condition.
2024-11-10 08:22:35,289 [WARN] IP:2191 - TX_APP_THREAD_PRIO not found: check if there is a RefParameter without a condition.
2024-11-10 08:22:35,289 [WARN] IP:2191 - TX_APP_STACK_SIZE not found: check if there is a RefParameter without a condition.
2024-11-10 08:22:35,289 [WARN] IP:2191 - TX_APP_SEM_CREATION not found: check if there is a RefParameter without a condition.
2024-11-10 08:22:35,289 [WARN] IP:2191 - TX_SEMAPHORE_NAME not found: check if there is a RefParameter without a condition.
2024-11-10 08:22:35,289 [WARN] IP:2191 - TX_SEMAPHORE_COUNT not found: check if there is a RefParameter without a condition.
2024-11-10 08:22:35,289 [WARN] IP:2191 - TX_APP_MUTEX_CREATION not found: check if there is a RefParameter without a condition.
2024-11-10 08:22:35,289 [WARN] IP:2191 - TX_MUTEX_NAME not found: check if there is a RefParameter without a condition.
2024-11-10 08:22:35,289 [WARN] IP:2191 - TX_MUTEX_INHERITANCE not found: check if there is a RefParameter without a condition.
2024-11-10 08:22:35,289 [WARN] IP:2191 - TX_APP_MSG_QUEUE_CREATION not found: check if there is a RefParameter without a condition.
2024-11-10 08:22:35,289 [WARN] IP:2191 - TX_MSG_QUEUE_NAME not found: check if there is a RefParameter without a condition.
2024-11-10 08:22:35,289 [WARN] IP:2191 - TX_MSG_SIZE_WORDS not found: check if there is a RefParameter without a condition.
2024-11-10 08:22:35,289 [WARN] IP:2191 - TX_NB_MSG not found: check if there is a RefParameter without a condition.
2024-11-10 08:22:35,290 [WARN] IP:2191 - TX_BASEPRI_VALUE not found: check if there is a RefParameter without a condition.
2024-11-10 08:22:35,290 [WARN] IP:2191 - TX_PORT_BASEPRI_VALUE not found: check if there is a RefParameter without a condition.
2024-11-10 08:22:35,405 [INFO] CodeEngine:255 - oldGeneratedFile, D:\githubs\FMC-320U\100_main\MXTmpFiles\license.tmp_save
2024-11-10 08:22:35,503 [INFO] CodeEngine:279 - Generated code: D:\githubs\FMC-320U\100_main\MXTmpFiles\license.tmp
2024-11-10 08:22:35,656 [INFO] CodeEngine:255 - oldGeneratedFile, D:\githubs\FMC-320U\100_main\Core\Src\gpio.c_save
2024-11-10 08:22:35,738 [INFO] CodeEngine:279 - Generated code: D:\githubs\FMC-320U\100_main\Core\Src\gpio.c
2024-11-10 08:22:35,741 [INFO] CodeEngine:255 - oldGeneratedFile, D:\githubs\FMC-320U\100_main\Core\Inc\gpio.h_save
2024-11-10 08:22:35,800 [INFO] CodeEngine:279 - Generated code: D:\githubs\FMC-320U\100_main\Core\Inc\gpio.h
2024-11-10 08:22:35,924 [WARN] IPConfigManager:98 - WARNING: Missing Config File for DEBUG ip!!
2024-11-10 08:22:36,824 [WARN] IPConfigManager:98 - WARNING: Missing Config File for MEMORYMAP ip!!
2024-11-10 08:22:36,824 [WARN] IP:2191 - DefaultDataRegion not found: check if there is a RefParameter without a condition.
2024-11-10 08:22:37,886 [ERROR] CodeGenerator:9857 - The current RTOS owner has not been found in the list of IPs
2024-11-10 08:22:37,888 [INFO] Middleware:1439 - No code input for Bsp Dependency
2024-11-10 08:22:37,890 [INFO] Middleware:1439 - No code input for Bsp Dependency
2024-11-10 08:22:37,894 [INFO] CodeEngine:255 - oldGeneratedFile, D:\githubs\FMC-320U\100_main\MXTmpFiles\cortex.tmp_save
2024-11-10 08:22:37,981 [INFO] CodeEngine:279 - Generated code: D:\githubs\FMC-320U\100_main\MXTmpFiles\cortex.tmp
2024-11-10 08:22:37,996 [INFO] CodeEngine:255 - oldGeneratedFile, D:\githubs\FMC-320U\100_main\Core\Src\flash.c_save
2024-11-10 08:22:38,071 [INFO] CodeEngine:279 - Generated code: D:\githubs\FMC-320U\100_main\Core\Src\flash.c
2024-11-10 08:22:38,080 [INFO] CodeEngine:255 - oldGeneratedFile, D:\githubs\FMC-320U\100_main\Core\Inc\flash.h_save
2024-11-10 08:22:38,145 [INFO] CodeEngine:279 - Generated code: D:\githubs\FMC-320U\100_main\Core\Inc\flash.h
2024-11-10 08:22:38,159 [INFO] CodeEngine:255 - oldGeneratedFile, D:\githubs\FMC-320U\100_main\Core\Src\icache.c_save
2024-11-10 08:22:38,241 [INFO] CodeEngine:279 - Generated code: D:\githubs\FMC-320U\100_main\Core\Src\icache.c
2024-11-10 08:22:38,245 [INFO] CodeEngine:255 - oldGeneratedFile, D:\githubs\FMC-320U\100_main\Core\Inc\icache.h_save
2024-11-10 08:22:38,302 [INFO] CodeEngine:279 - Generated code: D:\githubs\FMC-320U\100_main\Core\Inc\icache.h
2024-11-10 08:22:38,318 [INFO] CodeEngine:255 - oldGeneratedFile, D:\githubs\FMC-320U\100_main\Core\Src\lptim.c_save
2024-11-10 08:22:38,412 [INFO] CodeEngine:279 - Generated code: D:\githubs\FMC-320U\100_main\Core\Src\lptim.c
2024-11-10 08:22:38,416 [INFO] CodeEngine:255 - oldGeneratedFile, D:\githubs\FMC-320U\100_main\Core\Inc\lptim.h_save
2024-11-10 08:22:38,481 [INFO] CodeEngine:279 - Generated code: D:\githubs\FMC-320U\100_main\Core\Inc\lptim.h
2024-11-10 08:22:38,494 [INFO] CodeEngine:255 - oldGeneratedFile, D:\githubs\FMC-320U\100_main\Core\Src\memorymap.c_save
2024-11-10 08:22:38,581 [INFO] CodeEngine:279 - Generated code: D:\githubs\FMC-320U\100_main\Core\Src\memorymap.c
2024-11-10 08:22:38,585 [INFO] CodeEngine:255 - oldGeneratedFile, D:\githubs\FMC-320U\100_main\Core\Inc\memorymap.h_save
2024-11-10 08:22:38,639 [INFO] CodeEngine:279 - Generated code: D:\githubs\FMC-320U\100_main\Core\Inc\memorymap.h
2024-11-10 08:22:38,653 [INFO] CodeEngine:255 - oldGeneratedFile, D:\githubs\FMC-320U\100_main\Core\Src\rtc.c_save
2024-11-10 08:22:38,743 [INFO] CodeEngine:279 - Generated code: D:\githubs\FMC-320U\100_main\Core\Src\rtc.c
2024-11-10 08:22:38,746 [INFO] CodeEngine:255 - oldGeneratedFile, D:\githubs\FMC-320U\100_main\Core\Inc\rtc.h_save
2024-11-10 08:22:38,811 [INFO] CodeEngine:279 - Generated code: D:\githubs\FMC-320U\100_main\Core\Inc\rtc.h
2024-11-10 08:22:38,826 [INFO] CodeEngine:255 - oldGeneratedFile, D:\githubs\FMC-320U\100_main\Core\Src\spi.c_save
2024-11-10 08:22:38,912 [INFO] CodeEngine:279 - Generated code: D:\githubs\FMC-320U\100_main\Core\Src\spi.c
2024-11-10 08:22:38,916 [INFO] CodeEngine:255 - oldGeneratedFile, D:\githubs\FMC-320U\100_main\Core\Inc\spi.h_save
2024-11-10 08:22:38,970 [INFO] CodeEngine:279 - Generated code: D:\githubs\FMC-320U\100_main\Core\Inc\spi.h
2024-11-10 08:22:38,973 [INFO] Middleware:1439 - No code input for Bsp Dependency
2024-11-10 08:22:38,975 [INFO] Middleware:1439 - No code input for Bsp Dependency
2024-11-10 08:22:38,988 [INFO] CodeEngine:255 - oldGeneratedFile, D:\githubs\FMC-320U\100_main\Core\Inc\app_threadx.h_save
2024-11-10 08:22:39,055 [INFO] CodeEngine:279 - Generated code: D:\githubs\FMC-320U\100_main\Core\Inc\app_threadx.h
2024-11-10 08:22:39,066 [INFO] CodeEngine:255 - oldGeneratedFile, D:\githubs\FMC-320U\100_main\Core\Src\app_threadx.c_save
2024-11-10 08:22:39,144 [INFO] CodeEngine:279 - Generated code: D:\githubs\FMC-320U\100_main\Core\Src\app_threadx.c
2024-11-10 08:22:39,154 [INFO] CodeEngine:255 - oldGeneratedFile, D:\githubs\FMC-320U\100_main\AZURE_RTOS\App\app_azure_rtos.c_save
2024-11-10 08:22:39,228 [INFO] CodeEngine:279 - Generated code: D:\githubs\FMC-320U\100_main\AZURE_RTOS\App\app_azure_rtos.c
2024-11-10 08:22:39,238 [INFO] CodeEngine:255 - oldGeneratedFile, D:\githubs\FMC-320U\100_main\AZURE_RTOS\App\app_azure_rtos.h_save
2024-11-10 08:22:39,294 [INFO] CodeEngine:279 - Generated code: D:\githubs\FMC-320U\100_main\AZURE_RTOS\App\app_azure_rtos.h
2024-11-10 08:22:39,305 [INFO] CodeEngine:255 - oldGeneratedFile, D:\githubs\FMC-320U\100_main\Core\Inc\tx_user.h_save
2024-11-10 08:22:39,383 [INFO] CodeEngine:279 - Generated code: D:\githubs\FMC-320U\100_main\Core\Inc\tx_user.h
2024-11-10 08:22:39,395 [INFO] CodeEngine:255 - oldGeneratedFile, D:\githubs\FMC-320U\100_main\Core\Src\tx_initialize_low_level.S_save
2024-11-10 08:22:39,483 [INFO] CodeEngine:279 - Generated code: D:\githubs\FMC-320U\100_main\Core\Src\tx_initialize_low_level.S
2024-11-10 08:22:39,494 [INFO] CodeEngine:255 - oldGeneratedFile, D:\githubs\FMC-320U\100_main\AZURE_RTOS\App\app_azure_rtos_config.h_save
2024-11-10 08:22:39,552 [INFO] CodeEngine:279 - Generated code: D:\githubs\FMC-320U\100_main\AZURE_RTOS\App\app_azure_rtos_config.h
2024-11-10 08:22:39,568 [INFO] CodeEngine:255 - oldGeneratedFile, D:\githubs\FMC-320U\100_main\Core\Src\usart.c_save
2024-11-10 08:22:39,643 [INFO] CodeEngine:279 - Generated code: D:\githubs\FMC-320U\100_main\Core\Src\usart.c
2024-11-10 08:22:39,647 [INFO] CodeEngine:255 - oldGeneratedFile, D:\githubs\FMC-320U\100_main\Core\Inc\usart.h_save
2024-11-10 08:22:39,711 [INFO] CodeEngine:279 - Generated code: D:\githubs\FMC-320U\100_main\Core\Inc\usart.h
2024-11-10 08:22:39,747 [INFO] CodeEngine:255 - oldGeneratedFile, D:\githubs\FMC-320U\100_main\Core\Src\stm32u5xx_it.c_save
2024-11-10 08:22:39,891 [INFO] CodeEngine:279 - Generated code: D:\githubs\FMC-320U\100_main\Core\Src\stm32u5xx_it.c
2024-11-10 08:22:39,894 [INFO] CodeEngine:255 - oldGeneratedFile, D:\githubs\FMC-320U\100_main\Core\Inc\stm32u5xx_it.h_save
2024-11-10 08:22:39,952 [INFO] CodeEngine:279 - Generated code: D:\githubs\FMC-320U\100_main\Core\Inc\stm32u5xx_it.h
2024-11-10 08:22:40,158 [INFO] CodeEngine:255 - oldGeneratedFile, D:\githubs\FMC-320U\100_main\Core\Src\stm32u5xx_hal_msp.c_save
2024-11-10 08:22:40,269 [INFO] CodeEngine:279 - Generated code: D:\githubs\FMC-320U\100_main\Core\Src\stm32u5xx_hal_msp.c
2024-11-10 08:22:40,273 [INFO] CodeEngine:255 - oldGeneratedFile, D:\githubs\FMC-320U\100_main\MXTmpFiles\system.tmp_save
2024-11-10 08:22:40,381 [INFO] CodeEngine:279 - Generated code: D:\githubs\FMC-320U\100_main\MXTmpFiles\system.tmp
2024-11-10 08:22:40,396 [INFO] CodeEngine:255 - oldGeneratedFile, D:\githubs\FMC-320U\100_main\Core\Src\stm32u5xx_hal_timebase_tim.c_save
2024-11-10 08:22:40,466 [INFO] CodeEngine:279 - Generated code: D:\githubs\FMC-320U\100_main\Core\Src\stm32u5xx_hal_timebase_tim.c
2024-11-10 08:22:40,483 [INFO] CodeEngine:311 - oldGeneratedFile, D:\githubs\FMC-320U\100_main\Core\Inc\stm32u5xx_hal_conf.h_save
2024-11-10 08:22:40,564 [INFO] CodeEngine:335 - Generated code: D:\githubs\FMC-320U\100_main\Core\Inc\stm32u5xx_hal_conf.h
2024-11-10 08:22:40,607 [INFO] CodeEngine:255 - oldGeneratedFile, D:\githubs\FMC-320U\100_main\Core\Inc\main.h_save
2024-11-10 08:22:40,683 [INFO] CodeEngine:279 - Generated code: D:\githubs\FMC-320U\100_main\Core\Inc\main.h
2024-11-10 08:22:40,695 [INFO] CodeEngine:255 - oldGeneratedFile, D:\githubs\FMC-320U\100_main\Core\Src\main.c_save
2024-11-10 08:22:40,791 [INFO] CodeEngine:279 - Generated code: D:\githubs\FMC-320U\100_main\Core\Src\main.c
2024-11-10 08:22:41,340 [INFO] ProjectBuilder:3249 - Time for Copy HAL[1] : 375mS.
2024-11-10 08:22:41,350 [INFO] ProjectBuilder:4828 - Project Generator version: 4.5.0-B34
2024-11-10 08:22:41,430 [INFO] ConfigFileManager:1531 - The Die is : DIE482
2024-11-10 08:22:42,397 [INFO] ProjectBuilder:5097 - Time for Generating toolchain IDE Files: 1047mS.
2024-11-10 08:22:42,397 [INFO] ProjectBuilder:3107 - Time for Copy CMSIS : 0mS.
2024-11-10 08:22:42,407 [INFO] ProjectBuilder:3107 - Time for Copy CMSIS : 0mS.
2024-11-10 08:55:33,400 [INFO] MainUpdater:2873 - connection check result : 10
2024-11-10 08:55:33,400 [INFO] MainUpdater:2873 - connection check result : 10
2024-11-10 08:55:33,502 [INFO] MicroXplorer:468 - Change Database Path : 
2024-11-10 08:55:33,502 [INFO] MicroXplorer:498 - Change Database Version : DB.6.0.121
2024-11-10 08:55:33,512 [ERROR] ProjectManagerView:394 - 
java.lang.NullPointerException: Cannot invoke "javax.swing.JTextField.getText()" because the return value of "java.util.List.get(int)" is null
	at com.st.microxplorer.plugins.projectmanager.gui.ProjectChoiceTab$10.caretUpdate(ProjectChoiceTab.java:2622) ~[filemanager.jar:?]
	at javax.swing.text.JTextComponent.fireCaretUpdate(JTextComponent.java:412) ~[?:?]
	at javax.swing.text.JTextComponent$MutableCaretEvent.fire(JTextComponent.java:4491) ~[?:?]
	at javax.swing.text.JTextComponent$MutableCaretEvent.stateChanged(JTextComponent.java:4513) ~[?:?]
	at javax.swing.text.DefaultCaret.fireStateChanged(DefaultCaret.java:842) ~[?:?]
	at javax.swing.text.DefaultCaret.changeCaretPosition(DefaultCaret.java:1313) ~[?:?]
	at javax.swing.text.DefaultCaret.handleSetDot(DefaultCaret.java:1212) ~[?:?]
	at javax.swing.text.DefaultCaret.setDot(DefaultCaret.java:1193) ~[?:?]
	at javax.swing.text.DefaultCaret$Handler.insertUpdate(DefaultCaret.java:1789) ~[?:?]
	at javax.swing.text.AbstractDocument.fireInsertUpdate(AbstractDocument.java:226) ~[?:?]
	at javax.swing.text.AbstractDocument.handleInsertString(AbstractDocument.java:780) ~[?:?]
	at javax.swing.text.AbstractDocument.insertString(AbstractDocument.java:739) ~[?:?]
	at javax.swing.text.PlainDocument.insertString(PlainDocument.java:131) ~[?:?]
	at javax.swing.text.AbstractDocument.replace(AbstractDocument.java:698) ~[?:?]
	at javax.swing.text.JTextComponent.setText(JTextComponent.java:1729) ~[?:?]
	at com.st.microxplorer.plugins.projectmanager.gui.ProjectChoiceTab.createHeapStackFields(ProjectChoiceTab.java:972) ~[filemanager.jar:?]
	at com.st.microxplorer.plugins.projectmanager.gui.ProjectChoiceTab.buildLinkSettingsPanel(ProjectChoiceTab.java:3597) ~[filemanager.jar:?]
	at com.st.microxplorer.plugins.projectmanager.gui.ProjectChoiceTab.defineWindowsFields(ProjectChoiceTab.java:1940) ~[filemanager.jar:?]
	at com.st.microxplorer.plugins.projectmanager.gui.ProjectChoiceTab.updateSettings(ProjectChoiceTab.java:550) ~[filemanager.jar:?]
	at com.st.microxplorer.plugins.projectmanager.gui.ProjectSettingsPanel.UpdateDialog(ProjectSettingsPanel.java:245) ~[filemanager.jar:?]
	at com.st.microxplorer.plugins.projectmanager.ProjectManagerView.propertyChange(ProjectManagerView.java:391) ~[filemanager.jar:?]
	at java.beans.PropertyChangeSupport.fire(PropertyChangeSupport.java:343) ~[?:?]
	at java.beans.PropertyChangeSupport.firePropertyChange(PropertyChangeSupport.java:335) ~[?:?]
	at java.beans.PropertyChangeSupport.firePropertyChange(PropertyChangeSupport.java:268) ~[?:?]
	at com.st.microxplorer.util.MXPropertyChangeSupport.firePropertyChange(MXPropertyChangeSupport.java:54) ~[STM32CubeMX.jar:?]
	at com.st.microxplorer.mxsystem.MxSystem.closeConfig(MxSystem.java:900) ~[STM32CubeMX.jar:?]
	at com.st.microxplorer.maingui.MainPanel.closeConfig(MainPanel.java:781) ~[STM32CubeMX.jar:?]
	at com.st.microxplorer.plugins.filemanager.engine.OpenFileManager.loadConfigurationFile(OpenFileManager.java:265) ~[filemanager.jar:?]
	at com.st.microxplorer.plugins.filemanager.engine.MainFileManager.userLoadConfig(MainFileManager.java:352) ~[filemanager.jar:?]
	at com.st.microxplorer.plugins.filemanager.engine.MainFileManager.userLoadConfig(MainFileManager.java:330) ~[filemanager.jar:?]
	at com.st.microxplorer.plugins.filemanager.FileManagerView.getSpecificTask(FileManagerView.java:246) ~[filemanager.jar:?]
	at com.st.stm32cube.common.mx.editor.CubeMxEditor.getMxTabbedPaneInstance(CubeMxEditor.java:1198) ~[com.st.stm32cube.common.mx_6.12.1.202409122256/:?]
	at com.st.stm32cube.common.mx.editor.CubeMxEditor$12$1.createSwingComponent(CubeMxEditor.java:1068) ~[com.st.stm32cube.common.mx_6.12.1.202409122256/:?]
	at com.st.stm32cube.common.mx.oss.core.awtswtbridge.EmbeddedSwingComposite.doComponentCreation(EmbeddedSwingComposite.java:492) ~[com.st.stm32cube.common.mx.oss_6.12.1.202409122256/:?]
	at com.st.stm32cube.common.mx.oss.core.awtswtbridge.EmbeddedSwingComposite$4.run(EmbeddedSwingComposite.java:291) ~[com.st.stm32cube.common.mx.oss_6.12.1.202409122256/:?]
	at com.st.stm32cube.common.mx.oss.core.awtswtbridge.AwtEnvironment$2.run(AwtEnvironment.java:166) ~[com.st.stm32cube.common.mx.oss_6.12.1.202409122256/:?]
	at java.awt.event.InvocationEvent.dispatch(InvocationEvent.java:318) ~[?:?]
	at java.awt.EventQueue.dispatchEventImpl(EventQueue.java:773) ~[?:?]
	at java.awt.EventQueue$4.run(EventQueue.java:720) ~[?:?]
	at java.awt.EventQueue$4.run(EventQueue.java:714) ~[?:?]
	at java.security.AccessController.doPrivileged(AccessController.java:399) ~[?:?]
	at java.security.ProtectionDomain$JavaSecurityAccessImpl.doIntersectionPrivilege(ProtectionDomain.java:86) ~[?:?]
	at java.awt.EventQueue.dispatchEvent(EventQueue.java:742) ~[?:?]
	at java.awt.EventDispatchThread.pumpOneEventForFilters(EventDispatchThread.java:203) ~[?:?]
	at java.awt.EventDispatchThread.pumpEventsForFilter(EventDispatchThread.java:124) ~[?:?]
	at java.awt.EventDispatchThread.pumpEventsForHierarchy(EventDispatchThread.java:113) ~[?:?]
	at java.awt.EventDispatchThread.pumpEvents(EventDispatchThread.java:109) ~[?:?]
	at java.awt.EventDispatchThread.pumpEvents(EventDispatchThread.java:101) ~[?:?]
	at java.awt.EventDispatchThread.run(EventDispatchThread.java:90) ~[?:?]
2024-11-10 08:55:33,513 [WARN] ThirdParty:871 - waiting for thirdparty lock release [close project]
2024-11-10 08:55:33,513 [INFO] ThirdParty:873 - entering critical section [close project]
2024-11-10 08:55:33,513 [INFO] ThirdParty:883 - exiting critical section [close project]
2024-11-10 08:55:33,514 [INFO] PinOutPanel:1561 - setPackage(No Configuration,No Configuration)
2024-11-10 08:55:33,542 [INFO] UtilMem:75 - Begin LoadConfig() Used Memory: 625405808 Bytes (1073741824)
2024-11-10 08:55:33,543 [INFO] MicroXplorer:468 - Change Database Path : 
2024-11-10 08:55:33,543 [INFO] MicroXplorer:498 - Change Database Version : DB.6.0.121
2024-11-10 08:55:33,543 [INFO] OpenFileManager:332 - Change cursor
2024-11-10 08:55:33,561 [INFO] RulesReader:64 - Compatibility file has been processed (297 Rules)
2024-11-10 08:55:33,572 [INFO] Mcu:2032 - Initializing MCU STM32U575VITxQ STM32U575VITxQ STM32U575VIT6Q
2024-11-10 08:55:37,576 [INFO] Context:742 - Trying to add GPIOservice into a context  which must be forbidden
2024-11-10 08:55:37,577 [INFO] Context:742 - Trying to add GPIOservice into a context  which must be forbidden
2024-11-10 08:55:39,976 [WARN] ModelIntegratedComponent:63 - No mode defined for component null
2024-11-10 08:55:39,976 [WARN] ModelIntegratedComponent:63 - No mode defined for component null
2024-11-10 08:55:39,976 [WARN] ModelIntegratedComponent:63 - No mode defined for component null
2024-11-10 08:55:39,976 [WARN] ModelIntegratedComponent:63 - No mode defined for component null
2024-11-10 08:55:39,976 [WARN] ModelIntegratedComponent:63 - No mode defined for component null
2024-11-10 08:55:39,976 [WARN] ModelIntegratedComponent:63 - No mode defined for component null
2024-11-10 08:55:39,976 [WARN] ModelIntegratedComponent:63 - No mode defined for component null
2024-11-10 08:55:39,976 [WARN] ModelIntegratedComponent:63 - No mode defined for component null
2024-11-10 08:55:39,976 [WARN] ModelIntegratedComponent:63 - No mode defined for component null
2024-11-10 08:55:39,976 [WARN] ModelIntegratedComponent:63 - No mode defined for component null
2024-11-10 08:55:39,976 [WARN] ModelIntegratedComponent:63 - No mode defined for component null
2024-11-10 08:55:39,976 [WARN] ModelIntegratedComponent:63 - No mode defined for component null
2024-11-10 08:55:39,976 [WARN] ModelIntegratedComponent:63 - No mode defined for component null
2024-11-10 08:55:39,977 [WARN] ModelIntegratedComponent:63 - No mode defined for component null
2024-11-10 08:55:39,977 [WARN] ModelIntegratedComponent:63 - No mode defined for component null
2024-11-10 08:55:39,977 [WARN] ModelIntegratedComponent:63 - No mode defined for component null
2024-11-10 08:55:39,977 [WARN] ModelIntegratedComponent:63 - No mode defined for component null
2024-11-10 08:55:39,977 [WARN] ModelIntegratedComponent:63 - No mode defined for component null
2024-11-10 08:55:39,977 [WARN] ModelIntegratedComponent:63 - No mode defined for component null
2024-11-10 08:55:39,977 [WARN] ModelIntegratedComponent:63 - No mode defined for component null
2024-11-10 08:55:39,977 [WARN] ModelIntegratedComponent:63 - No mode defined for component null
2024-11-10 08:55:39,977 [WARN] ModelIntegratedComponent:63 - No mode defined for component null
2024-11-10 08:55:39,977 [WARN] ModelIntegratedComponent:63 - No mode defined for component null
2024-11-10 08:55:39,977 [WARN] ModelIntegratedComponent:63 - No mode defined for component null
2024-11-10 08:55:39,977 [WARN] ModelIntegratedComponent:63 - No mode defined for component null
2024-11-10 08:55:39,977 [WARN] ModelIntegratedComponent:63 - No mode defined for component null
2024-11-10 08:55:39,977 [WARN] ModelIntegratedComponent:63 - No mode defined for component null
2024-11-10 08:55:39,977 [WARN] ModelIntegratedComponent:63 - No mode defined for component null
2024-11-10 08:55:39,977 [WARN] ModelIntegratedComponent:63 - No mode defined for component null
2024-11-10 08:55:39,977 [WARN] ModelIntegratedComponent:63 - No mode defined for component null
2024-11-10 08:55:39,977 [WARN] ModelIntegratedComponent:63 - No mode defined for component null
2024-11-10 08:55:39,977 [WARN] ModelIntegratedComponent:63 - No mode defined for component null
2024-11-10 08:55:39,977 [WARN] ModelIntegratedComponent:63 - No mode defined for component null
2024-11-10 08:55:39,977 [WARN] ModelIntegratedComponent:63 - No mode defined for component null
2024-11-10 08:55:39,977 [WARN] ModelIntegratedComponent:63 - No mode defined for component null
2024-11-10 08:55:39,977 [WARN] ModelPack:524 - Component already loaded: STMicroelectronics:HAL Drivers:0.0.0:STMicroelectronics:Device:STMicro_Driver:XSPI:HAL::0.0.1:HAL_XSPI
2024-11-10 08:55:40,017 [INFO] RtosManager:555 - Registered RTOS mode: class=RTOS, group=ThreadX, mode=Core, owner=THREADX
2024-11-10 08:55:40,030 [INFO] ThirdPartyModel:298 - Start build external matchings
2024-11-10 08:55:40,483 [INFO] ThirdPartyModel:316 - End build external matchings
2024-11-10 08:55:40,492 [INFO] RtosManager:919 - Current active RTOS is THREADX [CortexM33]
2024-11-10 08:55:40,498 [INFO] HwResourcesManager:1923 - RZone for current mcu STM32U575VITxQ : STM32_DIE482_786_2048
2024-11-10 08:55:40,507 [INFO] HwResourcesManager:210 - mpc SRAM1 added
2024-11-10 08:55:40,507 [INFO] HwResourcesManager:210 - mpc SRAM2 added
2024-11-10 08:55:40,508 [INFO] HwResourcesManager:210 - mpc SRAM3 added
2024-11-10 08:55:40,508 [INFO] HwResourcesManager:210 - mpc SRAM4 added
2024-11-10 08:55:40,508 [INFO] HwResourcesManager:210 - mpc Flash Bank1 added
2024-11-10 08:55:40,509 [INFO] HwResourcesManager:210 - mpc Flash Bank2 added
2024-11-10 08:55:40,509 [INFO] HwResourcesManager:231 - sau Non-Secure Code added
2024-11-10 08:55:40,509 [INFO] HwResourcesManager:231 - sau Non-Secure RAM added
2024-11-10 08:55:40,509 [INFO] HwResourcesManager:231 - sau Non-Secure Peripherals added
2024-11-10 08:55:40,510 [INFO] HwResourcesManager:261 - mpcwm OctoSPI1 added
2024-11-10 08:55:40,511 [INFO] HwResourcesManager:261 - mpcwm FMC Bank1 added
2024-11-10 08:55:40,511 [INFO] HwResourcesManager:261 - mpcwm FMC Bank3 added
2024-11-10 08:55:40,511 [INFO] HwResourcesManager:261 - mpcwm Backup SRAM added
2024-11-10 08:55:40,512 [INFO] HwResourcesManager:261 - mpcwm OctoSPI2 added
2024-11-10 08:55:40,512 [INFO] HwResourcesManager:261 - mpcwm Flash Bank1 added
2024-11-10 08:55:40,512 [INFO] HwResourcesManager:261 - mpcwm Flash Bank2 added
2024-11-10 08:55:40,513 [INFO] HwResourcesManager:461 - Memory Region Flash_Bank1_NS added
2024-11-10 08:55:40,513 [INFO] HwResourcesManager:461 - Memory Region Flash_Bank2_NS added
2024-11-10 08:55:40,513 [INFO] HwResourcesManager:461 - Memory Region SRAM1_C_NS added
2024-11-10 08:55:40,513 [INFO] HwResourcesManager:461 - Memory Region SRAM2_C_NS added
2024-11-10 08:55:40,513 [INFO] HwResourcesManager:461 - Memory Region SRAM3_C_NS added
2024-11-10 08:55:40,513 [INFO] HwResourcesManager:461 - Memory Region Flash_Bank1_S added
2024-11-10 08:55:40,513 [INFO] HwResourcesManager:461 - Memory Region Flash_Bank2_S added
2024-11-10 08:55:40,514 [INFO] HwResourcesManager:461 - Memory Region SRAM1_C_S added
2024-11-10 08:55:40,514 [INFO] HwResourcesManager:461 - Memory Region SRAM2_C_S added
2024-11-10 08:55:40,514 [INFO] HwResourcesManager:461 - Memory Region SRAM3_C_S added
2024-11-10 08:55:40,514 [INFO] HwResourcesManager:461 - Memory Region SRAM1_NS added
2024-11-10 08:55:40,514 [INFO] HwResourcesManager:461 - Memory Region SRAM2_NS added
2024-11-10 08:55:40,514 [INFO] HwResourcesManager:461 - Memory Region SRAM3_NS added
2024-11-10 08:55:40,515 [INFO] HwResourcesManager:461 - Memory Region SRAM4_SRD_NS added
2024-11-10 08:55:40,515 [INFO] HwResourcesManager:461 - Memory Region SRAM1_S added
2024-11-10 08:55:40,515 [INFO] HwResourcesManager:461 - Memory Region SRAM2_S added
2024-11-10 08:55:40,515 [INFO] HwResourcesManager:461 - Memory Region SRAM3_S added
2024-11-10 08:55:40,515 [INFO] HwResourcesManager:461 - Memory Region SRAM4_SRD_S added
2024-11-10 08:55:40,516 [INFO] HwResourcesManager:461 - Memory Region Backup_SRAM_NS added
2024-11-10 08:55:40,516 [INFO] HwResourcesManager:461 - Memory Region Backup_SRAM_S added
2024-11-10 08:55:40,520 [ERROR] MemInfoExtractor$FlashInfoExtractor:1999 - Read FLASH's parameter OB_DBANK return empty string!
2024-11-10 08:55:40,563 [WARN] IP:2191 - UserConfigCondition not found: check if there is a RefParameter without a condition.
2024-11-10 08:55:40,563 [WARN] IP:2191 - OB_SWAP_BANK_UI not found: check if there is a RefParameter without a condition.
2024-11-10 08:55:40,563 [WARN] IP:2191 - OB_DBANK_UI not found: check if there is a RefParameter without a condition.
2024-11-10 08:55:40,563 [WARN] IP:2191 - OB_SRAM3_ECC_UI not found: check if there is a RefParameter without a condition.
2024-11-10 08:55:40,567 [WARN] IP:2191 - DefaultDataRegion not found: check if there is a RefParameter without a condition.
2024-11-10 08:55:40,568 [INFO] ImportTextPane:205 - (OptionalMessage_ERROR) IP (MEMORYMAP) : Invalid parameter (DefaultDataRegion)
2024-11-10 08:55:40,570 [WARN] IP:2191 - SRAM5PowerDownInRunMode not found: check if there is a RefParameter without a condition.
2024-11-10 08:55:40,570 [WARN] IP:2191 - SRAM6PowerDownInRunMode not found: check if there is a RefParameter without a condition.
2024-11-10 08:55:40,570 [WARN] IP:2191 - RAM1Page4PowerDownInStopMode not found: check if there is a RefParameter without a condition.
2024-11-10 08:55:40,570 [WARN] IP:2191 - RAM1Page5PowerDownInStopMode not found: check if there is a RefParameter without a condition.
2024-11-10 08:55:40,570 [WARN] IP:2191 - RAM1Page6PowerDownInStopMode not found: check if there is a RefParameter without a condition.
2024-11-10 08:55:40,570 [WARN] IP:2191 - RAM1Page7PowerDownInStopMode not found: check if there is a RefParameter without a condition.
2024-11-10 08:55:40,570 [WARN] IP:2191 - RAM1Page8PowerDownInStopMode not found: check if there is a RefParameter without a condition.
2024-11-10 08:55:40,570 [WARN] IP:2191 - RAM1Page9PowerDownInStopMode not found: check if there is a RefParameter without a condition.
2024-11-10 08:55:40,570 [WARN] IP:2191 - RAM1Page10PowerDownInStopMode not found: check if there is a RefParameter without a condition.
2024-11-10 08:55:40,570 [WARN] IP:2191 - RAM1Page11PowerDownInStopMode not found: check if there is a RefParameter without a condition.
2024-11-10 08:55:40,570 [WARN] IP:2191 - RAM1Page12PowerDownInStopMode not found: check if there is a RefParameter without a condition.
2024-11-10 08:55:40,570 [WARN] IP:2191 - RAM3Page9PowerDownInStopMode not found: check if there is a RefParameter without a condition.
2024-11-10 08:55:40,570 [WARN] IP:2191 - RAM3Page10PowerDownInStopMode not found: check if there is a RefParameter without a condition.
2024-11-10 08:55:40,570 [WARN] IP:2191 - RAM3Page11PowerDownInStopMode not found: check if there is a RefParameter without a condition.
2024-11-10 08:55:40,570 [WARN] IP:2191 - RAM3Page12PowerDownInStopMode not found: check if there is a RefParameter without a condition.
2024-11-10 08:55:40,570 [WARN] IP:2191 - RAM3Page13PowerDownInStopMode not found: check if there is a RefParameter without a condition.
2024-11-10 08:55:40,570 [WARN] IP:2191 - RAM5Page1PowerDownInStopMode not found: check if there is a RefParameter without a condition.
2024-11-10 08:55:40,570 [WARN] IP:2191 - RAM5Page2PowerDownInStopMode not found: check if there is a RefParameter without a condition.
2024-11-10 08:55:40,570 [WARN] IP:2191 - RAM5Page3PowerDownInStopMode not found: check if there is a RefParameter without a condition.
2024-11-10 08:55:40,570 [WARN] IP:2191 - RAM5Page4PowerDownInStopMode not found: check if there is a RefParameter without a condition.
2024-11-10 08:55:40,570 [WARN] IP:2191 - RAM5Page5PowerDownInStopMode not found: check if there is a RefParameter without a condition.
2024-11-10 08:55:40,570 [WARN] IP:2191 - RAM5Page6PowerDownInStopMode not found: check if there is a RefParameter without a condition.
2024-11-10 08:55:40,570 [WARN] IP:2191 - RAM5Page7PowerDownInStopMode not found: check if there is a RefParameter without a condition.
2024-11-10 08:55:40,570 [WARN] IP:2191 - RAM5Page8PowerDownInStopMode not found: check if there is a RefParameter without a condition.
2024-11-10 08:55:40,570 [WARN] IP:2191 - RAM5Page9PowerDownInStopMode not found: check if there is a RefParameter without a condition.
2024-11-10 08:55:40,570 [WARN] IP:2191 - RAM5Page10PowerDownInStopMode not found: check if there is a RefParameter without a condition.
2024-11-10 08:55:40,570 [WARN] IP:2191 - RAM5Page11PowerDownInStopMode not found: check if there is a RefParameter without a condition.
2024-11-10 08:55:40,570 [WARN] IP:2191 - RAM5Page12PowerDownInStopMode not found: check if there is a RefParameter without a condition.
2024-11-10 08:55:40,570 [WARN] IP:2191 - RAM5Page13PowerDownInStopMode not found: check if there is a RefParameter without a condition.
2024-11-10 08:55:40,570 [WARN] IP:2191 - Dcache2PowerDownInStopMode not found: check if there is a RefParameter without a condition.
2024-11-10 08:55:40,570 [WARN] IP:2191 - GRAPHICPRAMPowerDownInStopMode not found: check if there is a RefParameter without a condition.
2024-11-10 08:55:40,570 [WARN] IP:2191 - DSIRAMPowerDownInStopMode not found: check if there is a RefParameter without a condition.
2024-11-10 08:55:40,571 [INFO] ImportTextPane:205 - (OptionalMessage_ERROR) IP (RCC) : Parameter (CK48Freq_Value) has invalid value (48000000)
2024-11-10 08:55:40,571 [INFO] ImportTextPane:205 - (OptionalMessage_ERROR) IP (RCC) : Parameter (FDCANFreq_Value) has invalid value (1548000000)
2024-11-10 08:55:40,571 [INFO] ImportTextPane:205 - (OptionalMessage_ERROR) IP (RCC) : Invalid parameter (FamilyName)
2024-11-10 08:55:40,572 [INFO] ImportTextPane:205 - (OptionalMessage_ERROR) IP (RCC) : Parameter (SAI1Freq_Value) has invalid value (1548000000)
2024-11-10 08:55:40,572 [INFO] ImportTextPane:205 - (OptionalMessage_ERROR) IP (RCC) : Parameter (SAI2Freq_Value) has invalid value (1548000000)
2024-11-10 08:55:40,573 [INFO] ImportTextPane:205 - (OptionalMessage_ERROR) IP (RCC) : Parameter (SDMMCFreq_Value) has invalid value (1548000000)
2024-11-10 08:55:40,574 [WARN] IP:2191 - TX_APP_CREATION not found: check if there is a RefParameter without a condition.
2024-11-10 08:55:40,574 [WARN] IP:2191 - TX_APP_THREAD_ENTRY not found: check if there is a RefParameter without a condition.
2024-11-10 08:55:40,574 [WARN] IP:2191 - TX_APP_THREAD_NAME not found: check if there is a RefParameter without a condition.
2024-11-10 08:55:40,574 [WARN] IP:2191 - TX_APP_THREAD_PRIO not found: check if there is a RefParameter without a condition.
2024-11-10 08:55:40,574 [WARN] IP:2191 - TX_APP_STACK_SIZE not found: check if there is a RefParameter without a condition.
2024-11-10 08:55:40,574 [WARN] IP:2191 - TX_APP_SEM_CREATION not found: check if there is a RefParameter without a condition.
2024-11-10 08:55:40,574 [WARN] IP:2191 - TX_SEMAPHORE_NAME not found: check if there is a RefParameter without a condition.
2024-11-10 08:55:40,574 [WARN] IP:2191 - TX_SEMAPHORE_COUNT not found: check if there is a RefParameter without a condition.
2024-11-10 08:55:40,574 [WARN] IP:2191 - TX_APP_MUTEX_CREATION not found: check if there is a RefParameter without a condition.
2024-11-10 08:55:40,574 [WARN] IP:2191 - TX_MUTEX_NAME not found: check if there is a RefParameter without a condition.
2024-11-10 08:55:40,574 [WARN] IP:2191 - TX_MUTEX_INHERITANCE not found: check if there is a RefParameter without a condition.
2024-11-10 08:55:40,574 [WARN] IP:2191 - TX_APP_MSG_QUEUE_CREATION not found: check if there is a RefParameter without a condition.
2024-11-10 08:55:40,574 [WARN] IP:2191 - TX_MSG_QUEUE_NAME not found: check if there is a RefParameter without a condition.
2024-11-10 08:55:40,574 [WARN] IP:2191 - TX_MSG_SIZE_WORDS not found: check if there is a RefParameter without a condition.
2024-11-10 08:55:40,574 [WARN] IP:2191 - TX_NB_MSG not found: check if there is a RefParameter without a condition.
2024-11-10 08:55:40,575 [WARN] IP:2191 - TX_BASEPRI_VALUE not found: check if there is a RefParameter without a condition.
2024-11-10 08:55:40,575 [WARN] IP:2191 - TX_PORT_BASEPRI_VALUE not found: check if there is a RefParameter without a condition.
2024-11-10 08:55:40,816 [INFO] UtilMem:75 - End LoadConfig() Used Memory: 756044016 Bytes (1073741824)
2024-11-10 08:55:40,848 [WARN] ThirdParty:833 - waiting for thirdparty lock release [change project]
2024-11-10 08:55:40,848 [INFO] ThirdParty:835 - entering critical section [change project]
2024-11-10 08:55:40,848 [INFO] ThirdParty:1030 - CMSIS Pack Vendor :STMicroelectronics USBPD 4.1
2024-11-10 08:55:40,848 [INFO] ThirdParty:1030 - CMSIS Pack Vendor :STMicroelectronics X-CUBE-AZRTOS-H7 3.3.0
2024-11-10 08:55:40,848 [INFO] ThirdParty:1030 - CMSIS Pack Vendor :STMicroelectronics X-CUBE-NFC9 1.0.0
2024-11-10 08:55:40,848 [INFO] ThirdParty:1030 - CMSIS Pack Vendor :STMicroelectronics X-CUBE-GNSS1 6.0.0
2024-11-10 08:55:40,848 [INFO] ThirdParty:1030 - CMSIS Pack Vendor :STMicroelectronics USB_HOST 2.0.0
2024-11-10 08:55:40,848 [INFO] ThirdParty:1030 - CMSIS Pack Vendor :STMicroelectronics X-CUBE-AZRTOS-F4 1.1.0
2024-11-10 08:55:40,848 [INFO] ThirdParty:1030 - CMSIS Pack Vendor :STMicroelectronics LIBJPEG 8.0.0
2024-11-10 08:55:40,848 [INFO] ThirdParty:1030 - CMSIS Pack Vendor :STMicroelectronics X-CUBE-SMBUS 2.1.0
2024-11-10 08:55:40,848 [INFO] ThirdParty:1030 - CMSIS Pack Vendor :STMicroelectronics X-CUBE-WB05N 1.1.0
2024-11-10 08:55:40,848 [INFO] ThirdParty:1030 - CMSIS Pack Vendor :STMicroelectronics USB_DEVICE 3.0.0
2024-11-10 08:55:40,848 [INFO] ThirdParty:1030 - CMSIS Pack Vendor :STMicroelectronics X-CUBE-ISPU 2.1.0
2024-11-10 08:55:40,848 [INFO] ThirdParty:1030 - CMSIS Pack Vendor :STMicroelectronics X-CUBE-IPS 3.0.0
2024-11-10 08:55:40,848 [INFO] ThirdParty:1030 - CMSIS Pack Vendor :STMicroelectronics X-CUBE-AZRTOS-WB 2.0.0
2024-11-10 08:55:40,848 [INFO] ThirdParty:1030 - CMSIS Pack Vendor :STMicroelectronics X-CUBE-GNSS1 7.0.0
2024-11-10 08:55:40,848 [INFO] ThirdParty:1030 - CMSIS Pack Vendor :STMicroelectronics X-CUBE-TOUCHGFX 4.23.2
2024-11-10 08:55:40,848 [INFO] ThirdParty:1030 - CMSIS Pack Vendor :STMicroelectronics X-CUBE-AZRTOS-F7 1.1.0
2024-11-10 08:55:40,848 [INFO] ThirdParty:1030 - CMSIS Pack Vendor :STMicroelectronics X-CUBE-AZRTOS-L5 2.0.0
2024-11-10 08:55:40,848 [INFO] ThirdParty:1030 - CMSIS Pack Vendor :STMicroelectronics USB_DEVICE 2.0.0
2024-11-10 08:55:40,848 [INFO] ThirdParty:1030 - CMSIS Pack Vendor :STMicroelectronics FP-SNS-STBOX1 2.0.0
2024-11-10 08:55:40,848 [INFO] ThirdParty:1030 - CMSIS Pack Vendor :STMicroelectronics X-CUBE-ALGOBUILD 1.3.0
2024-11-10 08:55:40,848 [INFO] ThirdParty:1030 - CMSIS Pack Vendor :STMicroelectronics X-CUBE-MEMS1 11.0.0
2024-11-10 08:55:40,848 [INFO] ThirdParty:1030 - CMSIS Pack Vendor :STMicroelectronics FreeRTOS 0.0.1
2024-11-10 08:55:40,848 [INFO] ThirdParty:1030 - CMSIS Pack Vendor :STMicroelectronics X-CUBE-AZRTOS-G0 1.1.0
2024-11-10 08:55:40,848 [INFO] ThirdParty:1030 - CMSIS Pack Vendor :STMicroelectronics X-CUBE-NFC4 3.0.0
2024-11-10 08:55:40,848 [INFO] ThirdParty:1030 - CMSIS Pack Vendor :STMicroelectronics X-CUBE-DPower 1.2.0
2024-11-10 08:55:40,848 [INFO] ThirdParty:1030 - CMSIS Pack Vendor :STMicroelectronics X-CUBE-SUBG2 5.0.0
2024-11-10 08:55:40,848 [INFO] ThirdParty:1030 - CMSIS Pack Vendor :STMicroelectronics STM32_WPAN 1.0.0
2024-11-10 08:55:40,848 [INFO] ThirdParty:1030 - CMSIS Pack Vendor :EmbeddedOffice I-CUBE-FS-RTOS 1.0.1
2024-11-10 08:55:40,848 [INFO] ThirdParty:1030 - CMSIS Pack Vendor :STMicroelectronics lwIP 2.0.3
2024-11-10 08:55:40,848 [INFO] ThirdParty:1030 - CMSIS Pack Vendor :STMicroelectronics FP-SNS-FLIGHT1 5.0.2
2024-11-10 08:55:40,848 [INFO] ThirdParty:1030 - CMSIS Pack Vendor :STMicroelectronics USB_HOST 1.0.0
2024-11-10 08:55:40,848 [INFO] ThirdParty:1030 - CMSIS Pack Vendor :STMicroelectronics X-CUBE-AI 9.0.0
2024-11-10 08:55:40,848 [INFO] ThirdParty:1030 - CMSIS Pack Vendor :STMicroelectronics X-CUBE-AZRTOS-G4 2.0.0
2024-11-10 08:55:40,848 [INFO] ThirdParty:1030 - CMSIS Pack Vendor :STMicroelectronics PDM2PCM 3.1.0
2024-11-10 08:55:40,848 [INFO] ThirdParty:1030 - CMSIS Pack Vendor :STMicroelectronics PDM2PCM 3.3.0
2024-11-10 08:55:40,848 [INFO] ThirdParty:1030 - CMSIS Pack Vendor :STMicroelectronics X-CUBE-DISPLAY 3.0.0
2024-11-10 08:55:40,848 [INFO] ThirdParty:1030 - CMSIS Pack Vendor :RealThread X-CUBE-RT-Thread_Nano 4.1.1
2024-11-10 08:55:40,848 [INFO] ThirdParty:1030 - CMSIS Pack Vendor :STMicroelectronics X-CUBE-BLE1 7.0.0
2024-11-10 08:55:40,848 [INFO] ThirdParty:1030 - CMSIS Pack Vendor :STMicroelectronics FP-ATR-SIGFOX1 3.2.0
2024-11-10 08:55:40,848 [INFO] ThirdParty:1030 - CMSIS Pack Vendor :STMicroelectronics X-CUBE-NFC10 1.0.0
2024-11-10 08:55:40,848 [INFO] ThirdParty:1030 - CMSIS Pack Vendor :wolfSSL I-CUBE-wolfSSL 5.7.2
2024-11-10 08:55:40,848 [INFO] ThirdParty:1030 - CMSIS Pack Vendor :STMicroelectronics X-CUBE-ISPU 2.0.0
2024-11-10 08:55:40,848 [INFO] ThirdParty:1030 - CMSIS Pack Vendor :STMicroelectronics X-CUBE-EEPRMA1 5.1.0
2024-11-10 08:55:40,848 [INFO] ThirdParty:1030 - CMSIS Pack Vendor :STMicroelectronics HAL Drivers 0.0.0
2024-11-10 08:55:40,849 [INFO] ThirdParty:1030 - CMSIS Pack Vendor :STMicroelectronics MBEDTLS 2.16.2
2024-11-10 08:55:40,849 [INFO] ThirdParty:1030 - CMSIS Pack Vendor :STMicroelectronics X-CUBE-ALS 1.0.2
2024-11-10 08:55:40,849 [INFO] ThirdParty:1030 - CMSIS Pack Vendor :emotas I-CUBE-CANOPEN 1.3.0
2024-11-10 08:55:40,849 [INFO] ThirdParty:1030 - CMSIS Pack Vendor :STMicroelectronics X-CUBE-MEMS1 10.0.0
2024-11-10 08:55:40,849 [INFO] ThirdParty:1030 - CMSIS Pack Vendor :STMicroelectronics X-CUBE-NFC7 1.0.1
2024-11-10 08:55:40,849 [INFO] ThirdParty:1030 - CMSIS Pack Vendor :STMicroelectronics MBEDTLS 2.14.1
2024-11-10 08:55:40,849 [INFO] ThirdParty:1030 - CMSIS Pack Vendor :STMicroelectronics X-CUBE-TOUCHGFX 4.24.0
2024-11-10 08:55:40,849 [INFO] ThirdParty:1030 - CMSIS Pack Vendor :ITTIA_DB I-CUBE-ITTIADB 8.9.0
2024-11-10 08:55:40,849 [INFO] ThirdParty:1030 - CMSIS Pack Vendor :STMicroelectronics X-CUBE-TOUCHGFX 4.24.1
2024-11-10 08:55:40,849 [INFO] ThirdParty:1030 - CMSIS Pack Vendor :wolfSSL I-CUBE-wolfTPM 3.4.0
2024-11-10 08:55:40,849 [INFO] ThirdParty:1030 - CMSIS Pack Vendor :portGmbH I-Cube-SoM-uGOAL 1.1.0
2024-11-10 08:55:40,849 [INFO] ThirdParty:1030 - CMSIS Pack Vendor :STMicroelectronics X-CUBE-ALS 1.0.1
2024-11-10 08:55:40,849 [INFO] ThirdParty:1030 - CMSIS Pack Vendor :STMicroelectronics X-CUBE-BLEMGR 3.1.0
2024-11-10 08:55:40,849 [INFO] ThirdParty:1030 - CMSIS Pack Vendor :STMicroelectronics ThreadX 1.0.0
2024-11-10 08:55:40,849 [INFO] ThirdParty:1030 - CMSIS Pack Vendor :STMicroelectronics FP-SNS-SMARTAG2 1.2.0
2024-11-10 08:55:40,849 [INFO] ThirdParty:1030 - CMSIS Pack Vendor :STMicroelectronics X-CUBE-AZRTOS-WL 2.0.0
2024-11-10 08:55:40,849 [INFO] ThirdParty:1030 - CMSIS Pack Vendor :SEGGER I-CUBE-embOS 1.3.1
2024-11-10 08:55:40,849 [INFO] ThirdParty:1030 - CMSIS Pack Vendor :STMicroelectronics X-CUBE-ALGOBUILD 1.4.0
2024-11-10 08:55:40,849 [INFO] ThirdParty:1030 - CMSIS Pack Vendor :STMicroelectronics USB_DEVICE 1.0.0
2024-11-10 08:55:40,849 [INFO] ThirdParty:1030 - CMSIS Pack Vendor :wolfSSL I-CUBE-wolfMQTT 1.19.0
2024-11-10 08:55:40,849 [INFO] ThirdParty:1030 - CMSIS Pack Vendor :STMicroelectronics X-CUBE-AZRTOS-L4 2.0.0
2024-11-10 08:55:40,849 [INFO] ThirdParty:1030 - CMSIS Pack Vendor :STMicroelectronics ThreadX 0.0.2
2024-11-10 08:55:40,849 [INFO] ThirdParty:1030 - CMSIS Pack Vendor :WES I-CUBE-Cesium 1.3.0
2024-11-10 08:55:40,849 [INFO] ThirdParty:1030 - CMSIS Pack Vendor :STMicroelectronics FP-ATR-ASTRA1 2.0.0
2024-11-10 08:55:40,849 [INFO] ThirdParty:1030 - CMSIS Pack Vendor :STMicroelectronics lwIP 2.1.2
2024-11-10 08:55:40,849 [INFO] ThirdParty:1030 - CMSIS Pack Vendor :STMicroelectronics X-CUBE-SFXS2LP1 4.0.0
2024-11-10 08:55:40,849 [INFO] ThirdParty:1030 - CMSIS Pack Vendor :STMicroelectronics X-CUBE-BLE2 3.3.0
2024-11-10 08:55:40,849 [INFO] ThirdParty:1030 - CMSIS Pack Vendor :STMicroelectronics X-CUBE-TOF1 3.4.2
2024-11-10 08:55:40,849 [INFO] ThirdParty:1030 - CMSIS Pack Vendor :STMicroelectronics X-CUBE-AI 9.1.0
2024-11-10 08:55:40,849 [INFO] ThirdParty:1030 - CMSIS Pack Vendor :STMicroelectronics X-CUBE-TOF1 3.4.1
2024-11-10 08:55:40,849 [INFO] ThirdParty:1030 - CMSIS Pack Vendor :STMicroelectronics X-CUBE-AZRTOS-H7 3.2.0
2024-11-10 08:55:40,849 [INFO] ThirdParty:1030 - CMSIS Pack Vendor :Infineon AIROC-Wi-Fi-Bluetooth-STM32 1.6.0
2024-11-10 08:55:40,849 [INFO] ThirdParty:1030 - CMSIS Pack Vendor :STMicroelectronics PDM2PCM 3.2.0
2024-11-10 08:55:40,849 [INFO] ThirdParty:1030 - CMSIS Pack Vendor :wolfSSL I-CUBE-wolfSSH 1.4.17
2024-11-10 08:55:40,849 [INFO] ThirdParty:841 - exiting critical section [change project]
2024-11-10 08:55:41,052 [INFO] PinOutPanel:1561 - setPackage(No Configuration,No Configuration)
2024-11-10 08:55:41,052 [INFO] PinOutPanel:1561 - setPackage(STM32U575VITxQ,LQFP100)
2024-11-10 08:55:41,217 [INFO] MemInfoExtractor:277 - EVENT_MCU_SET_IP_PARAMETER
2024-11-10 08:55:41,543 [INFO] MemInfoExtractor:277 - EVENT_MCU_SET_IP_PARAMETER
2024-11-10 08:55:41,619 [INFO] UtilMem:75 - Before build in PCC Used Memory: 731340632 Bytes (1073741824)
2024-11-10 08:55:41,884 [INFO] UtilMem:75 - After build in PCC Used Memory: 880764760 Bytes (1073741824)
2024-11-10 08:55:41,893 [INFO] ApiDbMcu:508 - Load IP Config File for ThreadX
2024-11-10 08:55:41,915 [INFO] IPUIPlugin:80 - create IPUIPlugin
2024-11-10 08:55:41,915 [INFO] IPUIPlugin:80 - create IPUIPlugin
2024-11-10 08:55:41,915 [INFO] IPUIPlugin:80 - create IPUIPlugin
2024-11-10 08:55:41,915 [INFO] IPUIPlugin:80 - create IPUIPlugin
2024-11-10 08:55:41,915 [INFO] IPUIPlugin:80 - create IPUIPlugin
2024-11-10 08:55:41,915 [INFO] IPUIPlugin:80 - create IPUIPlugin
2024-11-10 08:55:41,915 [INFO] IPUIPlugin:80 - create IPUIPlugin
2024-11-10 08:55:41,915 [INFO] IPUIPlugin:80 - create IPUIPlugin
2024-11-10 08:55:41,915 [INFO] IPUIPlugin:80 - create IPUIPlugin
2024-11-10 08:55:41,916 [INFO] IPUIPlugin:80 - create IPUIPlugin
2024-11-10 08:55:41,916 [INFO] IPUIPlugin:80 - create IPUIPlugin
2024-11-10 08:55:41,916 [INFO] IPUIPlugin:80 - create IPUIPlugin
2024-11-10 08:55:41,916 [INFO] IPUIPlugin:80 - create IPUIPlugin
2024-11-10 08:55:41,916 [INFO] IPUIPlugin:80 - create IPUIPlugin
2024-11-10 08:55:41,916 [INFO] IPUIPlugin:80 - create IPUIPlugin
2024-11-10 08:55:41,916 [INFO] IPUIPlugin:80 - create IPUIPlugin
2024-11-10 08:55:41,916 [INFO] IPUIPlugin:80 - create IPUIPlugin
2024-11-10 08:55:41,916 [INFO] IPUIPlugin:80 - create IPUIPlugin
2024-11-10 08:55:41,916 [INFO] IPUIPlugin:80 - create IPUIPlugin
2024-11-10 08:55:41,916 [INFO] IPUIPlugin:80 - create IPUIPlugin
2024-11-10 08:55:41,916 [INFO] IPUIPlugin:80 - create IPUIPlugin
2024-11-10 08:55:41,917 [INFO] IPUIPlugin:80 - create IPUIPlugin
2024-11-10 08:55:41,917 [INFO] IPUIPlugin:80 - create IPUIPlugin
2024-11-10 08:55:41,917 [INFO] IPUIPlugin:80 - create IPUIPlugin
2024-11-10 08:55:41,917 [INFO] IPUIPlugin:80 - create IPUIPlugin
2024-11-10 08:55:41,917 [INFO] IPUIPlugin:80 - create IPUIPlugin
2024-11-10 08:55:41,917 [INFO] IPUIPlugin:80 - create IPUIPlugin
2024-11-10 08:55:41,917 [INFO] IPUIPlugin:80 - create IPUIPlugin
2024-11-10 08:55:41,917 [INFO] IPUIPlugin:80 - create IPUIPlugin
2024-11-10 08:55:41,917 [INFO] IPUIPlugin:80 - create IPUIPlugin
2024-11-10 08:55:41,918 [INFO] IPUIPlugin:80 - create IPUIPlugin
2024-11-10 08:55:41,918 [INFO] IPUIPlugin:80 - create IPUIPlugin
2024-11-10 08:55:41,918 [INFO] IPUIPlugin:80 - create IPUIPlugin
2024-11-10 08:55:41,918 [INFO] IPUIPlugin:80 - create IPUIPlugin
2024-11-10 08:55:41,918 [INFO] IPUIPlugin:80 - create IPUIPlugin
2024-11-10 08:55:41,919 [INFO] IPUIPlugin:80 - create IPUIPlugin
2024-11-10 08:55:41,919 [INFO] IPUIPlugin:80 - create IPUIPlugin
2024-11-10 08:55:41,919 [INFO] IPUIPlugin:80 - create IPUIPlugin
2024-11-10 08:55:41,919 [INFO] IPUIPlugin:80 - create IPUIPlugin
2024-11-10 08:55:41,919 [INFO] IPUIPlugin:80 - create IPUIPlugin
2024-11-10 08:55:41,919 [INFO] IPUIPlugin:80 - create IPUIPlugin
2024-11-10 08:55:41,920 [INFO] IPUIPlugin:80 - create IPUIPlugin
2024-11-10 08:55:41,920 [INFO] IPUIPlugin:80 - create IPUIPlugin
2024-11-10 08:55:41,920 [INFO] IPUIPlugin:80 - create IPUIPlugin
2024-11-10 08:55:41,920 [INFO] IPUIPlugin:80 - create IPUIPlugin
2024-11-10 08:55:41,921 [INFO] IPUIPlugin:80 - create IPUIPlugin
2024-11-10 08:55:41,921 [INFO] IPUIPlugin:80 - create IPUIPlugin
2024-11-10 08:55:41,921 [INFO] IPUIPlugin:80 - create IPUIPlugin
2024-11-10 08:55:41,921 [INFO] IPUIPlugin:80 - create IPUIPlugin
2024-11-10 08:55:41,921 [INFO] IPUIPlugin:80 - create IPUIPlugin
2024-11-10 08:55:41,921 [INFO] IPUIPlugin:80 - create IPUIPlugin
2024-11-10 08:55:41,922 [INFO] IPUIPlugin:80 - create IPUIPlugin
2024-11-10 08:55:41,922 [INFO] IPUIPlugin:80 - create IPUIPlugin
2024-11-10 08:55:41,922 [INFO] IPUIPlugin:80 - create IPUIPlugin
2024-11-10 08:55:41,922 [INFO] IPUIPlugin:80 - create IPUIPlugin
2024-11-10 08:55:41,923 [INFO] IPUIPlugin:80 - create IPUIPlugin
2024-11-10 08:55:41,923 [INFO] IPUIPlugin:80 - create IPUIPlugin
2024-11-10 08:55:41,923 [INFO] IPUIPlugin:80 - create IPUIPlugin
2024-11-10 08:55:41,923 [INFO] IPUIPlugin:80 - create IPUIPlugin
2024-11-10 08:55:41,923 [INFO] IPUIPlugin:80 - create IPUIPlugin
2024-11-10 08:55:41,924 [INFO] IPUIPlugin:80 - create IPUIPlugin
2024-11-10 08:55:41,924 [INFO] IPUIPlugin:80 - create IPUIPlugin
2024-11-10 08:55:41,924 [INFO] IPUIPlugin:80 - create IPUIPlugin
2024-11-10 08:55:41,924 [INFO] IPUIPlugin:80 - create IPUIPlugin
2024-11-10 08:55:41,925 [INFO] IPUIPlugin:80 - create IPUIPlugin
2024-11-10 08:55:41,925 [INFO] IPUIPlugin:80 - create IPUIPlugin
2024-11-10 08:55:41,925 [INFO] IPUIPlugin:80 - create IPUIPlugin
2024-11-10 08:55:41,925 [INFO] IPUIPlugin:80 - create IPUIPlugin
2024-11-10 08:55:41,926 [INFO] IPUIPlugin:80 - create IPUIPlugin
2024-11-10 08:55:41,926 [INFO] IPUIPlugin:80 - create IPUIPlugin
2024-11-10 08:55:41,926 [INFO] IPUIPlugin:80 - create IPUIPlugin
2024-11-10 08:55:41,926 [INFO] IPUIPlugin:80 - create IPUIPlugin
2024-11-10 08:55:41,927 [INFO] IPUIPlugin:80 - create IPUIPlugin
2024-11-10 08:55:41,927 [INFO] IPUIPlugin:80 - create IPUIPlugin
2024-11-10 08:55:41,927 [INFO] IPUIPlugin:80 - create IPUIPlugin
2024-11-10 08:55:41,928 [INFO] IPUIPlugin:80 - create IPUIPlugin
2024-11-10 08:55:41,928 [INFO] IPUIPlugin:80 - create IPUIPlugin
2024-11-10 08:55:41,928 [INFO] IPUIPlugin:80 - create IPUIPlugin
2024-11-10 08:55:41,929 [INFO] IPUIPlugin:80 - create IPUIPlugin
2024-11-10 08:55:41,929 [INFO] IPUIPlugin:80 - create IPUIPlugin
2024-11-10 08:55:41,929 [INFO] IPUIPlugin:80 - create IPUIPlugin
2024-11-10 08:55:41,930 [INFO] IPUIPlugin:80 - create IPUIPlugin
2024-11-10 08:55:41,930 [INFO] IPUIPlugin:80 - create IPUIPlugin
2024-11-10 08:55:41,930 [INFO] IPUIPlugin:80 - create IPUIPlugin
2024-11-10 08:55:41,931 [INFO] IPUIPlugin:80 - create IPUIPlugin
2024-11-10 08:55:41,931 [INFO] IPUIPlugin:80 - create IPUIPlugin
2024-11-10 08:55:41,931 [INFO] IPUIPlugin:80 - create IPUIPlugin
2024-11-10 08:55:41,931 [INFO] IPUIPlugin:80 - create IPUIPlugin
2024-11-10 08:55:41,932 [INFO] IPUIPlugin:80 - create IPUIPlugin
2024-11-10 08:55:41,932 [INFO] IPUIPlugin:80 - create IPUIPlugin
2024-11-10 08:55:41,932 [INFO] IPUIPlugin:80 - create IPUIPlugin
2024-11-10 08:55:41,933 [INFO] IPUIPlugin:80 - create IPUIPlugin
2024-11-10 08:55:41,933 [INFO] IPUIPlugin:80 - create IPUIPlugin
2024-11-10 08:55:41,933 [INFO] IPUIPlugin:80 - create IPUIPlugin
2024-11-10 08:55:41,934 [INFO] IPUIPlugin:80 - create IPUIPlugin
2024-11-10 08:55:41,934 [INFO] IPUIPlugin:80 - create IPUIPlugin
2024-11-10 08:55:41,935 [INFO] IPUIPlugin:80 - create IPUIPlugin
2024-11-10 08:55:41,935 [INFO] IPUIPlugin:80 - create IPUIPlugin
2024-11-10 08:55:41,935 [INFO] IPUIPlugin:80 - create IPUIPlugin
2024-11-10 08:55:41,936 [INFO] IPUIPlugin:80 - create IPUIPlugin
2024-11-10 08:55:41,936 [INFO] IPUIPlugin:80 - create IPUIPlugin
2024-11-10 08:55:41,937 [INFO] IPUIPlugin:80 - create IPUIPlugin
2024-11-10 08:55:41,937 [INFO] IPUIPlugin:80 - create IPUIPlugin
2024-11-10 08:55:41,938 [INFO] IPUIPlugin:80 - create IPUIPlugin
2024-11-10 08:55:42,062 [INFO] CADModel:165 - CPN selected for project levelSTM32U575VIT6Q
2024-11-10 08:55:42,062 [INFO] CADModel:114 - Register for checkConnection events
2024-11-10 08:55:42,064 [INFO] RtosManager:697 - Active RTOS found at IOC load: THREADX [CortexM33]
2024-11-10 08:55:42,112 [INFO] OpenFileManager:363 - Restore cursor
2024-11-10 08:55:42,183 [WARN] IP:2191 - SRAM5PowerDownInRunMode not found: check if there is a RefParameter without a condition.
2024-11-10 08:55:42,183 [WARN] IP:2191 - SRAM6PowerDownInRunMode not found: check if there is a RefParameter without a condition.
2024-11-10 08:55:42,183 [WARN] IP:2191 - RAM1Page4PowerDownInStopMode not found: check if there is a RefParameter without a condition.
2024-11-10 08:55:42,184 [WARN] IP:2191 - RAM1Page5PowerDownInStopMode not found: check if there is a RefParameter without a condition.
2024-11-10 08:55:42,184 [WARN] IP:2191 - RAM1Page6PowerDownInStopMode not found: check if there is a RefParameter without a condition.
2024-11-10 08:55:42,184 [WARN] IP:2191 - RAM1Page7PowerDownInStopMode not found: check if there is a RefParameter without a condition.
2024-11-10 08:55:42,184 [WARN] IP:2191 - RAM1Page8PowerDownInStopMode not found: check if there is a RefParameter without a condition.
2024-11-10 08:55:42,184 [WARN] IP:2191 - RAM1Page9PowerDownInStopMode not found: check if there is a RefParameter without a condition.
2024-11-10 08:55:42,184 [WARN] IP:2191 - RAM1Page10PowerDownInStopMode not found: check if there is a RefParameter without a condition.
2024-11-10 08:55:42,184 [WARN] IP:2191 - RAM1Page11PowerDownInStopMode not found: check if there is a RefParameter without a condition.
2024-11-10 08:55:42,184 [WARN] IP:2191 - RAM1Page12PowerDownInStopMode not found: check if there is a RefParameter without a condition.
2024-11-10 08:55:42,184 [WARN] IP:2191 - RAM3Page9PowerDownInStopMode not found: check if there is a RefParameter without a condition.
2024-11-10 08:55:42,184 [WARN] IP:2191 - RAM3Page10PowerDownInStopMode not found: check if there is a RefParameter without a condition.
2024-11-10 08:55:42,184 [WARN] IP:2191 - RAM3Page11PowerDownInStopMode not found: check if there is a RefParameter without a condition.
2024-11-10 08:55:42,184 [WARN] IP:2191 - RAM3Page12PowerDownInStopMode not found: check if there is a RefParameter without a condition.
2024-11-10 08:55:42,184 [WARN] IP:2191 - RAM3Page13PowerDownInStopMode not found: check if there is a RefParameter without a condition.
2024-11-10 08:55:42,184 [WARN] IP:2191 - RAM5Page1PowerDownInStopMode not found: check if there is a RefParameter without a condition.
2024-11-10 08:55:42,184 [WARN] IP:2191 - RAM5Page2PowerDownInStopMode not found: check if there is a RefParameter without a condition.
2024-11-10 08:55:42,184 [WARN] IP:2191 - RAM5Page3PowerDownInStopMode not found: check if there is a RefParameter without a condition.
2024-11-10 08:55:42,184 [WARN] IP:2191 - RAM5Page4PowerDownInStopMode not found: check if there is a RefParameter without a condition.
2024-11-10 08:55:42,184 [WARN] IP:2191 - RAM5Page5PowerDownInStopMode not found: check if there is a RefParameter without a condition.
2024-11-10 08:55:42,184 [WARN] IP:2191 - RAM5Page6PowerDownInStopMode not found: check if there is a RefParameter without a condition.
2024-11-10 08:55:42,184 [WARN] IP:2191 - RAM5Page7PowerDownInStopMode not found: check if there is a RefParameter without a condition.
2024-11-10 08:55:42,184 [WARN] IP:2191 - RAM5Page8PowerDownInStopMode not found: check if there is a RefParameter without a condition.
2024-11-10 08:55:42,184 [WARN] IP:2191 - RAM5Page9PowerDownInStopMode not found: check if there is a RefParameter without a condition.
2024-11-10 08:55:42,184 [WARN] IP:2191 - RAM5Page10PowerDownInStopMode not found: check if there is a RefParameter without a condition.
2024-11-10 08:55:42,184 [WARN] IP:2191 - RAM5Page11PowerDownInStopMode not found: check if there is a RefParameter without a condition.
2024-11-10 08:55:42,184 [WARN] IP:2191 - RAM5Page12PowerDownInStopMode not found: check if there is a RefParameter without a condition.
2024-11-10 08:55:42,184 [WARN] IP:2191 - RAM5Page13PowerDownInStopMode not found: check if there is a RefParameter without a condition.
2024-11-10 08:55:42,184 [WARN] IP:2191 - Dcache2PowerDownInStopMode not found: check if there is a RefParameter without a condition.
2024-11-10 08:55:42,184 [WARN] IP:2191 - GRAPHICPRAMPowerDownInStopMode not found: check if there is a RefParameter without a condition.
2024-11-10 08:55:42,184 [WARN] IP:2191 - DSIRAMPowerDownInStopMode not found: check if there is a RefParameter without a condition.
2024-11-10 08:55:42,185 [WARN] IP:2191 - SRAM5PowerDownInRunMode not found: check if there is a RefParameter without a condition.
2024-11-10 08:55:42,185 [WARN] IP:2191 - SRAM6PowerDownInRunMode not found: check if there is a RefParameter without a condition.
2024-11-10 08:55:42,185 [WARN] IP:2191 - RAM1Page4PowerDownInStopMode not found: check if there is a RefParameter without a condition.
2024-11-10 08:55:42,185 [WARN] IP:2191 - RAM1Page5PowerDownInStopMode not found: check if there is a RefParameter without a condition.
2024-11-10 08:55:42,185 [WARN] IP:2191 - RAM1Page6PowerDownInStopMode not found: check if there is a RefParameter without a condition.
2024-11-10 08:55:42,185 [WARN] IP:2191 - RAM1Page7PowerDownInStopMode not found: check if there is a RefParameter without a condition.
2024-11-10 08:55:42,185 [WARN] IP:2191 - RAM1Page8PowerDownInStopMode not found: check if there is a RefParameter without a condition.
2024-11-10 08:55:42,185 [WARN] IP:2191 - RAM1Page9PowerDownInStopMode not found: check if there is a RefParameter without a condition.
2024-11-10 08:55:42,185 [WARN] IP:2191 - RAM1Page10PowerDownInStopMode not found: check if there is a RefParameter without a condition.
2024-11-10 08:55:42,185 [WARN] IP:2191 - RAM1Page11PowerDownInStopMode not found: check if there is a RefParameter without a condition.
2024-11-10 08:55:42,185 [WARN] IP:2191 - RAM1Page12PowerDownInStopMode not found: check if there is a RefParameter without a condition.
2024-11-10 08:55:42,185 [WARN] IP:2191 - RAM3Page9PowerDownInStopMode not found: check if there is a RefParameter without a condition.
2024-11-10 08:55:42,185 [WARN] IP:2191 - RAM3Page10PowerDownInStopMode not found: check if there is a RefParameter without a condition.
2024-11-10 08:55:42,185 [WARN] IP:2191 - RAM3Page11PowerDownInStopMode not found: check if there is a RefParameter without a condition.
2024-11-10 08:55:42,185 [WARN] IP:2191 - RAM3Page12PowerDownInStopMode not found: check if there is a RefParameter without a condition.
2024-11-10 08:55:42,185 [WARN] IP:2191 - RAM3Page13PowerDownInStopMode not found: check if there is a RefParameter without a condition.
2024-11-10 08:55:42,185 [WARN] IP:2191 - RAM5Page1PowerDownInStopMode not found: check if there is a RefParameter without a condition.
2024-11-10 08:55:42,185 [WARN] IP:2191 - RAM5Page2PowerDownInStopMode not found: check if there is a RefParameter without a condition.
2024-11-10 08:55:42,186 [WARN] IP:2191 - RAM5Page3PowerDownInStopMode not found: check if there is a RefParameter without a condition.
2024-11-10 08:55:42,186 [WARN] IP:2191 - RAM5Page4PowerDownInStopMode not found: check if there is a RefParameter without a condition.
2024-11-10 08:55:42,186 [WARN] IP:2191 - RAM5Page5PowerDownInStopMode not found: check if there is a RefParameter without a condition.
2024-11-10 08:55:42,186 [WARN] IP:2191 - RAM5Page6PowerDownInStopMode not found: check if there is a RefParameter without a condition.
2024-11-10 08:55:42,186 [WARN] IP:2191 - RAM5Page7PowerDownInStopMode not found: check if there is a RefParameter without a condition.
2024-11-10 08:55:42,186 [WARN] IP:2191 - RAM5Page8PowerDownInStopMode not found: check if there is a RefParameter without a condition.
2024-11-10 08:55:42,186 [WARN] IP:2191 - RAM5Page9PowerDownInStopMode not found: check if there is a RefParameter without a condition.
2024-11-10 08:55:42,186 [WARN] IP:2191 - RAM5Page10PowerDownInStopMode not found: check if there is a RefParameter without a condition.
2024-11-10 08:55:42,186 [WARN] IP:2191 - RAM5Page11PowerDownInStopMode not found: check if there is a RefParameter without a condition.
2024-11-10 08:55:42,186 [WARN] IP:2191 - RAM5Page12PowerDownInStopMode not found: check if there is a RefParameter without a condition.
2024-11-10 08:55:42,186 [WARN] IP:2191 - RAM5Page13PowerDownInStopMode not found: check if there is a RefParameter without a condition.
2024-11-10 08:55:42,186 [WARN] IP:2191 - Dcache2PowerDownInStopMode not found: check if there is a RefParameter without a condition.
2024-11-10 08:55:42,186 [WARN] IP:2191 - GRAPHICPRAMPowerDownInStopMode not found: check if there is a RefParameter without a condition.
2024-11-10 08:55:42,186 [WARN] IP:2191 - DSIRAMPowerDownInStopMode not found: check if there is a RefParameter without a condition.
2024-11-10 08:55:42,189 [WARN] IP:2191 - UserConfigCondition not found: check if there is a RefParameter without a condition.
2024-11-10 08:55:42,189 [WARN] IP:2191 - OB_SWAP_BANK_UI not found: check if there is a RefParameter without a condition.
2024-11-10 08:55:42,189 [WARN] IP:2191 - OB_DBANK_UI not found: check if there is a RefParameter without a condition.
2024-11-10 08:55:42,189 [WARN] IP:2191 - OB_SRAM3_ECC_UI not found: check if there is a RefParameter without a condition.
2024-11-10 08:55:42,290 [WARN] IP:2191 - OutPut1 not found: check if there is a RefParameter without a condition.
2024-11-10 08:55:42,290 [WARN] IP:2191 - OutPut2 not found: check if there is a RefParameter without a condition.
2024-11-10 08:55:42,290 [WARN] IP:2191 - OutPut3 not found: check if there is a RefParameter without a condition.
2024-11-10 08:55:42,291 [WARN] IP:2191 - BinMixBcdU not found: check if there is a RefParameter without a condition.
2024-11-10 08:55:42,291 [WARN] IP:2191 - SSRU_Underflow_Interrupt not found: check if there is a RefParameter without a condition.
2024-11-10 08:55:42,291 [WARN] IP:2191 - rtcSecureFull not found: check if there is a RefParameter without a condition.
2024-11-10 08:55:42,291 [WARN] IP:2191 - rtcNonSecureFeatures not found: check if there is a RefParameter without a condition.
2024-11-10 08:55:42,291 [WARN] IP:2191 - RTC_NONSECURE_FEATURE_NONE not found: check if there is a RefParameter without a condition.
2024-11-10 08:55:42,291 [WARN] IP:2191 - RTC_NONSECURE_FEATURE_INIT not found: check if there is a RefParameter without a condition.
2024-11-10 08:55:42,291 [WARN] IP:2191 - RTC_NONSECURE_FEATURE_ALRA not found: check if there is a RefParameter without a condition.
2024-11-10 08:55:42,291 [WARN] IP:2191 - RTC_NONSECURE_FEATURE_ALRB not found: check if there is a RefParameter without a condition.
2024-11-10 08:55:42,291 [WARN] IP:2191 - RTC_NONSECURE_FEATURE_TS not found: check if there is a RefParameter without a condition.
2024-11-10 08:55:42,291 [WARN] IP:2191 - RTC_NONSECURE_FEATURE_CAL not found: check if there is a RefParameter without a condition.
2024-11-10 08:55:42,291 [WARN] IP:2191 - RTC_NONSECURE_FEATURE_WUT not found: check if there is a RefParameter without a condition.
2024-11-10 08:55:42,291 [WARN] IP:2191 - Sec_BKP_Registers1 not found: check if there is a RefParameter without a condition.
2024-11-10 08:55:42,291 [WARN] IP:2191 - backupRegisterStartZone2_gS not found: check if there is a RefParameter without a condition.
2024-11-10 08:55:42,291 [WARN] IP:2191 - backupRegisterStartZone3_gS not found: check if there is a RefParameter without a condition.
2024-11-10 08:55:42,291 [WARN] IP:2191 - OutPut1 not found: check if there is a RefParameter without a condition.
2024-11-10 08:55:42,291 [WARN] IP:2191 - OutPut2 not found: check if there is a RefParameter without a condition.
2024-11-10 08:55:42,291 [WARN] IP:2191 - OutPut3 not found: check if there is a RefParameter without a condition.
2024-11-10 08:55:42,291 [WARN] IP:2191 - BinMixBcdU not found: check if there is a RefParameter without a condition.
2024-11-10 08:55:42,291 [WARN] IP:2191 - SSRU_Underflow_Interrupt not found: check if there is a RefParameter without a condition.
2024-11-10 08:55:42,291 [WARN] IP:2191 - rtcSecureFull not found: check if there is a RefParameter without a condition.
2024-11-10 08:55:42,291 [WARN] IP:2191 - rtcNonSecureFeatures not found: check if there is a RefParameter without a condition.
2024-11-10 08:55:42,291 [WARN] IP:2191 - RTC_NONSECURE_FEATURE_NONE not found: check if there is a RefParameter without a condition.
2024-11-10 08:55:42,291 [WARN] IP:2191 - RTC_NONSECURE_FEATURE_INIT not found: check if there is a RefParameter without a condition.
2024-11-10 08:55:42,291 [WARN] IP:2191 - RTC_NONSECURE_FEATURE_ALRA not found: check if there is a RefParameter without a condition.
2024-11-10 08:55:42,291 [WARN] IP:2191 - RTC_NONSECURE_FEATURE_ALRB not found: check if there is a RefParameter without a condition.
2024-11-10 08:55:42,291 [WARN] IP:2191 - RTC_NONSECURE_FEATURE_TS not found: check if there is a RefParameter without a condition.
2024-11-10 08:55:42,291 [WARN] IP:2191 - RTC_NONSECURE_FEATURE_CAL not found: check if there is a RefParameter without a condition.
2024-11-10 08:55:42,291 [WARN] IP:2191 - RTC_NONSECURE_FEATURE_WUT not found: check if there is a RefParameter without a condition.
2024-11-10 08:55:42,291 [WARN] IP:2191 - Sec_BKP_Registers1 not found: check if there is a RefParameter without a condition.
2024-11-10 08:55:42,292 [WARN] IP:2191 - backupRegisterStartZone2_gS not found: check if there is a RefParameter without a condition.
2024-11-10 08:55:42,292 [WARN] IP:2191 - backupRegisterStartZone3_gS not found: check if there is a RefParameter without a condition.
2024-11-10 08:55:42,306 [WARN] IP:2191 - TX_APP_CREATION not found: check if there is a RefParameter without a condition.
2024-11-10 08:55:42,306 [WARN] IP:2191 - TX_APP_THREAD_ENTRY not found: check if there is a RefParameter without a condition.
2024-11-10 08:55:42,306 [WARN] IP:2191 - TX_APP_THREAD_NAME not found: check if there is a RefParameter without a condition.
2024-11-10 08:55:42,307 [WARN] IP:2191 - TX_APP_THREAD_PRIO not found: check if there is a RefParameter without a condition.
2024-11-10 08:55:42,307 [WARN] IP:2191 - TX_APP_STACK_SIZE not found: check if there is a RefParameter without a condition.
2024-11-10 08:55:42,307 [WARN] IP:2191 - TX_APP_SEM_CREATION not found: check if there is a RefParameter without a condition.
2024-11-10 08:55:42,307 [WARN] IP:2191 - TX_SEMAPHORE_NAME not found: check if there is a RefParameter without a condition.
2024-11-10 08:55:42,307 [WARN] IP:2191 - TX_SEMAPHORE_COUNT not found: check if there is a RefParameter without a condition.
2024-11-10 08:55:42,307 [WARN] IP:2191 - TX_APP_MUTEX_CREATION not found: check if there is a RefParameter without a condition.
2024-11-10 08:55:42,307 [WARN] IP:2191 - TX_MUTEX_NAME not found: check if there is a RefParameter without a condition.
2024-11-10 08:55:42,307 [WARN] IP:2191 - TX_MUTEX_INHERITANCE not found: check if there is a RefParameter without a condition.
2024-11-10 08:55:42,307 [WARN] IP:2191 - TX_APP_MSG_QUEUE_CREATION not found: check if there is a RefParameter without a condition.
2024-11-10 08:55:42,307 [WARN] IP:2191 - TX_MSG_QUEUE_NAME not found: check if there is a RefParameter without a condition.
2024-11-10 08:55:42,307 [WARN] IP:2191 - TX_MSG_SIZE_WORDS not found: check if there is a RefParameter without a condition.
2024-11-10 08:55:42,307 [WARN] IP:2191 - TX_NB_MSG not found: check if there is a RefParameter without a condition.
2024-11-10 08:55:42,307 [WARN] IP:2191 - TX_BASEPRI_VALUE not found: check if there is a RefParameter without a condition.
2024-11-10 08:55:42,307 [WARN] IP:2191 - TX_PORT_BASEPRI_VALUE not found: check if there is a RefParameter without a condition.
