2024-10-25 18:34:20,831 [INFO] Activator:176 - 


2024-10-25 18:34:20,835 [INFO] Activator:177 - !SESSION log4j initialized
2024-10-25 18:34:24,504 [INFO] LogOutputStream:77 - [STDOUT_REDIRECT] 
2024-10-25 18:34:25,359 [INFO] ApplicationProperties:184 - Using Application install path: C:\ST\STM32CubeIDE_1.16.1\STM32CubeIDE\plugins\com.st.stm32cube.common.mx_6.12.1.202409122256
2024-10-25 18:34:25,375 [INFO] DbMcusXml:78 - Set database path to: C:\ST\STM32CubeIDE_1.16.1\STM32CubeIDE\plugins\com.st.stm32cube.common.mx_6.12.1.202409122256\\db\/mcu/
2024-10-25 18:34:25,376 [INFO] ApiDb:274 - Set plugin database path to: C:\ST\STM32CubeIDE_1.16.1\STM32CubeIDE\plugins\com.st.stm32cube.common.mx_6.12.1.202409122256\\db\/plugins/boardmanager/
2024-10-25 18:34:25,376 [WARN] ApiDb:259 - Overriding images path with different value:  => C:\ST\STM32CubeIDE_1.16.1\STM32CubeIDE\plugins\com.st.stm32cube.common.mx_6.12.1.202409122256\\db\/plugins/mcufinder/images/
2024-10-25 18:34:25,379 [INFO] ApiDb:250 - Set database path to: C:\Users\Gamarra\.stmcufinder\plugins\mcufinder//mcu/
2024-10-25 18:34:25,380 [INFO] DbMcusAds:125 - Set database path to: C:\Users\Gamarra\.stmcufinder\plugins\mcufinder//mcu/
2024-10-25 18:34:25,381 [INFO] CrossReferenceDbSqlite:203 - Set database path to: C:\Users\Gamarra\.stmcufinder\plugins\mcufinder//mcu/cs/
2024-10-25 18:34:25,459 [INFO] RulesReader:64 - Compatibility file has been processed (297 Rules)
2024-10-25 18:34:25,507 [INFO] DbMcusXml:78 - Set database path to: C:\ST\STM32CubeIDE_1.16.1\STM32CubeIDE\plugins\com.st.stm32cube.common.mx_6.12.1.202409122256\\db\/mcu/
2024-10-25 18:34:25,507 [INFO] ApiDb:274 - Set plugin database path to: C:\ST\STM32CubeIDE_1.16.1\STM32CubeIDE\plugins\com.st.stm32cube.common.mx_6.12.1.202409122256\\db\/plugins/boardmanager/
2024-10-25 18:34:25,507 [INFO] ApiDb:261 - Set plugin images path to: C:\ST\STM32CubeIDE_1.16.1\STM32CubeIDE\plugins\com.st.stm32cube.common.mx_6.12.1.202409122256\\db\/plugins/mcufinder/images/
2024-10-25 18:34:25,507 [WARN] DbFile:41 - Overriding database path with different value: C:\Users\Gamarra\.stmcufinder\plugins\mcufinder/ => C:\Users\Gamarra\.stmcufinder\plugins\mcufinder
2024-10-25 18:34:25,507 [INFO] ApiDb:250 - Set database path to: C:\Users\Gamarra\.stmcufinder\plugins\mcufinder//mcu/
2024-10-25 18:34:25,507 [WARN] DbFile:41 - Overriding database path with different value: C:\Users\Gamarra\.stmcufinder\plugins\mcufinder/ => C:\Users\Gamarra\.stmcufinder\plugins\mcufinder
2024-10-25 18:34:25,507 [INFO] DbMcusAds:125 - Set database path to: C:\Users\Gamarra\.stmcufinder\plugins\mcufinder//mcu/
2024-10-25 18:34:25,507 [WARN] DbFile:41 - Overriding database path with different value: C:\Users\Gamarra\.stmcufinder\plugins\mcufinder/ => C:\Users\Gamarra\.stmcufinder\plugins\mcufinder
2024-10-25 18:34:25,507 [WARN] DbFile:41 - Overriding database path with different value: C:\Users\Gamarra\.stmcufinder\plugins\mcufinder/ => C:\Users\Gamarra\.stmcufinder\plugins\mcufinder
2024-10-25 18:34:25,507 [INFO] CrossReferenceDbSqlite:203 - Set database path to: C:\Users\Gamarra\.stmcufinder\plugins\mcufinder//mcu/cs/
2024-10-25 18:34:25,558 [INFO] MainPanel:268 - HeapMemory: 438304768
2024-10-25 18:34:25,607 [INFO] DbMcusXml:78 - Set database path to: C:\ST\STM32CubeIDE_1.16.1\STM32CubeIDE\plugins\com.st.stm32cube.common.mx_6.12.1.202409122256\\db\/mcu/
2024-10-25 18:34:25,607 [INFO] ApiDb:274 - Set plugin database path to: C:\ST\STM32CubeIDE_1.16.1\STM32CubeIDE\plugins\com.st.stm32cube.common.mx_6.12.1.202409122256\\db\/plugins/boardmanager/
2024-10-25 18:34:25,607 [INFO] ApiDb:261 - Set plugin images path to: C:\ST\STM32CubeIDE_1.16.1\STM32CubeIDE\plugins\com.st.stm32cube.common.mx_6.12.1.202409122256\\db\/plugins/mcufinder/images/
2024-10-25 18:34:25,608 [WARN] DbFile:41 - Overriding database path with different value: C:\Users\Gamarra\.stmcufinder\plugins\mcufinder/ => C:\Users\Gamarra\.stmcufinder\plugins\mcufinder
2024-10-25 18:34:25,608 [INFO] ApiDb:250 - Set database path to: C:\Users\Gamarra\.stmcufinder\plugins\mcufinder//mcu/
2024-10-25 18:34:25,608 [WARN] DbFile:41 - Overriding database path with different value: C:\Users\Gamarra\.stmcufinder\plugins\mcufinder/ => C:\Users\Gamarra\.stmcufinder\plugins\mcufinder
2024-10-25 18:34:25,608 [INFO] DbMcusAds:125 - Set database path to: C:\Users\Gamarra\.stmcufinder\plugins\mcufinder//mcu/
2024-10-25 18:34:25,608 [WARN] DbFile:41 - Overriding database path with different value: C:\Users\Gamarra\.stmcufinder\plugins\mcufinder/ => C:\Users\Gamarra\.stmcufinder\plugins\mcufinder
2024-10-25 18:34:25,608 [WARN] DbFile:41 - Overriding database path with different value: C:\Users\Gamarra\.stmcufinder\plugins\mcufinder/ => C:\Users\Gamarra\.stmcufinder\plugins\mcufinder
2024-10-25 18:34:25,608 [INFO] CrossReferenceDbSqlite:203 - Set database path to: C:\Users\Gamarra\.stmcufinder\plugins\mcufinder//mcu/cs/
2024-10-25 18:34:25,620 [INFO] ApplicationProperties:184 - Using Application install path: C:\ST\STM32CubeIDE_1.16.1\STM32CubeIDE\plugins\com.st.stm32cube.common.mx_6.12.1.202409122256
2024-10-25 18:34:25,621 [INFO] PluginManage:196 - Search for loadable plugins [exclusion list=, ]
2024-10-25 18:34:25,622 [INFO] PluginManage:310 - Check plugin analytics
2024-10-25 18:34:25,758 [INFO] AnalyticsPlugin:253 - Accepted Software Licenses: STM32CubeMX.6.12.1
2024-10-25 18:34:25,759 [INFO] AnalyticsPlugin:255 - Accepted CMSIS Pack Licenses: 
2024-10-25 18:34:25,759 [INFO] AnalyticsPlugin:257 - Accepted Firmware Licenses: FW.U5.1.5.0,FW.U5.1.2.0,FW.U5.1.6.0,FW.L4.1.18.0
2024-10-25 18:34:25,761 [INFO] PluginManage:359 - Loaded plugin analytics (category:tool,tabindex:-1)
2024-10-25 18:34:25,761 [INFO] PluginManage:310 - Check plugin cadmodel
2024-10-25 18:34:25,764 [INFO] CADModel:105 - Init CAD model plugin
2024-10-25 18:34:25,764 [INFO] PluginManage:359 - Loaded plugin cadmodel (category:power,tabindex:5)
2024-10-25 18:34:25,764 [INFO] PluginManage:310 - Check plugin clock
2024-10-25 18:34:25,771 [INFO] PluginManage:359 - Loaded plugin clock (category:base,tabindex:2)
2024-10-25 18:34:25,772 [INFO] PluginManage:310 - Check plugin ddr
2024-10-25 18:34:25,773 [INFO] PluginManage:359 - Loaded plugin ddr (category:tool,tabindex:6)
2024-10-25 18:34:25,774 [INFO] PluginManage:310 - Check plugin filemanager
2024-10-25 18:34:25,898 [INFO] PluginManage:359 - Loaded plugin filemanager (category:base,tabindex:10)
2024-10-25 18:34:25,898 [INFO] PluginManage:310 - Check plugin ipmanager
2024-10-25 18:34:25,905 [INFO] PluginManage:359 - Loaded plugin ipmanager (category:base,tabindex:5)
2024-10-25 18:34:25,905 [INFO] PluginManage:310 - Check plugin lpbam
2024-10-25 18:34:25,913 [INFO] PluginManage:359 - Loaded plugin lpbam (category:base,tabindex:0)
2024-10-25 18:34:25,913 [INFO] PluginManage:310 - Check plugin memorymap
2024-10-25 18:34:25,923 [INFO] PluginManage:359 - Loaded plugin memorymap (category:base,tabindex:4)
2024-10-25 18:34:25,923 [INFO] PluginManage:310 - Check plugin pinoutandconfiguration
2024-10-25 18:34:25,930 [INFO] PluginManage:359 - Loaded plugin pinoutandconfiguration (category:base,tabindex:1)
2024-10-25 18:34:25,930 [INFO] PluginManage:310 - Check plugin pinoutconfig
2024-10-25 18:34:25,999 [WARN] SupportedApi:132 - Cannot load RTOS API schema: s4s-elt-must-match.1: The content of 'definitions' must match (annotation?, (simpleType | complexType)?, (unique | key | keyref)*)). A problem was found starting at: attribute.
2024-10-25 18:34:26,088 [INFO] PluginManage:359 - Loaded plugin pinoutconfig (category:base,tabindex:0)
2024-10-25 18:34:26,088 [INFO] PluginManage:310 - Check plugin power
2024-10-25 18:34:26,094 [INFO] PluginManage:359 - Loaded plugin power (category:power,tabindex:4)
2024-10-25 18:34:26,094 [INFO] PluginManage:310 - Check plugin projectmanager
2024-10-25 18:34:26,108 [INFO] PluginManage:359 - Loaded plugin projectmanager (category:projectmanager,tabindex:4)
2024-10-25 18:34:26,108 [INFO] PluginManage:310 - Check plugin rif
2024-10-25 18:34:26,113 [INFO] PluginManage:359 - Loaded plugin rif (category:base,tabindex:3)
2024-10-25 18:34:26,113 [INFO] PluginManage:310 - Check plugin thirdparty
2024-10-25 18:34:26,192 [WARN] IntegrityCheckThread:84 - waiting for thirdparty lock release [integrity check]
2024-10-25 18:34:26,193 [INFO] IntegrityCheckThread:86 - entering critical section [integrity check]
2024-10-25 18:34:26,193 [INFO] ThirdPartyUpdaterWithRetryManager:70 - Updater plugin not ready yet. [1/15]
2024-10-25 18:34:26,193 [INFO] PluginManage:359 - Loaded plugin thirdparty (category:base,tabindex:-1)
2024-10-25 18:34:26,193 [INFO] PluginManage:310 - Check plugin tools
2024-10-25 18:34:26,198 [INFO] PluginManage:359 - Loaded plugin tools (category:base,tabindex:7)
2024-10-25 18:34:26,198 [INFO] PluginManage:310 - Check plugin tutovideos
2024-10-25 18:34:26,339 [INFO] PluginManage:359 - Loaded plugin tutovideos (category:base,tabindex:-1)
2024-10-25 18:34:26,340 [INFO] PluginManage:310 - Check plugin updater
2024-10-25 18:34:26,351 [INFO] PluginManage:359 - Loaded plugin updater (category:base,tabindex:12)
2024-10-25 18:34:26,351 [INFO] PluginManage:310 - Check plugin userauth
2024-10-25 18:34:26,354 [INFO] UserAuth:113 - Init User Auth plugin
2024-10-25 18:34:26,354 [INFO] PluginManage:359 - Loaded plugin userauth (category:base,tabindex:14)
2024-10-25 18:34:26,355 [INFO] PluginManage:283 - PluginManage : Loaded plugins [18]
2024-10-25 18:34:26,487 [INFO] PinOutPanel:1561 - setPackage(No Configuration,No Configuration)
2024-10-25 18:34:26,568 [INFO] CADModel:165 - CPN selected for project level
2024-10-25 18:34:26,568 [INFO] CADModel:114 - Register for checkConnection events
2024-10-25 18:34:26,577 [INFO] IPUIPlugin:80 - create IPUIPlugin
2024-10-25 18:34:26,577 [INFO] PluginManager:220 - loadIPPluginJar : add adc
2024-10-25 18:34:26,579 [INFO] IPUIPlugin:80 - create IPUIPlugin
2024-10-25 18:34:26,579 [INFO] PluginManager:220 - loadIPPluginJar : add aes
2024-10-25 18:34:26,581 [INFO] IPUIPlugin:80 - create IPUIPlugin
2024-10-25 18:34:26,581 [INFO] PluginManager:220 - loadIPPluginJar : add can
2024-10-25 18:34:26,582 [INFO] IPUIPlugin:80 - create IPUIPlugin
2024-10-25 18:34:26,582 [INFO] PluginManager:220 - loadIPPluginJar : add comp
2024-10-25 18:34:26,583 [INFO] IPUIPlugin:80 - create IPUIPlugin
2024-10-25 18:34:26,584 [INFO] PluginManager:220 - loadIPPluginJar : add cryp
2024-10-25 18:34:26,585 [INFO] IPUIPlugin:80 - create IPUIPlugin
2024-10-25 18:34:26,585 [INFO] PluginManager:220 - loadIPPluginJar : add ddr_ctrl_phy
2024-10-25 18:34:26,586 [INFO] IPUIPlugin:80 - create IPUIPlugin
2024-10-25 18:34:26,586 [INFO] PluginManager:220 - loadIPPluginJar : add dfsdm
2024-10-25 18:34:26,590 [INFO] IPUIPlugin:80 - create IPUIPlugin
2024-10-25 18:34:26,590 [INFO] PluginManager:220 - loadIPPluginJar : add dma
2024-10-25 18:34:26,592 [INFO] IPUIPlugin:80 - create IPUIPlugin
2024-10-25 18:34:26,592 [INFO] PluginManager:220 - loadIPPluginJar : add dma3
2024-10-25 18:34:26,593 [INFO] IPUIPlugin:80 - create IPUIPlugin
2024-10-25 18:34:26,594 [INFO] PluginManager:220 - loadIPPluginJar : add extmemmanager
2024-10-25 18:34:26,595 [INFO] IPUIPlugin:80 - create IPUIPlugin
2024-10-25 18:34:26,595 [INFO] PluginManager:220 - loadIPPluginJar : add fatfs
2024-10-25 18:34:26,598 [INFO] IPUIPlugin:80 - create IPUIPlugin
2024-10-25 18:34:26,598 [INFO] PluginManager:220 - loadIPPluginJar : add fmc
2024-10-25 18:34:26,602 [INFO] IPUIPlugin:80 - create IPUIPlugin
2024-10-25 18:34:26,602 [INFO] PluginManager:220 - loadIPPluginJar : add freertos
2024-10-25 18:34:26,603 [INFO] IPUIPlugin:80 - create IPUIPlugin
2024-10-25 18:34:26,603 [INFO] PluginManager:220 - loadIPPluginJar : add genericplugin
2024-10-25 18:34:26,604 [INFO] IPUIPlugin:80 - create IPUIPlugin
2024-10-25 18:34:26,604 [INFO] PluginManager:220 - loadIPPluginJar : add gfxmmu
2024-10-25 18:34:26,608 [INFO] IPUIPlugin:80 - create IPUIPlugin
2024-10-25 18:34:26,608 [INFO] PluginManager:220 - loadIPPluginJar : add gic
2024-10-25 18:34:26,622 [INFO] IPUIPlugin:80 - create IPUIPlugin
2024-10-25 18:34:26,622 [INFO] PluginManager:220 - loadIPPluginJar : add gpio
2024-10-25 18:34:26,625 [INFO] IPUIPlugin:80 - create IPUIPlugin
2024-10-25 18:34:26,625 [INFO] PluginManager:220 - loadIPPluginJar : add gtzc
2024-10-25 18:34:26,627 [INFO] IPUIPlugin:80 - create IPUIPlugin
2024-10-25 18:34:26,627 [INFO] PluginManager:220 - loadIPPluginJar : add hash
2024-10-25 18:34:26,629 [INFO] IPUIPlugin:80 - create IPUIPlugin
2024-10-25 18:34:26,629 [INFO] PluginManager:220 - loadIPPluginJar : add i2c
2024-10-25 18:34:26,631 [INFO] IPUIPlugin:80 - create IPUIPlugin
2024-10-25 18:34:26,631 [INFO] PluginManager:220 - loadIPPluginJar : add i2s
2024-10-25 18:34:26,634 [INFO] IPUIPlugin:80 - create IPUIPlugin
2024-10-25 18:34:26,634 [INFO] PluginManager:220 - loadIPPluginJar : add i3c
2024-10-25 18:34:26,637 [INFO] IPUIPlugin:80 - create IPUIPlugin
2024-10-25 18:34:26,637 [INFO] PluginManager:220 - loadIPPluginJar : add ipddr
2024-10-25 18:34:26,642 [INFO] IPUIPlugin:80 - create IPUIPlugin
2024-10-25 18:34:26,643 [INFO] PluginManager:220 - loadIPPluginJar : add linkedlist
2024-10-25 18:34:26,646 [INFO] IPUIPlugin:80 - create IPUIPlugin
2024-10-25 18:34:26,647 [INFO] PluginManager:220 - loadIPPluginJar : add lorawan
2024-10-25 18:34:26,648 [INFO] IPUIPlugin:80 - create IPUIPlugin
2024-10-25 18:34:26,648 [INFO] PluginManager:220 - loadIPPluginJar : add ltdc
2024-10-25 18:34:26,651 [INFO] IPUIPlugin:80 - create IPUIPlugin
2024-10-25 18:34:26,652 [INFO] PluginManager:220 - loadIPPluginJar : add mdma
2024-10-25 18:34:26,654 [INFO] IPUIPlugin:80 - create IPUIPlugin
2024-10-25 18:34:26,654 [INFO] PluginManager:220 - loadIPPluginJar : add nvic
2024-10-25 18:34:26,657 [INFO] IPUIPlugin:80 - create IPUIPlugin
2024-10-25 18:34:26,657 [INFO] PluginManager:220 - loadIPPluginJar : add opamp
2024-10-25 18:34:26,659 [INFO] IPUIPlugin:80 - create IPUIPlugin
2024-10-25 18:34:26,659 [INFO] PluginManager:220 - loadIPPluginJar : add openamp
2024-10-25 18:34:26,662 [INFO] IPUIPlugin:80 - create IPUIPlugin
2024-10-25 18:34:26,662 [INFO] PluginManager:220 - loadIPPluginJar : add pdm2pcm
2024-10-25 18:34:26,666 [INFO] IPUIPlugin:80 - create IPUIPlugin
2024-10-25 18:34:26,669 [INFO] PluginManager:220 - loadIPPluginJar : add plateformsettings
2024-10-25 18:34:26,670 [INFO] IPUIPlugin:80 - create IPUIPlugin
2024-10-25 18:34:26,671 [INFO] PluginManager:220 - loadIPPluginJar : add quadspi
2024-10-25 18:34:26,672 [INFO] IPUIPlugin:80 - create IPUIPlugin
2024-10-25 18:34:26,672 [INFO] PluginManager:220 - loadIPPluginJar : add radio
2024-10-25 18:34:26,674 [INFO] IPUIPlugin:80 - create IPUIPlugin
2024-10-25 18:34:26,674 [INFO] PluginManager:220 - loadIPPluginJar : add resmgrutility
2024-10-25 18:34:26,676 [INFO] IPUIPlugin:80 - create IPUIPlugin
2024-10-25 18:34:26,676 [INFO] PluginManager:220 - loadIPPluginJar : add sai
2024-10-25 18:34:26,677 [INFO] IPUIPlugin:80 - create IPUIPlugin
2024-10-25 18:34:26,677 [INFO] PluginManager:220 - loadIPPluginJar : add spi
2024-10-25 18:34:26,680 [INFO] IPUIPlugin:80 - create IPUIPlugin
2024-10-25 18:34:26,680 [INFO] PluginManager:220 - loadIPPluginJar : add stm32_wpan
2024-10-25 18:34:26,682 [INFO] IPUIPlugin:80 - create IPUIPlugin
2024-10-25 18:34:26,682 [INFO] PluginManager:220 - loadIPPluginJar : add tim
2024-10-25 18:34:26,684 [INFO] IPUIPlugin:80 - create IPUIPlugin
2024-10-25 18:34:26,684 [INFO] PluginManager:220 - loadIPPluginJar : add touchsensing
2024-10-25 18:34:26,685 [INFO] IPUIPlugin:80 - create IPUIPlugin
2024-10-25 18:34:26,685 [INFO] PluginManager:220 - loadIPPluginJar : add tracer_emb
2024-10-25 18:34:26,686 [INFO] IPUIPlugin:80 - create IPUIPlugin
2024-10-25 18:34:26,686 [INFO] PluginManager:220 - loadIPPluginJar : add ts
2024-10-25 18:34:26,687 [INFO] IPUIPlugin:80 - create IPUIPlugin
2024-10-25 18:34:26,687 [INFO] PluginManager:220 - loadIPPluginJar : add tsc
2024-10-25 18:34:26,688 [INFO] IPUIPlugin:80 - create IPUIPlugin
2024-10-25 18:34:26,689 [INFO] PluginManager:220 - loadIPPluginJar : add ucpd
2024-10-25 18:34:26,690 [INFO] IPUIPlugin:80 - create IPUIPlugin
2024-10-25 18:34:26,690 [INFO] PluginManager:220 - loadIPPluginJar : add usart
2024-10-25 18:34:26,692 [INFO] IPUIPlugin:80 - create IPUIPlugin
2024-10-25 18:34:26,692 [INFO] PluginManager:220 - loadIPPluginJar : add usbx
2024-10-25 18:34:26,811 [INFO] CADModel:165 - CPN selected for project level
2024-10-25 18:34:26,811 [INFO] CADModel:114 - Register for checkConnection events
2024-10-25 18:34:26,811 [FATAL] Updater:334 - Updater called before beeing initialized
2024-10-25 18:34:26,811 [ERROR] CADModel:125 - Updater not yet initialized, retry later 
2024-10-25 18:34:26,894 [INFO] CADModel:165 - CPN selected for project level
2024-10-25 18:34:26,894 [INFO] CADModel:114 - Register for checkConnection events
2024-10-25 18:34:26,894 [FATAL] Updater:334 - Updater called before beeing initialized
2024-10-25 18:34:26,894 [ERROR] CADModel:125 - Updater not yet initialized, retry later 
2024-10-25 18:34:26,897 [FATAL] Updater:334 - Updater called before beeing initialized
2024-10-25 18:34:26,981 [FATAL] Updater:334 - Updater called before beeing initialized
2024-10-25 18:34:26,984 [INFO] DbMcusAds:53 - JSON generation date=Fri Sep 20 10:04:38 ART 2024 (1726837478367)
2024-10-25 18:34:26,985 [FATAL] Updater:334 - Updater called before beeing initialized
2024-10-25 18:34:27,011 [WARN] DetailPanel:346 - Failed to get advertising image, set to default
2024-10-25 18:34:27,086 [FATAL] Updater:334 - Updater called before beeing initialized
2024-10-25 18:34:27,087 [FATAL] Updater:334 - Updater called before beeing initialized
2024-10-25 18:34:27,087 [FATAL] Updater:334 - Updater called before beeing initialized
2024-10-25 18:34:27,087 [WARN] DetailPanel:346 - Failed to get advertising image, set to default
2024-10-25 18:34:27,088 [FATAL] Updater:334 - Updater called before beeing initialized
2024-10-25 18:34:27,125 [ERROR] Updater:1164 - MainUpdater not yet initialized. External WinMGr cannot be set.
2024-10-25 18:34:27,126 [INFO] Updater:1100 - Updater Version found : 6.12.1
2024-10-25 18:34:27,139 [INFO] ApplicationProperties:184 - Using Application install path: C:\ST\STM32CubeIDE_1.16.1\STM32CubeIDE\plugins\com.st.stm32cube.common.mx_6.12.1.202409122256
2024-10-25 18:34:28,704 [ERROR] LogOutputStream:75 - [STDERR_REDIRECT] Oct 25, 2024 6:34:28 PM java.util.prefs.WindowsPreferences <init>
2024-10-25 18:34:28,706 [ERROR] LogOutputStream:75 - [STDERR_REDIRECT] WARNING: Could not open/create prefs root node Software\JavaSoft\Prefs at root 0xffffffff80000002. Windows RegCreateKeyEx(...) returned error code 5.
2024-10-25 18:34:28,706 [ERROR] LogOutputStream:75 - [STDERR_REDIRECT] 
2024-10-25 18:34:29,063 [INFO] MainUpdater:2873 - connection check result : 10
2024-10-25 18:34:29,063 [INFO] MainUpdater:290 - Updater Check For Update Now.
2024-10-25 18:34:29,063 [INFO] MicroXplorer:498 - Change Database Version : DB.6.0.121
2024-10-25 18:34:29,069 [INFO] McuFinderGlobals:63 - Set McuFinder mode to 2 (CubeIDE integrated)
2024-10-25 18:34:29,069 [INFO] UserAuth:417 - Internet connection configuration mode: 1
2024-10-25 18:34:29,080 [INFO] JxBrowserEngine:152 - Initiate JxBrowser Engine with user profile folder
2024-10-25 18:34:29,193 [WARN] MainUpdater:1194 - Updater busy. Cannot search thirdparties
2024-10-25 18:34:29,193 [INFO] ThirdPartyUpdaterWithRetryManager:96 - Updater plugin is busy. [1/15]
2024-10-25 18:34:29,264 [INFO] CheckServerUpdateThread:120 - End of CheckServer Thread
2024-10-25 18:34:29,602 [INFO] WebApp:167 - Instantiating new browser for Auth
2024-10-25 18:34:30,180 [INFO] WebApp:448 - Apply proxy settings
2024-10-25 18:34:30,180 [INFO] WebApp:533 - Chromium requires no authentication
2024-10-25 18:34:30,187 [INFO] WebApp:476 - Direct internet connection detected
2024-10-25 18:34:30,201 [INFO] WebApp:869 - Register for checkConnection events
2024-10-25 18:34:30,201 [INFO] WebApp:448 - Apply proxy settings
2024-10-25 18:34:30,202 [INFO] WebApp:533 - Chromium requires no authentication
2024-10-25 18:34:30,202 [INFO] WebApp:476 - Direct internet connection detected
2024-10-25 18:34:30,335 [INFO] WebApp:220 - Starting web application
2024-10-25 18:34:30,336 [INFO] WebApp:578 - Web application path used C:\ST\STM32CubeIDE_1.16.1\STM32CubeIDE\plugins\com.st.stm32cube.common.mx_6.12.1.202409122256\db\plugins\mcufinder\reactClient1\index.html
2024-10-25 18:34:30,413 [INFO] UserAuth:417 - Internet connection configuration mode: 1
2024-10-25 18:34:30,490 [INFO] WebApp:186 - Connection restablished
2024-10-25 18:34:32,354 [WARN] PackLoader:240 - Cannot read IP mode file for STMicroelectronics.X-CUBE-SMBUS.2.1.0
2024-10-25 18:34:32,363 [WARN] PackLoader:240 - Cannot read IP mode file for STMicroelectronics.X-CUBE-WB05N.1.1.0
2024-10-25 18:34:32,368 [WARN] PackLoader:240 - Cannot read IP mode file for STMicroelectronics.X-CUBE-TOUCHGFX.4.23.2
2024-10-25 18:34:32,395 [WARN] PackLoader:240 - Cannot read IP mode file for STMicroelectronics.X-CUBE-AZRTOS-F7.1.1.0
2024-10-25 18:34:32,458 [WARN] PackLoader:240 - Cannot read IP mode file for STMicroelectronics.X-CUBE-MEMS1.11.0.0
2024-10-25 18:34:32,600 [WARN] PackLoader:240 - Cannot read IP mode file for STMicroelectronics.FP-SNS-FLIGHT1.5.0.2
2024-10-25 18:34:32,608 [WARN] PackLoader:240 - Cannot read IP mode file for STMicroelectronics.X-CUBE-DISPLAY.3.0.0
2024-10-25 18:34:32,615 [WARN] PackLoader:240 - Cannot read IP mode file for STMicroelectronics.X-CUBE-BLE1.7.0.0
2024-10-25 18:34:32,621 [WARN] PackLoader:240 - Cannot read IP mode file for STMicroelectronics.X-CUBE-NFC10.1.0.0
2024-10-25 18:34:32,628 [WARN] PackLoader:240 - Cannot read IP mode file for emotas.I-CUBE-CANOPEN.1.3.0
2024-10-25 18:34:32,637 [WARN] PackLoader:240 - Cannot read IP mode file for STMicroelectronics.X-CUBE-BLEMGR.3.1.0
2024-10-25 18:34:32,642 [WARN] PackLoader:240 - Cannot read IP mode file for STMicroelectronics.FP-SNS-SMARTAG2.1.2.0
2024-10-25 18:34:32,655 [INFO] LogOutputStream:77 - [STDOUT_REDIRECT] 1 : Invalid condition id : UX_CORESTACK_Condition cause : null
2024-10-25 18:34:32,656 [INFO] LogOutputStream:77 - [STDOUT_REDIRECT] 1 : Invalid condition id : UX_CORESTACK_Condition cause : null
2024-10-25 18:34:32,657 [INFO] LogOutputStream:77 - [STDOUT_REDIRECT] 1 : Invalid condition id : UX_CORESTACK_Condition cause : null
2024-10-25 18:34:32,658 [INFO] LogOutputStream:77 - [STDOUT_REDIRECT] 1 : Invalid condition id : UX_CORESTACK_Condition cause : null
2024-10-25 18:34:32,659 [INFO] LogOutputStream:77 - [STDOUT_REDIRECT] 1 : Invalid condition id : UX_CORESTACK_Condition cause : null
2024-10-25 18:34:32,661 [WARN] PackLoader:240 - Cannot read IP mode file for STMicroelectronics.X-CUBE-AZRTOS-WL.2.0.0
2024-10-25 18:34:32,665 [WARN] PackLoader:240 - Cannot read IP mode file for wolfSSL.I-CUBE-wolfMQTT.1.19.0
2024-10-25 18:34:32,672 [WARN] PackLoader:240 - Cannot read IP mode file for WES.I-CUBE-Cesium.1.3.0
2024-10-25 18:34:32,676 [WARN] PackLoader:240 - Cannot read IP mode file for STMicroelectronics.X-CUBE-BLE2.3.3.0
2024-10-25 18:34:32,683 [WARN] PackLoader:240 - Cannot read IP mode file for STMicroelectronics.X-CUBE-NFC9.1.0.0
2024-10-25 18:34:32,690 [WARN] PackLoader:240 - Cannot read IP mode file for STMicroelectronics.X-CUBE-ALGOBUILD.1.3.0
2024-10-25 18:34:32,707 [WARN] PackLoader:240 - Cannot read IP mode file for STMicroelectronics.X-CUBE-AZRTOS-G0.1.1.0
2024-10-25 18:34:32,714 [WARN] PackLoader:240 - Cannot read IP mode file for STMicroelectronics.X-CUBE-NFC4.3.0.0
2024-10-25 18:34:32,725 [WARN] PackLoader:240 - Cannot read IP mode file for EmbeddedOffice.I-CUBE-FS-RTOS.1.0.1
2024-10-25 18:34:32,725 [ERROR] ConditionMgr:805 - Attr not supported : Dmpu
2024-10-25 18:34:32,725 [ERROR] ConditionMgr:805 - Attr not supported : Dmpu
2024-10-25 18:34:32,725 [ERROR] ConditionMgr:805 - Attr not supported : Dmpu
2024-10-25 18:34:32,725 [ERROR] ConditionMgr:805 - Attr not supported : Dmpu
2024-10-25 18:34:32,725 [ERROR] ConditionMgr:805 - Attr not supported : Dmpu
2024-10-25 18:34:32,725 [ERROR] ConditionMgr:805 - Attr not supported : Dmpu
2024-10-25 18:34:32,725 [ERROR] ConditionMgr:805 - Attr not supported : Dmpu
2024-10-25 18:34:32,725 [ERROR] ConditionMgr:805 - Attr not supported : Dmpu
2024-10-25 18:34:32,726 [ERROR] ConditionMgr:805 - Attr not supported : Dmpu
2024-10-25 18:34:32,726 [ERROR] ConditionMgr:805 - Attr not supported : Dmpu
2024-10-25 18:34:32,726 [ERROR] ConditionMgr:805 - Attr not supported : Dmpu
2024-10-25 18:34:32,726 [ERROR] ConditionMgr:805 - Attr not supported : Dmpu
2024-10-25 18:34:32,726 [ERROR] ConditionMgr:805 - Attr not supported : Dmpu
2024-10-25 18:34:32,726 [ERROR] ConditionMgr:805 - Attr not supported : Dmpu
2024-10-25 18:34:32,726 [ERROR] ConditionMgr:805 - Attr not supported : Dmpu
2024-10-25 18:34:32,726 [ERROR] ConditionMgr:805 - Attr not supported : Dmpu
2024-10-25 18:34:32,726 [ERROR] ConditionMgr:805 - Attr not supported : Dmpu
2024-10-25 18:34:32,726 [ERROR] ConditionMgr:805 - Attr not supported : Dmpu
2024-10-25 18:34:32,726 [ERROR] ConditionMgr:805 - Attr not supported : Dmpu
2024-10-25 18:34:32,726 [ERROR] ConditionMgr:805 - Attr not supported : Dmpu
2024-10-25 18:34:32,726 [ERROR] ConditionMgr:805 - Attr not supported : Dmpu
2024-10-25 18:34:32,726 [ERROR] ConditionMgr:805 - Attr not supported : Dmpu
2024-10-25 18:34:32,727 [ERROR] ConditionMgr:805 - Attr not supported : Dmpu
2024-10-25 18:34:32,727 [ERROR] ConditionMgr:805 - Attr not supported : Dmpu
2024-10-25 18:34:32,727 [ERROR] ConditionMgr:805 - Attr not supported : Dmpu
2024-10-25 18:34:32,727 [ERROR] ConditionMgr:805 - Attr not supported : Dmpu
2024-10-25 18:34:32,727 [ERROR] ConditionMgr:805 - Attr not supported : Dmpu
2024-10-25 18:34:32,727 [ERROR] ConditionMgr:805 - Attr not supported : Dmpu
2024-10-25 18:34:32,727 [ERROR] ConditionMgr:805 - Attr not supported : Dmpu
2024-10-25 18:34:32,727 [ERROR] ConditionMgr:805 - Attr not supported : Dmpu
2024-10-25 18:34:32,727 [ERROR] ConditionMgr:805 - Attr not supported : Dmpu
2024-10-25 18:34:32,727 [ERROR] ConditionMgr:805 - Attr not supported : Dmpu
2024-10-25 18:34:32,727 [ERROR] ConditionMgr:805 - Attr not supported : Dmpu
2024-10-25 18:34:32,727 [ERROR] ConditionMgr:805 - Attr not supported : Dmpu
2024-10-25 18:34:32,727 [ERROR] ConditionMgr:805 - Attr not supported : Dmpu
2024-10-25 18:34:32,727 [ERROR] ConditionMgr:805 - Attr not supported : Dmpu
2024-10-25 18:34:32,728 [ERROR] ConditionMgr:805 - Attr not supported : Dmpu
2024-10-25 18:34:32,728 [ERROR] ConditionMgr:805 - Attr not supported : Dmpu
2024-10-25 18:34:32,728 [ERROR] ConditionMgr:805 - Attr not supported : Dmpu
2024-10-25 18:34:32,728 [ERROR] ConditionMgr:805 - Attr not supported : Dmpu
2024-10-25 18:34:32,728 [ERROR] ConditionMgr:805 - Attr not supported : Dmpu
2024-10-25 18:34:32,728 [ERROR] ConditionMgr:805 - Attr not supported : Dmpu
2024-10-25 18:34:32,728 [ERROR] ConditionMgr:805 - Attr not supported : Dmpu
2024-10-25 18:34:32,728 [ERROR] ConditionMgr:805 - Attr not supported : Dmpu
2024-10-25 18:34:32,728 [ERROR] ConditionMgr:805 - Attr not supported : Dmpu
2024-10-25 18:34:32,728 [ERROR] ConditionMgr:805 - Attr not supported : Dmpu
2024-10-25 18:34:32,728 [ERROR] ConditionMgr:805 - Attr not supported : Dmpu
2024-10-25 18:34:32,728 [ERROR] ConditionMgr:805 - Attr not supported : Dmpu
2024-10-25 18:34:32,729 [ERROR] ConditionMgr:805 - Attr not supported : Dmpu
2024-10-25 18:34:32,729 [ERROR] ConditionMgr:805 - Attr not supported : Dmpu
2024-10-25 18:34:32,729 [ERROR] ConditionMgr:805 - Attr not supported : Dmpu
2024-10-25 18:34:32,729 [ERROR] ConditionMgr:805 - Attr not supported : Dmpu
2024-10-25 18:34:32,729 [ERROR] ConditionMgr:805 - Attr not supported : Dmpu
2024-10-25 18:34:32,729 [ERROR] ConditionMgr:805 - Attr not supported : Dmpu
2024-10-25 18:34:32,729 [ERROR] ConditionMgr:805 - Attr not supported : Dmpu
2024-10-25 18:34:32,729 [ERROR] ConditionMgr:805 - Attr not supported : Dmpu
2024-10-25 18:34:32,729 [ERROR] ConditionMgr:805 - Attr not supported : Dmpu
2024-10-25 18:34:32,729 [ERROR] ConditionMgr:805 - Attr not supported : Dmpu
2024-10-25 18:34:32,729 [ERROR] ConditionMgr:805 - Attr not supported : Dmpu
2024-10-25 18:34:32,729 [ERROR] ConditionMgr:805 - Attr not supported : Dmpu
2024-10-25 18:34:32,730 [ERROR] ConditionMgr:805 - Attr not supported : Dmpu
2024-10-25 18:34:32,730 [ERROR] ConditionMgr:805 - Attr not supported : Dmpu
2024-10-25 18:34:32,730 [ERROR] ConditionMgr:805 - Attr not supported : Dmpu
2024-10-25 18:34:32,730 [ERROR] ConditionMgr:805 - Attr not supported : Dmpu
2024-10-25 18:34:32,736 [WARN] PackLoader:240 - Cannot read IP mode file for RealThread.X-CUBE-RT-Thread_Nano.4.1.1
2024-10-25 18:34:32,740 [WARN] PackLoader:240 - Cannot read IP mode file for STMicroelectronics.FP-ATR-SIGFOX1.3.2.0
2024-10-25 18:34:32,743 [WARN] PackLoader:240 - Cannot read IP mode file for wolfSSL.I-CUBE-wolfSSL.5.7.2
2024-10-25 18:34:32,749 [WARN] PackLoader:240 - Cannot read IP mode file for STMicroelectronics.X-CUBE-EEPRMA1.5.1.0
2024-10-25 18:34:32,755 [WARN] PackLoader:240 - Cannot read IP mode file for ITTIA_DB.I-CUBE-ITTIADB.8.9.0
2024-10-25 18:34:32,816 [WARN] PackLoader:240 - Cannot read IP mode file for SEGGER.I-CUBE-embOS.1.3.1
2024-10-25 18:34:32,889 [WARN] PackLoader:240 - Cannot read IP mode file for STMicroelectronics.X-CUBE-ALGOBUILD.1.4.0
2024-10-25 18:34:32,894 [WARN] PackLoader:240 - Cannot read IP mode file for STMicroelectronics.X-CUBE-AI.9.1.0
2024-10-25 18:34:32,898 [WARN] PackLoader:240 - Cannot read IP mode file for STMicroelectronics.X-CUBE-GNSS1.6.0.0
2024-10-25 18:34:32,915 [WARN] PackLoader:240 - Cannot read IP mode file for STMicroelectronics.X-CUBE-AZRTOS-F4.1.1.0
2024-10-25 18:34:32,923 [WARN] PackLoader:240 - Cannot read IP mode file for STMicroelectronics.X-CUBE-ISPU.2.1.0
2024-10-25 18:34:32,934 [WARN] PackLoader:240 - Cannot read IP mode file for STMicroelectronics.X-CUBE-AZRTOS-L5.2.0.0
2024-10-25 18:34:32,939 [WARN] PackLoader:240 - Cannot read IP mode file for STMicroelectronics.X-CUBE-DPower.1.2.0
2024-10-25 18:34:32,941 [WARN] PackLoader:240 - Cannot read IP mode file for STMicroelectronics.X-CUBE-AI.9.0.0
2024-10-25 18:34:32,944 [WARN] PackLoader:240 - Cannot read IP mode file for STMicroelectronics.X-CUBE-NFC7.1.0.1
2024-10-25 18:34:32,960 [WARN] ConditionMgr:438 - getConditionDescription Invalid condition id : LAN8742 Phy interface Condition cause : null
2024-10-25 18:34:32,960 [WARN] PackLoader:240 - Cannot read IP mode file for STMicroelectronics.X-CUBE-AZRTOS-L4.2.0.0
2024-10-25 18:34:32,962 [WARN] ConditionMgr:1039 - genDependencies : Invalid condition id : LAN8742 Phy interface Condition cause : null
2024-10-25 18:34:32,962 [WARN] ConditionMgr:1039 - genDependencies : Invalid condition id : LAN8742 Phy interface Condition cause : null
2024-10-25 18:34:32,962 [WARN] ConditionMgr:1039 - genDependencies : Invalid condition id : LAN8742 Phy interface Condition cause : null
2024-10-25 18:34:32,968 [WARN] PackLoader:240 - Cannot read IP mode file for STMicroelectronics.X-CUBE-SFXS2LP1.4.0.0
2024-10-25 18:34:32,988 [WARN] PackLoader:240 - Cannot read IP mode file for STMicroelectronics.X-CUBE-AZRTOS-H7.3.3.0
2024-10-25 18:34:33,000 [WARN] PackLoader:240 - Cannot read IP mode file for STMicroelectronics.X-CUBE-IPS.3.0.0
2024-10-25 18:34:33,014 [WARN] ConditionMgr:438 - getConditionDescription Invalid condition id : UX DEVICE CLASS RTOS Condition cause : null
2024-10-25 18:34:33,015 [WARN] ConditionMgr:438 - getConditionDescription Invalid condition id : UX DEVICE CLASS RTOS Condition cause : null
2024-10-25 18:34:33,016 [WARN] PackLoader:240 - Cannot read IP mode file for STMicroelectronics.X-CUBE-AZRTOS-WB.2.0.0
2024-10-25 18:34:33,016 [WARN] ConditionMgr:1039 - genDependencies : Invalid condition id : UX DEVICE CLASS RTOS Condition cause : null
2024-10-25 18:34:33,016 [WARN] ConditionMgr:1039 - genDependencies : Invalid condition id : UX DEVICE CLASS RTOS Condition cause : null
2024-10-25 18:34:33,017 [WARN] ConditionMgr:1039 - genDependencies : Invalid condition id : UX DEVICE CLASS RTOS Condition cause : null
2024-10-25 18:34:33,017 [WARN] ConditionMgr:1039 - genDependencies : Invalid condition id : UX DEVICE CLASS RTOS Condition cause : null
2024-10-25 18:34:33,017 [WARN] ConditionMgr:1039 - genDependencies : Invalid condition id : UX DEVICE CLASS RTOS Condition cause : null
2024-10-25 18:34:33,029 [WARN] PackLoader:240 - Cannot read IP mode file for STMicroelectronics.X-CUBE-GNSS1.7.0.0
2024-10-25 18:34:33,034 [WARN] PackLoader:240 - Cannot read IP mode file for STMicroelectronics.FP-SNS-STBOX1.2.0.0
2024-10-25 18:34:33,045 [WARN] PackLoader:240 - Cannot read IP mode file for STMicroelectronics.X-CUBE-SUBG2.5.0.0
2024-10-25 18:34:33,058 [WARN] PackLoader:240 - Cannot read IP mode file for STMicroelectronics.X-CUBE-AZRTOS-G4.2.0.0
2024-10-25 18:34:33,061 [WARN] PackLoader:240 - Cannot read IP mode file for STMicroelectronics.X-CUBE-ISPU.2.0.0
2024-10-25 18:34:33,063 [WARN] PackLoader:240 - Cannot read IP mode file for STMicroelectronics.X-CUBE-ALS.1.0.2
2024-10-25 18:34:33,089 [WARN] PackLoader:240 - Cannot read IP mode file for STMicroelectronics.X-CUBE-MEMS1.10.0.0
2024-10-25 18:34:33,173 [WARN] PackLoader:240 - Cannot read IP mode file for STMicroelectronics.X-CUBE-TOUCHGFX.4.24.0
2024-10-25 18:34:33,175 [WARN] PackLoader:240 - Cannot read IP mode file for STMicroelectronics.X-CUBE-TOUCHGFX.4.24.1
2024-10-25 18:34:33,177 [WARN] PackLoader:240 - Cannot read IP mode file for wolfSSL.I-CUBE-wolfTPM.3.4.0
2024-10-25 18:34:33,180 [WARN] PackLoader:240 - Cannot read IP mode file for portGmbH.I-Cube-SoM-uGOAL.1.1.0
2024-10-25 18:34:33,183 [WARN] PackLoader:240 - Cannot read IP mode file for STMicroelectronics.X-CUBE-ALS.1.0.1
2024-10-25 18:34:33,186 [WARN] PackLoader:240 - Cannot read IP mode file for STMicroelectronics.FP-ATR-ASTRA1.2.0.0
2024-10-25 18:34:33,195 [WARN] PackLoader:240 - Cannot read IP mode file for STMicroelectronics.X-CUBE-TOF1.3.4.2
2024-10-25 18:34:33,209 [WARN] PackLoader:240 - Cannot read IP mode file for STMicroelectronics.X-CUBE-TOF1.3.4.1
2024-10-25 18:34:33,228 [WARN] PackLoader:240 - Cannot read IP mode file for STMicroelectronics.X-CUBE-AZRTOS-H7.3.2.0
2024-10-25 18:34:33,237 [WARN] PackLoader:240 - Cannot read IP mode file for Infineon.AIROC-Wi-Fi-Bluetooth-STM32.1.6.0
2024-10-25 18:34:33,242 [WARN] PackLoader:240 - Cannot read IP mode file for wolfSSL.I-CUBE-wolfSSH.1.4.17
2024-10-25 18:34:33,242 [INFO] ThirdParty:978 - Integrity check success = true
2024-10-25 18:34:33,242 [INFO] IntegrityCheckThread:100 - exiting critical section [integrity check]
2024-10-25 18:34:33,242 [INFO] IntegrityCheckThread:103 - End integrity checks thread
2024-10-25 18:36:48,508 [ERROR] LogOutputStream:75 - [STDERR_REDIRECT] 
2024-10-25 18:36:48,508 [ERROR] LogOutputStream:75 - [STDERR_REDIRECT] 
