2024-10-08 00:03:25,437 [INFO] UtilMem:75 - End SaveConfig() Used Memory: 930941488 Bytes (1073741824)
2024-10-08 00:03:25,543 [INFO] UtilMem:75 - End SaveConfig() Used Memory: 683704456 Bytes (1073741824)
2024-10-08 00:03:26,712 [INFO] UtilMem:75 - End SaveConfig() Used Memory: 677123496 Bytes (1073741824)
2024-10-08 00:03:29,477 [INFO] BlockDiagram:2766 - set Specific Code input for plugin: LPTIM
2024-10-08 00:03:29,477 [INFO] BlockDiagram:2766 - set Specific Code input for plugin: PWR
2024-10-08 00:03:29,477 [INFO] BlockDiagram:2766 - set Specific Code input for plugin: RCC
2024-10-08 00:03:29,477 [INFO] BlockDiagram:2766 - set Specific Code input for plugin: RTC
2024-10-08 00:03:29,477 [INFO] BlockDiagram:2766 - set Specific Code input for plugin: USART
2024-10-08 00:03:29,477 [INFO] BlockDiagram:2766 - set Specific Code input for plugin: MEMORYMAP
2024-10-08 00:03:29,477 [INFO] BlockDiagram:2766 - set Specific Code input for plugin: SYS
2024-10-08 00:03:29,477 [INFO] BlockDiagram:2766 - set Specific Code input for plugin: LPBAM
2024-10-08 00:03:29,477 [INFO] BlockDiagram:2766 - set Specific Code input for plugin: NVIC
2024-10-08 00:03:29,477 [INFO] BlockDiagram:2766 - set Specific Code input for plugin: DEBUG
2024-10-08 00:03:29,477 [INFO] BlockDiagram:2766 - set Specific Code input for plugin: GPIO
2024-10-08 00:03:29,477 [INFO] BlockDiagram:2766 - set Specific Code input for plugin: LPBAMQUEUE
2024-10-08 00:03:29,478 [INFO] CodeGenerator:807 - code generatio: config db path: C:\ST\STM32CubeIDE_1.16.1\STM32CubeIDE\plugins\com.st.stm32cube.common.mx_6.12.1.202409122256\\db\
2024-10-08 00:03:29,537 [WARN] IP:2191 - OutPut1 not found: check if there is a RefParameter without a condition.
2024-10-08 00:03:29,537 [WARN] IP:2191 - OutPut2 not found: check if there is a RefParameter without a condition.
2024-10-08 00:03:29,537 [WARN] IP:2191 - OutPut3 not found: check if there is a RefParameter without a condition.
2024-10-08 00:03:29,537 [WARN] IP:2191 - BinMixBcdU not found: check if there is a RefParameter without a condition.
2024-10-08 00:03:29,537 [WARN] IP:2191 - SSRU_Underflow_Interrupt not found: check if there is a RefParameter without a condition.
2024-10-08 00:03:29,537 [WARN] IP:2191 - rtcSecureFull not found: check if there is a RefParameter without a condition.
2024-10-08 00:03:29,537 [WARN] IP:2191 - rtcNonSecureFeatures not found: check if there is a RefParameter without a condition.
2024-10-08 00:03:29,537 [WARN] IP:2191 - RTC_NONSECURE_FEATURE_NONE not found: check if there is a RefParameter without a condition.
2024-10-08 00:03:29,537 [WARN] IP:2191 - RTC_NONSECURE_FEATURE_INIT not found: check if there is a RefParameter without a condition.
2024-10-08 00:03:29,537 [WARN] IP:2191 - RTC_NONSECURE_FEATURE_ALRA not found: check if there is a RefParameter without a condition.
2024-10-08 00:03:29,537 [WARN] IP:2191 - RTC_NONSECURE_FEATURE_ALRB not found: check if there is a RefParameter without a condition.
2024-10-08 00:03:29,537 [WARN] IP:2191 - RTC_NONSECURE_FEATURE_TS not found: check if there is a RefParameter without a condition.
2024-10-08 00:03:29,537 [WARN] IP:2191 - RTC_NONSECURE_FEATURE_CAL not found: check if there is a RefParameter without a condition.
2024-10-08 00:03:29,537 [WARN] IP:2191 - RTC_NONSECURE_FEATURE_WUT not found: check if there is a RefParameter without a condition.
2024-10-08 00:03:29,537 [WARN] IP:2191 - Sec_BKP_Registers1 not found: check if there is a RefParameter without a condition.
2024-10-08 00:03:29,538 [WARN] IP:2191 - backupRegisterStartZone2_gS not found: check if there is a RefParameter without a condition.
2024-10-08 00:03:29,538 [WARN] IP:2191 - backupRegisterStartZone3_gS not found: check if there is a RefParameter without a condition.
2024-10-08 00:03:29,538 [WARN] IP:2191 - OutPut1 not found: check if there is a RefParameter without a condition.
2024-10-08 00:03:29,538 [WARN] IP:2191 - OutPut2 not found: check if there is a RefParameter without a condition.
2024-10-08 00:03:29,538 [WARN] IP:2191 - OutPut3 not found: check if there is a RefParameter without a condition.
2024-10-08 00:03:29,538 [WARN] IP:2191 - BinMixBcdU not found: check if there is a RefParameter without a condition.
2024-10-08 00:03:29,538 [WARN] IP:2191 - SSRU_Underflow_Interrupt not found: check if there is a RefParameter without a condition.
2024-10-08 00:03:29,538 [WARN] IP:2191 - rtcSecureFull not found: check if there is a RefParameter without a condition.
2024-10-08 00:03:29,539 [WARN] IP:2191 - rtcNonSecureFeatures not found: check if there is a RefParameter without a condition.
2024-10-08 00:03:29,539 [WARN] IP:2191 - RTC_NONSECURE_FEATURE_NONE not found: check if there is a RefParameter without a condition.
2024-10-08 00:03:29,539 [WARN] IP:2191 - RTC_NONSECURE_FEATURE_INIT not found: check if there is a RefParameter without a condition.
2024-10-08 00:03:29,539 [WARN] IP:2191 - RTC_NONSECURE_FEATURE_ALRA not found: check if there is a RefParameter without a condition.
2024-10-08 00:03:29,539 [WARN] IP:2191 - RTC_NONSECURE_FEATURE_ALRB not found: check if there is a RefParameter without a condition.
2024-10-08 00:03:29,539 [WARN] IP:2191 - RTC_NONSECURE_FEATURE_TS not found: check if there is a RefParameter without a condition.
2024-10-08 00:03:29,539 [WARN] IP:2191 - RTC_NONSECURE_FEATURE_CAL not found: check if there is a RefParameter without a condition.
2024-10-08 00:03:29,539 [WARN] IP:2191 - RTC_NONSECURE_FEATURE_WUT not found: check if there is a RefParameter without a condition.
2024-10-08 00:03:29,539 [WARN] IP:2191 - Sec_BKP_Registers1 not found: check if there is a RefParameter without a condition.
2024-10-08 00:03:29,539 [WARN] IP:2191 - backupRegisterStartZone2_gS not found: check if there is a RefParameter without a condition.
2024-10-08 00:03:29,539 [WARN] IP:2191 - backupRegisterStartZone3_gS not found: check if there is a RefParameter without a condition.
2024-10-08 00:03:29,606 [INFO] CodeEngine:255 - oldGeneratedFile, D:\githubs\FMC-320U\103_lptim3_capture_lp\MXTmpFiles\license.tmp_save
2024-10-08 00:03:29,680 [INFO] CodeEngine:279 - Generated code: D:\githubs\FMC-320U\103_lptim3_capture_lp\MXTmpFiles\license.tmp
2024-10-08 00:03:29,716 [INFO] CodeEngine:255 - oldGeneratedFile, D:\githubs\FMC-320U\103_lptim3_capture_lp\Core\Src\gpio.c_save
2024-10-08 00:03:29,790 [INFO] CodeEngine:279 - Generated code: D:\githubs\FMC-320U\103_lptim3_capture_lp\Core\Src\gpio.c
2024-10-08 00:03:29,793 [INFO] CodeEngine:255 - oldGeneratedFile, D:\githubs\FMC-320U\103_lptim3_capture_lp\Core\Inc\gpio.h_save
2024-10-08 00:03:29,846 [INFO] CodeEngine:279 - Generated code: D:\githubs\FMC-320U\103_lptim3_capture_lp\Core\Inc\gpio.h
2024-10-08 00:03:29,868 [WARN] IPConfigManager:98 - WARNING: Missing Config File for DEBUG ip!!
2024-10-08 00:03:29,925 [WARN] IPConfigManager:98 - WARNING: Missing Config File for MEMORYMAP ip!!
2024-10-08 00:03:29,925 [WARN] IP:2191 - DefaultDataRegion not found: check if there is a RefParameter without a condition.
2024-10-08 00:03:29,991 [WARN] IP:2191 - OutPut1 not found: check if there is a RefParameter without a condition.
2024-10-08 00:03:29,991 [WARN] IP:2191 - OutPut2 not found: check if there is a RefParameter without a condition.
2024-10-08 00:03:29,991 [WARN] IP:2191 - OutPut3 not found: check if there is a RefParameter without a condition.
2024-10-08 00:03:29,991 [WARN] IP:2191 - BinMixBcdU not found: check if there is a RefParameter without a condition.
2024-10-08 00:03:29,991 [WARN] IP:2191 - SSRU_Underflow_Interrupt not found: check if there is a RefParameter without a condition.
2024-10-08 00:03:29,991 [WARN] IP:2191 - rtcSecureFull not found: check if there is a RefParameter without a condition.
2024-10-08 00:03:29,991 [WARN] IP:2191 - rtcNonSecureFeatures not found: check if there is a RefParameter without a condition.
2024-10-08 00:03:29,991 [WARN] IP:2191 - RTC_NONSECURE_FEATURE_NONE not found: check if there is a RefParameter without a condition.
2024-10-08 00:03:29,991 [WARN] IP:2191 - RTC_NONSECURE_FEATURE_INIT not found: check if there is a RefParameter without a condition.
2024-10-08 00:03:29,991 [WARN] IP:2191 - RTC_NONSECURE_FEATURE_ALRA not found: check if there is a RefParameter without a condition.
2024-10-08 00:03:29,991 [WARN] IP:2191 - RTC_NONSECURE_FEATURE_ALRB not found: check if there is a RefParameter without a condition.
2024-10-08 00:03:29,991 [WARN] IP:2191 - RTC_NONSECURE_FEATURE_TS not found: check if there is a RefParameter without a condition.
2024-10-08 00:03:29,991 [WARN] IP:2191 - RTC_NONSECURE_FEATURE_CAL not found: check if there is a RefParameter without a condition.
2024-10-08 00:03:29,991 [WARN] IP:2191 - RTC_NONSECURE_FEATURE_WUT not found: check if there is a RefParameter without a condition.
2024-10-08 00:03:29,991 [WARN] IP:2191 - Sec_BKP_Registers1 not found: check if there is a RefParameter without a condition.
2024-10-08 00:03:29,991 [WARN] IP:2191 - backupRegisterStartZone2_gS not found: check if there is a RefParameter without a condition.
2024-10-08 00:03:29,991 [WARN] IP:2191 - backupRegisterStartZone3_gS not found: check if there is a RefParameter without a condition.
2024-10-08 00:03:30,106 [INFO] CodeEngine:255 - oldGeneratedFile, D:\githubs\FMC-320U\103_lptim3_capture_lp\MXTmpFiles\cortex.tmp_save
2024-10-08 00:03:30,198 [INFO] CodeEngine:279 - Generated code: D:\githubs\FMC-320U\103_lptim3_capture_lp\MXTmpFiles\cortex.tmp
2024-10-08 00:03:30,214 [INFO] CodeEngine:255 - oldGeneratedFile, D:\githubs\FMC-320U\103_lptim3_capture_lp\Core\Src\lptim.c_save
2024-10-08 00:03:30,295 [INFO] CodeEngine:279 - Generated code: D:\githubs\FMC-320U\103_lptim3_capture_lp\Core\Src\lptim.c
2024-10-08 00:03:30,299 [INFO] CodeEngine:255 - oldGeneratedFile, D:\githubs\FMC-320U\103_lptim3_capture_lp\Core\Inc\lptim.h_save
2024-10-08 00:03:30,358 [INFO] CodeEngine:279 - Generated code: D:\githubs\FMC-320U\103_lptim3_capture_lp\Core\Inc\lptim.h
2024-10-08 00:03:30,372 [INFO] CodeEngine:255 - oldGeneratedFile, D:\githubs\FMC-320U\103_lptim3_capture_lp\Core\Src\memorymap.c_save
2024-10-08 00:03:30,449 [INFO] CodeEngine:279 - Generated code: D:\githubs\FMC-320U\103_lptim3_capture_lp\Core\Src\memorymap.c
2024-10-08 00:03:30,452 [INFO] CodeEngine:255 - oldGeneratedFile, D:\githubs\FMC-320U\103_lptim3_capture_lp\Core\Inc\memorymap.h_save
2024-10-08 00:03:30,510 [INFO] CodeEngine:279 - Generated code: D:\githubs\FMC-320U\103_lptim3_capture_lp\Core\Inc\memorymap.h
2024-10-08 00:03:30,523 [INFO] CodeEngine:255 - oldGeneratedFile, D:\githubs\FMC-320U\103_lptim3_capture_lp\Core\Src\rtc.c_save
2024-10-08 00:03:30,608 [INFO] CodeEngine:279 - Generated code: D:\githubs\FMC-320U\103_lptim3_capture_lp\Core\Src\rtc.c
2024-10-08 00:03:30,611 [INFO] CodeEngine:255 - oldGeneratedFile, D:\githubs\FMC-320U\103_lptim3_capture_lp\Core\Inc\rtc.h_save
2024-10-08 00:03:30,666 [INFO] CodeEngine:279 - Generated code: D:\githubs\FMC-320U\103_lptim3_capture_lp\Core\Inc\rtc.h
2024-10-08 00:03:30,683 [INFO] CodeEngine:255 - oldGeneratedFile, D:\githubs\FMC-320U\103_lptim3_capture_lp\Core\Src\usart.c_save
2024-10-08 00:03:30,761 [INFO] CodeEngine:279 - Generated code: D:\githubs\FMC-320U\103_lptim3_capture_lp\Core\Src\usart.c
2024-10-08 00:03:30,764 [INFO] CodeEngine:255 - oldGeneratedFile, D:\githubs\FMC-320U\103_lptim3_capture_lp\Core\Inc\usart.h_save
2024-10-08 00:03:30,817 [INFO] CodeEngine:279 - Generated code: D:\githubs\FMC-320U\103_lptim3_capture_lp\Core\Inc\usart.h
2024-10-08 00:03:30,843 [INFO] CodeEngine:255 - oldGeneratedFile, D:\githubs\FMC-320U\103_lptim3_capture_lp\Core\Src\stm32u5xx_it.c_save
2024-10-08 00:03:30,970 [INFO] CodeEngine:279 - Generated code: D:\githubs\FMC-320U\103_lptim3_capture_lp\Core\Src\stm32u5xx_it.c
2024-10-08 00:03:30,975 [INFO] CodeEngine:255 - oldGeneratedFile, D:\githubs\FMC-320U\103_lptim3_capture_lp\Core\Inc\stm32u5xx_it.h_save
2024-10-08 00:03:31,036 [INFO] CodeEngine:279 - Generated code: D:\githubs\FMC-320U\103_lptim3_capture_lp\Core\Inc\stm32u5xx_it.h
2024-10-08 00:03:31,098 [INFO] CodeEngine:255 - oldGeneratedFile, D:\githubs\FMC-320U\103_lptim3_capture_lp\Core\Src\stm32u5xx_hal_msp.c_save
2024-10-08 00:03:31,182 [INFO] CodeEngine:279 - Generated code: D:\githubs\FMC-320U\103_lptim3_capture_lp\Core\Src\stm32u5xx_hal_msp.c
2024-10-08 00:03:31,185 [INFO] CodeEngine:255 - oldGeneratedFile, D:\githubs\FMC-320U\103_lptim3_capture_lp\MXTmpFiles\system.tmp_save
2024-10-08 00:03:31,259 [INFO] CodeEngine:279 - Generated code: D:\githubs\FMC-320U\103_lptim3_capture_lp\MXTmpFiles\system.tmp
2024-10-08 00:03:31,276 [INFO] CodeEngine:311 - oldGeneratedFile, D:\githubs\FMC-320U\103_lptim3_capture_lp\Core\Inc\stm32u5xx_hal_conf.h_save
2024-10-08 00:03:31,383 [INFO] CodeEngine:335 - Generated code: D:\githubs\FMC-320U\103_lptim3_capture_lp\Core\Inc\stm32u5xx_hal_conf.h
2024-10-08 00:03:31,416 [INFO] CodeEngine:255 - oldGeneratedFile, D:\githubs\FMC-320U\103_lptim3_capture_lp\Core\Inc\main.h_save
2024-10-08 00:03:31,497 [INFO] CodeEngine:279 - Generated code: D:\githubs\FMC-320U\103_lptim3_capture_lp\Core\Inc\main.h
2024-10-08 00:03:31,508 [INFO] CodeEngine:255 - oldGeneratedFile, D:\githubs\FMC-320U\103_lptim3_capture_lp\Core\Src\main.c_save
2024-10-08 00:03:31,606 [INFO] CodeEngine:279 - Generated code: D:\githubs\FMC-320U\103_lptim3_capture_lp\Core\Src\main.c
2024-10-08 00:03:31,888 [INFO] ProjectBuilder:3249 - Time for Copy HAL[1] : 130mS.
2024-10-08 00:03:31,891 [INFO] ProjectBuilder:4828 - Project Generator version: 4.5.0-B34
2024-10-08 00:03:31,962 [INFO] ConfigFileManager:1531 - The Die is : DIE482
2024-10-08 00:03:32,500 [INFO] ProjectBuilder:5097 - Time for Generating toolchain IDE Files: 609mS.
2024-10-08 00:03:32,501 [INFO] ProjectBuilder:3107 - Time for Copy CMSIS : 1mS.
2024-10-08 00:03:32,503 [INFO] ProjectBuilder:3107 - Time for Copy CMSIS : 0mS.
2024-10-08 00:04:03,950 [WARN] MainPanel:284 - <html><b><center>Warning: This peripheral has no parameters to be configured<br></b></html>
2024-10-08 00:04:10,316 [INFO] Gpio:277 - dependency for GPIO [DEBUG, LPTIM3, RCC, USART1]
2024-10-08 00:04:12,523 [INFO] Gpio:277 - dependency for GPIO [DEBUG, LPTIM3, RCC, USART1]
2024-10-08 00:04:12,539 [INFO] MemInfoExtractor:277 - EVENT_MCU_SET_IP_PARAMETER
2024-10-08 00:04:12,559 [WARN] MainPanel:284 - <html><b><center>Warning: This peripheral has no parameters to be configured<br></b></html>
2024-10-08 00:04:25,450 [WARN] MainPanel:284 - <html><b><center>Warning: This peripheral has no parameters to be configured<br></b></html>
2024-10-08 00:05:14,449 [INFO] MemInfoExtractor:277 - EVENT_MCU_SET_IP_PARAMETER
2024-10-08 00:05:14,591 [WARN] IP:2191 - OutPut1 not found: check if there is a RefParameter without a condition.
2024-10-08 00:05:14,592 [WARN] IP:2191 - OutPut2 not found: check if there is a RefParameter without a condition.
2024-10-08 00:05:14,592 [WARN] IP:2191 - OutPut3 not found: check if there is a RefParameter without a condition.
2024-10-08 00:05:14,592 [WARN] IP:2191 - BinMixBcdU not found: check if there is a RefParameter without a condition.
2024-10-08 00:05:14,592 [WARN] IP:2191 - SSRU_Underflow_Interrupt not found: check if there is a RefParameter without a condition.
2024-10-08 00:05:14,592 [WARN] IP:2191 - rtcSecureFull not found: check if there is a RefParameter without a condition.
2024-10-08 00:05:14,592 [WARN] IP:2191 - rtcNonSecureFeatures not found: check if there is a RefParameter without a condition.
2024-10-08 00:05:14,592 [WARN] IP:2191 - RTC_NONSECURE_FEATURE_NONE not found: check if there is a RefParameter without a condition.
2024-10-08 00:05:14,592 [WARN] IP:2191 - RTC_NONSECURE_FEATURE_INIT not found: check if there is a RefParameter without a condition.
2024-10-08 00:05:14,592 [WARN] IP:2191 - RTC_NONSECURE_FEATURE_ALRA not found: check if there is a RefParameter without a condition.
2024-10-08 00:05:14,592 [WARN] IP:2191 - RTC_NONSECURE_FEATURE_ALRB not found: check if there is a RefParameter without a condition.
2024-10-08 00:05:14,592 [WARN] IP:2191 - RTC_NONSECURE_FEATURE_TS not found: check if there is a RefParameter without a condition.
2024-10-08 00:05:14,592 [WARN] IP:2191 - RTC_NONSECURE_FEATURE_CAL not found: check if there is a RefParameter without a condition.
2024-10-08 00:05:14,592 [WARN] IP:2191 - RTC_NONSECURE_FEATURE_WUT not found: check if there is a RefParameter without a condition.
2024-10-08 00:05:14,592 [WARN] IP:2191 - Sec_BKP_Registers1 not found: check if there is a RefParameter without a condition.
2024-10-08 00:05:14,592 [WARN] IP:2191 - backupRegisterStartZone2_gS not found: check if there is a RefParameter without a condition.
2024-10-08 00:05:14,592 [WARN] IP:2191 - backupRegisterStartZone3_gS not found: check if there is a RefParameter without a condition.
2024-10-08 00:05:14,593 [WARN] IP:2191 - OutPut1 not found: check if there is a RefParameter without a condition.
2024-10-08 00:05:14,593 [WARN] IP:2191 - OutPut2 not found: check if there is a RefParameter without a condition.
2024-10-08 00:05:14,593 [WARN] IP:2191 - OutPut3 not found: check if there is a RefParameter without a condition.
2024-10-08 00:05:14,593 [WARN] IP:2191 - BinMixBcdU not found: check if there is a RefParameter without a condition.
2024-10-08 00:05:14,593 [WARN] IP:2191 - SSRU_Underflow_Interrupt not found: check if there is a RefParameter without a condition.
2024-10-08 00:05:14,593 [WARN] IP:2191 - rtcSecureFull not found: check if there is a RefParameter without a condition.
2024-10-08 00:05:14,593 [WARN] IP:2191 - rtcNonSecureFeatures not found: check if there is a RefParameter without a condition.
2024-10-08 00:05:14,593 [WARN] IP:2191 - RTC_NONSECURE_FEATURE_NONE not found: check if there is a RefParameter without a condition.
2024-10-08 00:05:14,593 [WARN] IP:2191 - RTC_NONSECURE_FEATURE_INIT not found: check if there is a RefParameter without a condition.
2024-10-08 00:05:14,593 [WARN] IP:2191 - RTC_NONSECURE_FEATURE_ALRA not found: check if there is a RefParameter without a condition.
2024-10-08 00:05:14,593 [WARN] IP:2191 - RTC_NONSECURE_FEATURE_ALRB not found: check if there is a RefParameter without a condition.
2024-10-08 00:05:14,593 [WARN] IP:2191 - RTC_NONSECURE_FEATURE_TS not found: check if there is a RefParameter without a condition.
2024-10-08 00:05:14,593 [WARN] IP:2191 - RTC_NONSECURE_FEATURE_CAL not found: check if there is a RefParameter without a condition.
2024-10-08 00:05:14,593 [WARN] IP:2191 - RTC_NONSECURE_FEATURE_WUT not found: check if there is a RefParameter without a condition.
2024-10-08 00:05:14,593 [WARN] IP:2191 - Sec_BKP_Registers1 not found: check if there is a RefParameter without a condition.
2024-10-08 00:05:14,593 [WARN] IP:2191 - backupRegisterStartZone2_gS not found: check if there is a RefParameter without a condition.
2024-10-08 00:05:14,593 [WARN] IP:2191 - backupRegisterStartZone3_gS not found: check if there is a RefParameter without a condition.
2024-10-08 00:05:14,594 [WARN] IP:2191 - OutPut1 not found: check if there is a RefParameter without a condition.
2024-10-08 00:05:14,594 [WARN] IP:2191 - OutPut2 not found: check if there is a RefParameter without a condition.
2024-10-08 00:05:14,594 [WARN] IP:2191 - OutPut3 not found: check if there is a RefParameter without a condition.
2024-10-08 00:05:14,594 [WARN] IP:2191 - BinMixBcdU not found: check if there is a RefParameter without a condition.
2024-10-08 00:05:14,594 [WARN] IP:2191 - SSRU_Underflow_Interrupt not found: check if there is a RefParameter without a condition.
2024-10-08 00:05:14,594 [WARN] IP:2191 - rtcSecureFull not found: check if there is a RefParameter without a condition.
2024-10-08 00:05:14,594 [WARN] IP:2191 - rtcNonSecureFeatures not found: check if there is a RefParameter without a condition.
2024-10-08 00:05:14,594 [WARN] IP:2191 - RTC_NONSECURE_FEATURE_NONE not found: check if there is a RefParameter without a condition.
2024-10-08 00:05:14,594 [WARN] IP:2191 - RTC_NONSECURE_FEATURE_INIT not found: check if there is a RefParameter without a condition.
2024-10-08 00:05:14,594 [WARN] IP:2191 - RTC_NONSECURE_FEATURE_ALRA not found: check if there is a RefParameter without a condition.
2024-10-08 00:05:14,594 [WARN] IP:2191 - RTC_NONSECURE_FEATURE_ALRB not found: check if there is a RefParameter without a condition.
2024-10-08 00:05:14,594 [WARN] IP:2191 - RTC_NONSECURE_FEATURE_TS not found: check if there is a RefParameter without a condition.
2024-10-08 00:05:14,594 [WARN] IP:2191 - RTC_NONSECURE_FEATURE_CAL not found: check if there is a RefParameter without a condition.
2024-10-08 00:05:14,594 [WARN] IP:2191 - RTC_NONSECURE_FEATURE_WUT not found: check if there is a RefParameter without a condition.
2024-10-08 00:05:14,594 [WARN] IP:2191 - Sec_BKP_Registers1 not found: check if there is a RefParameter without a condition.
2024-10-08 00:05:14,594 [WARN] IP:2191 - backupRegisterStartZone2_gS not found: check if there is a RefParameter without a condition.
2024-10-08 00:05:14,594 [WARN] IP:2191 - backupRegisterStartZone3_gS not found: check if there is a RefParameter without a condition.
2024-10-08 00:05:14,595 [WARN] IP:2191 - OutPut1 not found: check if there is a RefParameter without a condition.
2024-10-08 00:05:14,595 [WARN] IP:2191 - OutPut2 not found: check if there is a RefParameter without a condition.
2024-10-08 00:05:14,595 [WARN] IP:2191 - OutPut3 not found: check if there is a RefParameter without a condition.
2024-10-08 00:05:14,595 [WARN] IP:2191 - BinMixBcdU not found: check if there is a RefParameter without a condition.
2024-10-08 00:05:14,595 [WARN] IP:2191 - SSRU_Underflow_Interrupt not found: check if there is a RefParameter without a condition.
2024-10-08 00:05:14,595 [WARN] IP:2191 - rtcSecureFull not found: check if there is a RefParameter without a condition.
2024-10-08 00:05:14,595 [WARN] IP:2191 - rtcNonSecureFeatures not found: check if there is a RefParameter without a condition.
2024-10-08 00:05:14,595 [WARN] IP:2191 - RTC_NONSECURE_FEATURE_NONE not found: check if there is a RefParameter without a condition.
2024-10-08 00:05:14,595 [WARN] IP:2191 - RTC_NONSECURE_FEATURE_INIT not found: check if there is a RefParameter without a condition.
2024-10-08 00:05:14,595 [WARN] IP:2191 - RTC_NONSECURE_FEATURE_ALRA not found: check if there is a RefParameter without a condition.
2024-10-08 00:05:14,595 [WARN] IP:2191 - RTC_NONSECURE_FEATURE_ALRB not found: check if there is a RefParameter without a condition.
2024-10-08 00:05:14,595 [WARN] IP:2191 - RTC_NONSECURE_FEATURE_TS not found: check if there is a RefParameter without a condition.
2024-10-08 00:05:14,595 [WARN] IP:2191 - RTC_NONSECURE_FEATURE_CAL not found: check if there is a RefParameter without a condition.
2024-10-08 00:05:14,595 [WARN] IP:2191 - RTC_NONSECURE_FEATURE_WUT not found: check if there is a RefParameter without a condition.
2024-10-08 00:05:14,595 [WARN] IP:2191 - Sec_BKP_Registers1 not found: check if there is a RefParameter without a condition.
2024-10-08 00:05:14,595 [WARN] IP:2191 - backupRegisterStartZone2_gS not found: check if there is a RefParameter without a condition.
2024-10-08 00:05:14,595 [WARN] IP:2191 - backupRegisterStartZone3_gS not found: check if there is a RefParameter without a condition.
2024-10-08 00:05:14,813 [WARN] IP:2191 - OutPut1 not found: check if there is a RefParameter without a condition.
2024-10-08 00:05:14,813 [WARN] IP:2191 - OutPut2 not found: check if there is a RefParameter without a condition.
2024-10-08 00:05:14,813 [WARN] IP:2191 - OutPut3 not found: check if there is a RefParameter without a condition.
2024-10-08 00:05:14,813 [WARN] IP:2191 - BinMixBcdU not found: check if there is a RefParameter without a condition.
2024-10-08 00:05:14,813 [WARN] IP:2191 - SSRU_Underflow_Interrupt not found: check if there is a RefParameter without a condition.
2024-10-08 00:05:14,813 [WARN] IP:2191 - rtcSecureFull not found: check if there is a RefParameter without a condition.
2024-10-08 00:05:14,813 [WARN] IP:2191 - rtcNonSecureFeatures not found: check if there is a RefParameter without a condition.
2024-10-08 00:05:14,813 [WARN] IP:2191 - RTC_NONSECURE_FEATURE_NONE not found: check if there is a RefParameter without a condition.
2024-10-08 00:05:14,813 [WARN] IP:2191 - RTC_NONSECURE_FEATURE_INIT not found: check if there is a RefParameter without a condition.
2024-10-08 00:05:14,813 [WARN] IP:2191 - RTC_NONSECURE_FEATURE_ALRA not found: check if there is a RefParameter without a condition.
2024-10-08 00:05:14,813 [WARN] IP:2191 - RTC_NONSECURE_FEATURE_ALRB not found: check if there is a RefParameter without a condition.
2024-10-08 00:05:14,813 [WARN] IP:2191 - RTC_NONSECURE_FEATURE_TS not found: check if there is a RefParameter without a condition.
2024-10-08 00:05:14,813 [WARN] IP:2191 - RTC_NONSECURE_FEATURE_CAL not found: check if there is a RefParameter without a condition.
2024-10-08 00:05:14,813 [WARN] IP:2191 - RTC_NONSECURE_FEATURE_WUT not found: check if there is a RefParameter without a condition.
2024-10-08 00:05:14,813 [WARN] IP:2191 - Sec_BKP_Registers1 not found: check if there is a RefParameter without a condition.
2024-10-08 00:05:14,813 [WARN] IP:2191 - backupRegisterStartZone2_gS not found: check if there is a RefParameter without a condition.
2024-10-08 00:05:14,813 [WARN] IP:2191 - backupRegisterStartZone3_gS not found: check if there is a RefParameter without a condition.
2024-10-08 00:05:14,814 [WARN] IP:2191 - OutPut1 not found: check if there is a RefParameter without a condition.
2024-10-08 00:05:14,814 [WARN] IP:2191 - OutPut2 not found: check if there is a RefParameter without a condition.
2024-10-08 00:05:14,814 [WARN] IP:2191 - OutPut3 not found: check if there is a RefParameter without a condition.
2024-10-08 00:05:14,814 [WARN] IP:2191 - BinMixBcdU not found: check if there is a RefParameter without a condition.
2024-10-08 00:05:14,814 [WARN] IP:2191 - SSRU_Underflow_Interrupt not found: check if there is a RefParameter without a condition.
2024-10-08 00:05:14,814 [WARN] IP:2191 - rtcSecureFull not found: check if there is a RefParameter without a condition.
2024-10-08 00:05:14,814 [WARN] IP:2191 - rtcNonSecureFeatures not found: check if there is a RefParameter without a condition.
2024-10-08 00:05:14,814 [WARN] IP:2191 - RTC_NONSECURE_FEATURE_NONE not found: check if there is a RefParameter without a condition.
2024-10-08 00:05:14,814 [WARN] IP:2191 - RTC_NONSECURE_FEATURE_INIT not found: check if there is a RefParameter without a condition.
2024-10-08 00:05:14,814 [WARN] IP:2191 - RTC_NONSECURE_FEATURE_ALRA not found: check if there is a RefParameter without a condition.
2024-10-08 00:05:14,814 [WARN] IP:2191 - RTC_NONSECURE_FEATURE_ALRB not found: check if there is a RefParameter without a condition.
2024-10-08 00:05:14,814 [WARN] IP:2191 - RTC_NONSECURE_FEATURE_TS not found: check if there is a RefParameter without a condition.
2024-10-08 00:05:14,814 [WARN] IP:2191 - RTC_NONSECURE_FEATURE_CAL not found: check if there is a RefParameter without a condition.
2024-10-08 00:05:14,814 [WARN] IP:2191 - RTC_NONSECURE_FEATURE_WUT not found: check if there is a RefParameter without a condition.
2024-10-08 00:05:14,814 [WARN] IP:2191 - Sec_BKP_Registers1 not found: check if there is a RefParameter without a condition.
2024-10-08 00:05:14,814 [WARN] IP:2191 - backupRegisterStartZone2_gS not found: check if there is a RefParameter without a condition.
2024-10-08 00:05:14,814 [WARN] IP:2191 - backupRegisterStartZone3_gS not found: check if there is a RefParameter without a condition.
2024-10-08 00:05:14,815 [WARN] IP:2191 - OutPut1 not found: check if there is a RefParameter without a condition.
2024-10-08 00:05:14,815 [WARN] IP:2191 - OutPut2 not found: check if there is a RefParameter without a condition.
2024-10-08 00:05:14,815 [WARN] IP:2191 - OutPut3 not found: check if there is a RefParameter without a condition.
2024-10-08 00:05:14,815 [WARN] IP:2191 - BinMixBcdU not found: check if there is a RefParameter without a condition.
2024-10-08 00:05:14,815 [WARN] IP:2191 - SSRU_Underflow_Interrupt not found: check if there is a RefParameter without a condition.
2024-10-08 00:05:14,815 [WARN] IP:2191 - rtcSecureFull not found: check if there is a RefParameter without a condition.
2024-10-08 00:05:14,815 [WARN] IP:2191 - rtcNonSecureFeatures not found: check if there is a RefParameter without a condition.
2024-10-08 00:05:14,815 [WARN] IP:2191 - RTC_NONSECURE_FEATURE_NONE not found: check if there is a RefParameter without a condition.
2024-10-08 00:05:14,815 [WARN] IP:2191 - RTC_NONSECURE_FEATURE_INIT not found: check if there is a RefParameter without a condition.
2024-10-08 00:05:14,815 [WARN] IP:2191 - RTC_NONSECURE_FEATURE_ALRA not found: check if there is a RefParameter without a condition.
2024-10-08 00:05:14,815 [WARN] IP:2191 - RTC_NONSECURE_FEATURE_ALRB not found: check if there is a RefParameter without a condition.
2024-10-08 00:05:14,815 [WARN] IP:2191 - RTC_NONSECURE_FEATURE_TS not found: check if there is a RefParameter without a condition.
2024-10-08 00:05:14,815 [WARN] IP:2191 - RTC_NONSECURE_FEATURE_CAL not found: check if there is a RefParameter without a condition.
2024-10-08 00:05:14,815 [WARN] IP:2191 - RTC_NONSECURE_FEATURE_WUT not found: check if there is a RefParameter without a condition.
2024-10-08 00:05:14,815 [WARN] IP:2191 - Sec_BKP_Registers1 not found: check if there is a RefParameter without a condition.
2024-10-08 00:05:14,815 [WARN] IP:2191 - backupRegisterStartZone2_gS not found: check if there is a RefParameter without a condition.
2024-10-08 00:05:14,815 [WARN] IP:2191 - backupRegisterStartZone3_gS not found: check if there is a RefParameter without a condition.
2024-10-08 00:05:14,815 [WARN] IP:2191 - OutPut1 not found: check if there is a RefParameter without a condition.
2024-10-08 00:05:14,815 [WARN] IP:2191 - OutPut2 not found: check if there is a RefParameter without a condition.
2024-10-08 00:05:14,815 [WARN] IP:2191 - OutPut3 not found: check if there is a RefParameter without a condition.
2024-10-08 00:05:14,815 [WARN] IP:2191 - BinMixBcdU not found: check if there is a RefParameter without a condition.
2024-10-08 00:05:14,815 [WARN] IP:2191 - SSRU_Underflow_Interrupt not found: check if there is a RefParameter without a condition.
2024-10-08 00:05:14,815 [WARN] IP:2191 - rtcSecureFull not found: check if there is a RefParameter without a condition.
2024-10-08 00:05:14,815 [WARN] IP:2191 - rtcNonSecureFeatures not found: check if there is a RefParameter without a condition.
2024-10-08 00:05:14,815 [WARN] IP:2191 - RTC_NONSECURE_FEATURE_NONE not found: check if there is a RefParameter without a condition.
2024-10-08 00:05:14,815 [WARN] IP:2191 - RTC_NONSECURE_FEATURE_INIT not found: check if there is a RefParameter without a condition.
2024-10-08 00:05:14,816 [WARN] IP:2191 - RTC_NONSECURE_FEATURE_ALRA not found: check if there is a RefParameter without a condition.
2024-10-08 00:05:14,816 [WARN] IP:2191 - RTC_NONSECURE_FEATURE_ALRB not found: check if there is a RefParameter without a condition.
2024-10-08 00:05:14,816 [WARN] IP:2191 - RTC_NONSECURE_FEATURE_TS not found: check if there is a RefParameter without a condition.
2024-10-08 00:05:14,816 [WARN] IP:2191 - RTC_NONSECURE_FEATURE_CAL not found: check if there is a RefParameter without a condition.
2024-10-08 00:05:14,816 [WARN] IP:2191 - RTC_NONSECURE_FEATURE_WUT not found: check if there is a RefParameter without a condition.
2024-10-08 00:05:14,816 [WARN] IP:2191 - Sec_BKP_Registers1 not found: check if there is a RefParameter without a condition.
2024-10-08 00:05:14,816 [WARN] IP:2191 - backupRegisterStartZone2_gS not found: check if there is a RefParameter without a condition.
2024-10-08 00:05:14,816 [WARN] IP:2191 - backupRegisterStartZone3_gS not found: check if there is a RefParameter without a condition.
2024-10-08 00:05:26,727 [WARN] IP:2191 - OutPut1 not found: check if there is a RefParameter without a condition.
2024-10-08 00:05:26,727 [WARN] IP:2191 - OutPut2 not found: check if there is a RefParameter without a condition.
2024-10-08 00:05:26,727 [WARN] IP:2191 - OutPut3 not found: check if there is a RefParameter without a condition.
2024-10-08 00:05:26,727 [WARN] IP:2191 - BinMixBcdU not found: check if there is a RefParameter without a condition.
2024-10-08 00:05:26,727 [WARN] IP:2191 - SSRU_Underflow_Interrupt not found: check if there is a RefParameter without a condition.
2024-10-08 00:05:26,727 [WARN] IP:2191 - rtcSecureFull not found: check if there is a RefParameter without a condition.
2024-10-08 00:05:26,727 [WARN] IP:2191 - rtcNonSecureFeatures not found: check if there is a RefParameter without a condition.
2024-10-08 00:05:26,727 [WARN] IP:2191 - RTC_NONSECURE_FEATURE_NONE not found: check if there is a RefParameter without a condition.
2024-10-08 00:05:26,727 [WARN] IP:2191 - RTC_NONSECURE_FEATURE_INIT not found: check if there is a RefParameter without a condition.
2024-10-08 00:05:26,727 [WARN] IP:2191 - RTC_NONSECURE_FEATURE_ALRA not found: check if there is a RefParameter without a condition.
2024-10-08 00:05:26,727 [WARN] IP:2191 - RTC_NONSECURE_FEATURE_ALRB not found: check if there is a RefParameter without a condition.
2024-10-08 00:05:26,727 [WARN] IP:2191 - RTC_NONSECURE_FEATURE_TS not found: check if there is a RefParameter without a condition.
2024-10-08 00:05:26,727 [WARN] IP:2191 - RTC_NONSECURE_FEATURE_CAL not found: check if there is a RefParameter without a condition.
2024-10-08 00:05:26,727 [WARN] IP:2191 - RTC_NONSECURE_FEATURE_WUT not found: check if there is a RefParameter without a condition.
2024-10-08 00:05:26,727 [WARN] IP:2191 - Sec_BKP_Registers1 not found: check if there is a RefParameter without a condition.
2024-10-08 00:05:26,727 [WARN] IP:2191 - backupRegisterStartZone2_gS not found: check if there is a RefParameter without a condition.
2024-10-08 00:05:26,727 [WARN] IP:2191 - backupRegisterStartZone3_gS not found: check if there is a RefParameter without a condition.
2024-10-08 00:05:26,728 [WARN] IP:2191 - OutPut1 not found: check if there is a RefParameter without a condition.
2024-10-08 00:05:26,728 [WARN] IP:2191 - OutPut2 not found: check if there is a RefParameter without a condition.
2024-10-08 00:05:26,728 [WARN] IP:2191 - OutPut3 not found: check if there is a RefParameter without a condition.
2024-10-08 00:05:26,728 [WARN] IP:2191 - BinMixBcdU not found: check if there is a RefParameter without a condition.
2024-10-08 00:05:26,728 [WARN] IP:2191 - SSRU_Underflow_Interrupt not found: check if there is a RefParameter without a condition.
2024-10-08 00:05:26,728 [WARN] IP:2191 - rtcSecureFull not found: check if there is a RefParameter without a condition.
2024-10-08 00:05:26,728 [WARN] IP:2191 - rtcNonSecureFeatures not found: check if there is a RefParameter without a condition.
2024-10-08 00:05:26,728 [WARN] IP:2191 - RTC_NONSECURE_FEATURE_NONE not found: check if there is a RefParameter without a condition.
2024-10-08 00:05:26,728 [WARN] IP:2191 - RTC_NONSECURE_FEATURE_INIT not found: check if there is a RefParameter without a condition.
2024-10-08 00:05:26,728 [WARN] IP:2191 - RTC_NONSECURE_FEATURE_ALRA not found: check if there is a RefParameter without a condition.
2024-10-08 00:05:26,728 [WARN] IP:2191 - RTC_NONSECURE_FEATURE_ALRB not found: check if there is a RefParameter without a condition.
2024-10-08 00:05:26,728 [WARN] IP:2191 - RTC_NONSECURE_FEATURE_TS not found: check if there is a RefParameter without a condition.
2024-10-08 00:05:26,728 [WARN] IP:2191 - RTC_NONSECURE_FEATURE_CAL not found: check if there is a RefParameter without a condition.
2024-10-08 00:05:26,728 [WARN] IP:2191 - RTC_NONSECURE_FEATURE_WUT not found: check if there is a RefParameter without a condition.
2024-10-08 00:05:26,728 [WARN] IP:2191 - Sec_BKP_Registers1 not found: check if there is a RefParameter without a condition.
2024-10-08 00:05:26,728 [WARN] IP:2191 - backupRegisterStartZone2_gS not found: check if there is a RefParameter without a condition.
2024-10-08 00:05:26,728 [WARN] IP:2191 - backupRegisterStartZone3_gS not found: check if there is a RefParameter without a condition.
2024-10-08 00:05:26,729 [WARN] IP:2191 - OutPut1 not found: check if there is a RefParameter without a condition.
2024-10-08 00:05:26,729 [WARN] IP:2191 - OutPut2 not found: check if there is a RefParameter without a condition.
2024-10-08 00:05:26,729 [WARN] IP:2191 - OutPut3 not found: check if there is a RefParameter without a condition.
2024-10-08 00:05:26,729 [WARN] IP:2191 - BinMixBcdU not found: check if there is a RefParameter without a condition.
2024-10-08 00:05:26,729 [WARN] IP:2191 - SSRU_Underflow_Interrupt not found: check if there is a RefParameter without a condition.
2024-10-08 00:05:26,729 [WARN] IP:2191 - rtcSecureFull not found: check if there is a RefParameter without a condition.
2024-10-08 00:05:26,729 [WARN] IP:2191 - rtcNonSecureFeatures not found: check if there is a RefParameter without a condition.
2024-10-08 00:05:26,729 [WARN] IP:2191 - RTC_NONSECURE_FEATURE_NONE not found: check if there is a RefParameter without a condition.
2024-10-08 00:05:26,729 [WARN] IP:2191 - RTC_NONSECURE_FEATURE_INIT not found: check if there is a RefParameter without a condition.
2024-10-08 00:05:26,729 [WARN] IP:2191 - RTC_NONSECURE_FEATURE_ALRA not found: check if there is a RefParameter without a condition.
2024-10-08 00:05:26,729 [WARN] IP:2191 - RTC_NONSECURE_FEATURE_ALRB not found: check if there is a RefParameter without a condition.
2024-10-08 00:05:26,729 [WARN] IP:2191 - RTC_NONSECURE_FEATURE_TS not found: check if there is a RefParameter without a condition.
2024-10-08 00:05:26,729 [WARN] IP:2191 - RTC_NONSECURE_FEATURE_CAL not found: check if there is a RefParameter without a condition.
2024-10-08 00:05:26,729 [WARN] IP:2191 - RTC_NONSECURE_FEATURE_WUT not found: check if there is a RefParameter without a condition.
2024-10-08 00:05:26,729 [WARN] IP:2191 - Sec_BKP_Registers1 not found: check if there is a RefParameter without a condition.
2024-10-08 00:05:26,729 [WARN] IP:2191 - backupRegisterStartZone2_gS not found: check if there is a RefParameter without a condition.
2024-10-08 00:05:26,729 [WARN] IP:2191 - backupRegisterStartZone3_gS not found: check if there is a RefParameter without a condition.
2024-10-08 00:05:26,729 [WARN] IP:2191 - OutPut1 not found: check if there is a RefParameter without a condition.
2024-10-08 00:05:26,729 [WARN] IP:2191 - OutPut2 not found: check if there is a RefParameter without a condition.
2024-10-08 00:05:26,729 [WARN] IP:2191 - OutPut3 not found: check if there is a RefParameter without a condition.
2024-10-08 00:05:26,730 [WARN] IP:2191 - BinMixBcdU not found: check if there is a RefParameter without a condition.
2024-10-08 00:05:26,730 [WARN] IP:2191 - SSRU_Underflow_Interrupt not found: check if there is a RefParameter without a condition.
2024-10-08 00:05:26,730 [WARN] IP:2191 - rtcSecureFull not found: check if there is a RefParameter without a condition.
2024-10-08 00:05:26,730 [WARN] IP:2191 - rtcNonSecureFeatures not found: check if there is a RefParameter without a condition.
2024-10-08 00:05:26,730 [WARN] IP:2191 - RTC_NONSECURE_FEATURE_NONE not found: check if there is a RefParameter without a condition.
2024-10-08 00:05:26,730 [WARN] IP:2191 - RTC_NONSECURE_FEATURE_INIT not found: check if there is a RefParameter without a condition.
2024-10-08 00:05:26,730 [WARN] IP:2191 - RTC_NONSECURE_FEATURE_ALRA not found: check if there is a RefParameter without a condition.
2024-10-08 00:05:26,730 [WARN] IP:2191 - RTC_NONSECURE_FEATURE_ALRB not found: check if there is a RefParameter without a condition.
2024-10-08 00:05:26,730 [WARN] IP:2191 - RTC_NONSECURE_FEATURE_TS not found: check if there is a RefParameter without a condition.
2024-10-08 00:05:26,730 [WARN] IP:2191 - RTC_NONSECURE_FEATURE_CAL not found: check if there is a RefParameter without a condition.
2024-10-08 00:05:26,730 [WARN] IP:2191 - RTC_NONSECURE_FEATURE_WUT not found: check if there is a RefParameter without a condition.
2024-10-08 00:05:26,730 [WARN] IP:2191 - Sec_BKP_Registers1 not found: check if there is a RefParameter without a condition.
2024-10-08 00:05:26,730 [WARN] IP:2191 - backupRegisterStartZone2_gS not found: check if there is a RefParameter without a condition.
2024-10-08 00:05:26,730 [WARN] IP:2191 - backupRegisterStartZone3_gS not found: check if there is a RefParameter without a condition.
2024-10-08 00:06:52,320 [INFO] UtilMem:75 - End SaveConfig() Used Memory: 671127520 Bytes (1073741824)
2024-10-08 00:06:52,401 [INFO] UtilMem:75 - End SaveConfig() Used Memory: 641860048 Bytes (1073741824)
2024-10-08 00:06:52,548 [INFO] UtilMem:75 - End SaveConfig() Used Memory: 674365904 Bytes (1073741824)
2024-10-08 00:06:54,892 [INFO] BlockDiagram:2766 - set Specific Code input for plugin: LPTIM
2024-10-08 00:06:54,892 [INFO] BlockDiagram:2766 - set Specific Code input for plugin: PWR
2024-10-08 00:06:54,892 [INFO] BlockDiagram:2766 - set Specific Code input for plugin: RCC
2024-10-08 00:06:54,892 [INFO] BlockDiagram:2766 - set Specific Code input for plugin: RTC
2024-10-08 00:06:54,892 [INFO] BlockDiagram:2766 - set Specific Code input for plugin: USART
2024-10-08 00:06:54,892 [INFO] BlockDiagram:2766 - set Specific Code input for plugin: MEMORYMAP
2024-10-08 00:06:54,892 [INFO] BlockDiagram:2766 - set Specific Code input for plugin: SYS
2024-10-08 00:06:54,892 [INFO] BlockDiagram:2766 - set Specific Code input for plugin: LPBAM
2024-10-08 00:06:54,892 [INFO] BlockDiagram:2766 - set Specific Code input for plugin: NVIC
2024-10-08 00:06:54,892 [INFO] BlockDiagram:2766 - set Specific Code input for plugin: DEBUG
2024-10-08 00:06:54,893 [INFO] BlockDiagram:2766 - set Specific Code input for plugin: GPIO
2024-10-08 00:06:54,893 [INFO] BlockDiagram:2766 - set Specific Code input for plugin: LPBAMQUEUE
2024-10-08 00:06:54,894 [INFO] CodeGenerator:807 - code generatio: config db path: C:\ST\STM32CubeIDE_1.16.1\STM32CubeIDE\plugins\com.st.stm32cube.common.mx_6.12.1.202409122256\\db\
2024-10-08 00:06:54,953 [WARN] IP:2191 - OutPut1 not found: check if there is a RefParameter without a condition.
2024-10-08 00:06:54,954 [WARN] IP:2191 - OutPut2 not found: check if there is a RefParameter without a condition.
2024-10-08 00:06:54,954 [WARN] IP:2191 - OutPut3 not found: check if there is a RefParameter without a condition.
2024-10-08 00:06:54,954 [WARN] IP:2191 - BinMixBcdU not found: check if there is a RefParameter without a condition.
2024-10-08 00:06:54,954 [WARN] IP:2191 - SSRU_Underflow_Interrupt not found: check if there is a RefParameter without a condition.
2024-10-08 00:06:54,954 [WARN] IP:2191 - rtcSecureFull not found: check if there is a RefParameter without a condition.
2024-10-08 00:06:54,954 [WARN] IP:2191 - rtcNonSecureFeatures not found: check if there is a RefParameter without a condition.
2024-10-08 00:06:54,954 [WARN] IP:2191 - RTC_NONSECURE_FEATURE_NONE not found: check if there is a RefParameter without a condition.
2024-10-08 00:06:54,954 [WARN] IP:2191 - RTC_NONSECURE_FEATURE_INIT not found: check if there is a RefParameter without a condition.
2024-10-08 00:06:54,954 [WARN] IP:2191 - RTC_NONSECURE_FEATURE_ALRA not found: check if there is a RefParameter without a condition.
2024-10-08 00:06:54,954 [WARN] IP:2191 - RTC_NONSECURE_FEATURE_ALRB not found: check if there is a RefParameter without a condition.
2024-10-08 00:06:54,954 [WARN] IP:2191 - RTC_NONSECURE_FEATURE_TS not found: check if there is a RefParameter without a condition.
2024-10-08 00:06:54,954 [WARN] IP:2191 - RTC_NONSECURE_FEATURE_CAL not found: check if there is a RefParameter without a condition.
2024-10-08 00:06:54,954 [WARN] IP:2191 - RTC_NONSECURE_FEATURE_WUT not found: check if there is a RefParameter without a condition.
2024-10-08 00:06:54,954 [WARN] IP:2191 - Sec_BKP_Registers1 not found: check if there is a RefParameter without a condition.
2024-10-08 00:06:54,954 [WARN] IP:2191 - backupRegisterStartZone2_gS not found: check if there is a RefParameter without a condition.
2024-10-08 00:06:54,954 [WARN] IP:2191 - backupRegisterStartZone3_gS not found: check if there is a RefParameter without a condition.
2024-10-08 00:06:54,954 [WARN] IP:2191 - OutPut1 not found: check if there is a RefParameter without a condition.
2024-10-08 00:06:54,954 [WARN] IP:2191 - OutPut2 not found: check if there is a RefParameter without a condition.
2024-10-08 00:06:54,954 [WARN] IP:2191 - OutPut3 not found: check if there is a RefParameter without a condition.
2024-10-08 00:06:54,954 [WARN] IP:2191 - BinMixBcdU not found: check if there is a RefParameter without a condition.
2024-10-08 00:06:54,954 [WARN] IP:2191 - SSRU_Underflow_Interrupt not found: check if there is a RefParameter without a condition.
2024-10-08 00:06:54,954 [WARN] IP:2191 - rtcSecureFull not found: check if there is a RefParameter without a condition.
2024-10-08 00:06:54,954 [WARN] IP:2191 - rtcNonSecureFeatures not found: check if there is a RefParameter without a condition.
2024-10-08 00:06:54,955 [WARN] IP:2191 - RTC_NONSECURE_FEATURE_NONE not found: check if there is a RefParameter without a condition.
2024-10-08 00:06:54,955 [WARN] IP:2191 - RTC_NONSECURE_FEATURE_INIT not found: check if there is a RefParameter without a condition.
2024-10-08 00:06:54,955 [WARN] IP:2191 - RTC_NONSECURE_FEATURE_ALRA not found: check if there is a RefParameter without a condition.
2024-10-08 00:06:54,955 [WARN] IP:2191 - RTC_NONSECURE_FEATURE_ALRB not found: check if there is a RefParameter without a condition.
2024-10-08 00:06:54,955 [WARN] IP:2191 - RTC_NONSECURE_FEATURE_TS not found: check if there is a RefParameter without a condition.
2024-10-08 00:06:54,955 [WARN] IP:2191 - RTC_NONSECURE_FEATURE_CAL not found: check if there is a RefParameter without a condition.
2024-10-08 00:06:54,955 [WARN] IP:2191 - RTC_NONSECURE_FEATURE_WUT not found: check if there is a RefParameter without a condition.
2024-10-08 00:06:54,955 [WARN] IP:2191 - Sec_BKP_Registers1 not found: check if there is a RefParameter without a condition.
2024-10-08 00:06:54,955 [WARN] IP:2191 - backupRegisterStartZone2_gS not found: check if there is a RefParameter without a condition.
2024-10-08 00:06:54,955 [WARN] IP:2191 - backupRegisterStartZone3_gS not found: check if there is a RefParameter without a condition.
2024-10-08 00:06:55,019 [INFO] CodeEngine:255 - oldGeneratedFile, D:\githubs\FMC-320U\103_lptim3_capture_lp\MXTmpFiles\license.tmp_save
2024-10-08 00:06:55,097 [INFO] CodeEngine:279 - Generated code: D:\githubs\FMC-320U\103_lptim3_capture_lp\MXTmpFiles\license.tmp
2024-10-08 00:06:55,136 [INFO] CodeEngine:255 - oldGeneratedFile, D:\githubs\FMC-320U\103_lptim3_capture_lp\Core\Src\gpio.c_save
2024-10-08 00:06:55,206 [INFO] CodeEngine:279 - Generated code: D:\githubs\FMC-320U\103_lptim3_capture_lp\Core\Src\gpio.c
2024-10-08 00:06:55,218 [INFO] CodeEngine:255 - oldGeneratedFile, D:\githubs\FMC-320U\103_lptim3_capture_lp\Core\Inc\gpio.h_save
2024-10-08 00:06:55,273 [INFO] CodeEngine:279 - Generated code: D:\githubs\FMC-320U\103_lptim3_capture_lp\Core\Inc\gpio.h
2024-10-08 00:06:55,301 [WARN] IPConfigManager:98 - WARNING: Missing Config File for DEBUG ip!!
2024-10-08 00:06:55,351 [WARN] IPConfigManager:98 - WARNING: Missing Config File for MEMORYMAP ip!!
2024-10-08 00:06:55,352 [WARN] IP:2191 - DefaultDataRegion not found: check if there is a RefParameter without a condition.
2024-10-08 00:06:55,404 [WARN] IP:2191 - OutPut1 not found: check if there is a RefParameter without a condition.
2024-10-08 00:06:55,404 [WARN] IP:2191 - OutPut2 not found: check if there is a RefParameter without a condition.
2024-10-08 00:06:55,404 [WARN] IP:2191 - OutPut3 not found: check if there is a RefParameter without a condition.
2024-10-08 00:06:55,404 [WARN] IP:2191 - BinMixBcdU not found: check if there is a RefParameter without a condition.
2024-10-08 00:06:55,404 [WARN] IP:2191 - SSRU_Underflow_Interrupt not found: check if there is a RefParameter without a condition.
2024-10-08 00:06:55,404 [WARN] IP:2191 - rtcSecureFull not found: check if there is a RefParameter without a condition.
2024-10-08 00:06:55,404 [WARN] IP:2191 - rtcNonSecureFeatures not found: check if there is a RefParameter without a condition.
2024-10-08 00:06:55,404 [WARN] IP:2191 - RTC_NONSECURE_FEATURE_NONE not found: check if there is a RefParameter without a condition.
2024-10-08 00:06:55,404 [WARN] IP:2191 - RTC_NONSECURE_FEATURE_INIT not found: check if there is a RefParameter without a condition.
2024-10-08 00:06:55,404 [WARN] IP:2191 - RTC_NONSECURE_FEATURE_ALRA not found: check if there is a RefParameter without a condition.
2024-10-08 00:06:55,404 [WARN] IP:2191 - RTC_NONSECURE_FEATURE_ALRB not found: check if there is a RefParameter without a condition.
2024-10-08 00:06:55,404 [WARN] IP:2191 - RTC_NONSECURE_FEATURE_TS not found: check if there is a RefParameter without a condition.
2024-10-08 00:06:55,404 [WARN] IP:2191 - RTC_NONSECURE_FEATURE_CAL not found: check if there is a RefParameter without a condition.
2024-10-08 00:06:55,404 [WARN] IP:2191 - RTC_NONSECURE_FEATURE_WUT not found: check if there is a RefParameter without a condition.
2024-10-08 00:06:55,404 [WARN] IP:2191 - Sec_BKP_Registers1 not found: check if there is a RefParameter without a condition.
2024-10-08 00:06:55,404 [WARN] IP:2191 - backupRegisterStartZone2_gS not found: check if there is a RefParameter without a condition.
2024-10-08 00:06:55,404 [WARN] IP:2191 - backupRegisterStartZone3_gS not found: check if there is a RefParameter without a condition.
2024-10-08 00:06:55,498 [INFO] CodeEngine:255 - oldGeneratedFile, D:\githubs\FMC-320U\103_lptim3_capture_lp\MXTmpFiles\cortex.tmp_save
2024-10-08 00:06:55,580 [INFO] CodeEngine:279 - Generated code: D:\githubs\FMC-320U\103_lptim3_capture_lp\MXTmpFiles\cortex.tmp
2024-10-08 00:06:55,597 [INFO] CodeEngine:255 - oldGeneratedFile, D:\githubs\FMC-320U\103_lptim3_capture_lp\Core\Src\lptim.c_save
2024-10-08 00:06:55,698 [INFO] CodeEngine:279 - Generated code: D:\githubs\FMC-320U\103_lptim3_capture_lp\Core\Src\lptim.c
2024-10-08 00:06:55,702 [INFO] CodeEngine:255 - oldGeneratedFile, D:\githubs\FMC-320U\103_lptim3_capture_lp\Core\Inc\lptim.h_save
2024-10-08 00:06:55,775 [INFO] CodeEngine:279 - Generated code: D:\githubs\FMC-320U\103_lptim3_capture_lp\Core\Inc\lptim.h
2024-10-08 00:06:55,792 [INFO] CodeEngine:255 - oldGeneratedFile, D:\githubs\FMC-320U\103_lptim3_capture_lp\Core\Src\memorymap.c_save
2024-10-08 00:06:55,869 [INFO] CodeEngine:279 - Generated code: D:\githubs\FMC-320U\103_lptim3_capture_lp\Core\Src\memorymap.c
2024-10-08 00:06:55,872 [INFO] CodeEngine:255 - oldGeneratedFile, D:\githubs\FMC-320U\103_lptim3_capture_lp\Core\Inc\memorymap.h_save
2024-10-08 00:06:55,933 [INFO] CodeEngine:279 - Generated code: D:\githubs\FMC-320U\103_lptim3_capture_lp\Core\Inc\memorymap.h
2024-10-08 00:06:55,950 [INFO] CodeEngine:255 - oldGeneratedFile, D:\githubs\FMC-320U\103_lptim3_capture_lp\Core\Src\rtc.c_save
2024-10-08 00:06:56,029 [INFO] CodeEngine:279 - Generated code: D:\githubs\FMC-320U\103_lptim3_capture_lp\Core\Src\rtc.c
2024-10-08 00:06:56,032 [INFO] CodeEngine:255 - oldGeneratedFile, D:\githubs\FMC-320U\103_lptim3_capture_lp\Core\Inc\rtc.h_save
2024-10-08 00:06:56,091 [INFO] CodeEngine:279 - Generated code: D:\githubs\FMC-320U\103_lptim3_capture_lp\Core\Inc\rtc.h
2024-10-08 00:06:56,113 [INFO] CodeEngine:255 - oldGeneratedFile, D:\githubs\FMC-320U\103_lptim3_capture_lp\Core\Src\usart.c_save
2024-10-08 00:06:56,200 [INFO] CodeEngine:279 - Generated code: D:\githubs\FMC-320U\103_lptim3_capture_lp\Core\Src\usart.c
2024-10-08 00:06:56,204 [INFO] CodeEngine:255 - oldGeneratedFile, D:\githubs\FMC-320U\103_lptim3_capture_lp\Core\Inc\usart.h_save
2024-10-08 00:06:56,264 [INFO] CodeEngine:279 - Generated code: D:\githubs\FMC-320U\103_lptim3_capture_lp\Core\Inc\usart.h
2024-10-08 00:06:56,293 [INFO] CodeEngine:255 - oldGeneratedFile, D:\githubs\FMC-320U\103_lptim3_capture_lp\Core\Src\stm32u5xx_it.c_save
2024-10-08 00:06:56,372 [INFO] CodeEngine:279 - Generated code: D:\githubs\FMC-320U\103_lptim3_capture_lp\Core\Src\stm32u5xx_it.c
2024-10-08 00:06:56,378 [INFO] CodeEngine:255 - oldGeneratedFile, D:\githubs\FMC-320U\103_lptim3_capture_lp\Core\Inc\stm32u5xx_it.h_save
2024-10-08 00:06:56,443 [INFO] CodeEngine:279 - Generated code: D:\githubs\FMC-320U\103_lptim3_capture_lp\Core\Inc\stm32u5xx_it.h
2024-10-08 00:06:56,491 [INFO] CodeEngine:255 - oldGeneratedFile, D:\githubs\FMC-320U\103_lptim3_capture_lp\Core\Src\stm32u5xx_hal_msp.c_save
2024-10-08 00:06:56,576 [INFO] CodeEngine:279 - Generated code: D:\githubs\FMC-320U\103_lptim3_capture_lp\Core\Src\stm32u5xx_hal_msp.c
2024-10-08 00:06:56,580 [INFO] CodeEngine:255 - oldGeneratedFile, D:\githubs\FMC-320U\103_lptim3_capture_lp\MXTmpFiles\system.tmp_save
2024-10-08 00:06:56,635 [INFO] CodeEngine:279 - Generated code: D:\githubs\FMC-320U\103_lptim3_capture_lp\MXTmpFiles\system.tmp
2024-10-08 00:06:56,650 [INFO] CodeEngine:311 - oldGeneratedFile, D:\githubs\FMC-320U\103_lptim3_capture_lp\Core\Inc\stm32u5xx_hal_conf.h_save
2024-10-08 00:06:56,748 [INFO] CodeEngine:335 - Generated code: D:\githubs\FMC-320U\103_lptim3_capture_lp\Core\Inc\stm32u5xx_hal_conf.h
2024-10-08 00:06:56,788 [INFO] CodeEngine:255 - oldGeneratedFile, D:\githubs\FMC-320U\103_lptim3_capture_lp\Core\Inc\main.h_save
2024-10-08 00:06:56,860 [INFO] CodeEngine:279 - Generated code: D:\githubs\FMC-320U\103_lptim3_capture_lp\Core\Inc\main.h
2024-10-08 00:06:56,871 [INFO] CodeEngine:255 - oldGeneratedFile, D:\githubs\FMC-320U\103_lptim3_capture_lp\Core\Src\main.c_save
2024-10-08 00:06:56,966 [INFO] CodeEngine:279 - Generated code: D:\githubs\FMC-320U\103_lptim3_capture_lp\Core\Src\main.c
2024-10-08 00:06:57,384 [INFO] ProjectBuilder:3249 - Time for Copy HAL[1] : 188mS.
2024-10-08 00:06:57,386 [INFO] ProjectBuilder:4828 - Project Generator version: 4.5.0-B34
2024-10-08 00:06:57,459 [INFO] ConfigFileManager:1531 - The Die is : DIE482
2024-10-08 00:06:57,987 [INFO] ProjectBuilder:5097 - Time for Generating toolchain IDE Files: 601mS.
2024-10-08 00:06:57,988 [INFO] ProjectBuilder:3107 - Time for Copy CMSIS : 1mS.
2024-10-08 00:06:57,992 [INFO] ProjectBuilder:3107 - Time for Copy CMSIS : 0mS.
