2024-10-08 00:07:01,794 [ERROR] LogOutputStream:75 - [STDERR_REDIRECT] 
2024-10-08 10:41:03,621 [INFO] Activator:176 - 


2024-10-08 10:41:03,621 [INFO] Activator:177 - !SESSION log4j initialized
2024-10-08 10:41:10,123 [INFO] LogOutputStream:77 - [STDOUT_REDIRECT] 
2024-10-08 10:41:12,286 [INFO] ApplicationProperties:184 - Using Application install path: C:\ST\STM32CubeIDE_1.16.1\STM32CubeIDE\plugins\com.st.stm32cube.common.mx_6.12.1.202409122256
2024-10-08 10:41:12,301 [INFO] DbMcusXml:78 - Set database path to: C:\ST\STM32CubeIDE_1.16.1\STM32CubeIDE\plugins\com.st.stm32cube.common.mx_6.12.1.202409122256\\db\/mcu/
2024-10-08 10:41:12,301 [INFO] ApiDb:274 - Set plugin database path to: C:\ST\STM32CubeIDE_1.16.1\STM32CubeIDE\plugins\com.st.stm32cube.common.mx_6.12.1.202409122256\\db\/plugins/boardmanager/
2024-10-08 10:41:12,301 [WARN] ApiDb:259 - Overriding images path with different value:  => C:\ST\STM32CubeIDE_1.16.1\STM32CubeIDE\plugins\com.st.stm32cube.common.mx_6.12.1.202409122256\\db\/plugins/mcufinder/images/
2024-10-08 10:41:12,311 [INFO] ApiDb:250 - Set database path to: C:\Users\Gamarra\.stmcufinder\plugins\mcufinder//mcu/
2024-10-08 10:41:12,312 [INFO] DbMcusAds:125 - Set database path to: C:\Users\Gamarra\.stmcufinder\plugins\mcufinder//mcu/
2024-10-08 10:41:12,314 [INFO] CrossReferenceDbSqlite:203 - Set database path to: C:\Users\Gamarra\.stmcufinder\plugins\mcufinder//mcu/cs/
2024-10-08 10:41:12,444 [INFO] RulesReader:64 - Compatibility file has been processed (297 Rules)
2024-10-08 10:41:12,506 [INFO] DbMcusXml:78 - Set database path to: C:\ST\STM32CubeIDE_1.16.1\STM32CubeIDE\plugins\com.st.stm32cube.common.mx_6.12.1.202409122256\\db\/mcu/
2024-10-08 10:41:12,507 [INFO] ApiDb:274 - Set plugin database path to: C:\ST\STM32CubeIDE_1.16.1\STM32CubeIDE\plugins\com.st.stm32cube.common.mx_6.12.1.202409122256\\db\/plugins/boardmanager/
2024-10-08 10:41:12,507 [INFO] ApiDb:261 - Set plugin images path to: C:\ST\STM32CubeIDE_1.16.1\STM32CubeIDE\plugins\com.st.stm32cube.common.mx_6.12.1.202409122256\\db\/plugins/mcufinder/images/
2024-10-08 10:41:12,507 [WARN] DbFile:41 - Overriding database path with different value: C:\Users\Gamarra\.stmcufinder\plugins\mcufinder/ => C:\Users\Gamarra\.stmcufinder\plugins\mcufinder
2024-10-08 10:41:12,507 [INFO] ApiDb:250 - Set database path to: C:\Users\Gamarra\.stmcufinder\plugins\mcufinder//mcu/
2024-10-08 10:41:12,507 [WARN] DbFile:41 - Overriding database path with different value: C:\Users\Gamarra\.stmcufinder\plugins\mcufinder/ => C:\Users\Gamarra\.stmcufinder\plugins\mcufinder
2024-10-08 10:41:12,507 [INFO] DbMcusAds:125 - Set database path to: C:\Users\Gamarra\.stmcufinder\plugins\mcufinder//mcu/
2024-10-08 10:41:12,507 [WARN] DbFile:41 - Overriding database path with different value: C:\Users\Gamarra\.stmcufinder\plugins\mcufinder/ => C:\Users\Gamarra\.stmcufinder\plugins\mcufinder
2024-10-08 10:41:12,507 [WARN] DbFile:41 - Overriding database path with different value: C:\Users\Gamarra\.stmcufinder\plugins\mcufinder/ => C:\Users\Gamarra\.stmcufinder\plugins\mcufinder
2024-10-08 10:41:12,507 [INFO] CrossReferenceDbSqlite:203 - Set database path to: C:\Users\Gamarra\.stmcufinder\plugins\mcufinder//mcu/cs/
2024-10-08 10:41:12,575 [INFO] MainPanel:268 - HeapMemory: 429916160
2024-10-08 10:41:12,660 [INFO] DbMcusXml:78 - Set database path to: C:\ST\STM32CubeIDE_1.16.1\STM32CubeIDE\plugins\com.st.stm32cube.common.mx_6.12.1.202409122256\\db\/mcu/
2024-10-08 10:41:12,660 [INFO] ApiDb:274 - Set plugin database path to: C:\ST\STM32CubeIDE_1.16.1\STM32CubeIDE\plugins\com.st.stm32cube.common.mx_6.12.1.202409122256\\db\/plugins/boardmanager/
2024-10-08 10:41:12,660 [INFO] ApiDb:261 - Set plugin images path to: C:\ST\STM32CubeIDE_1.16.1\STM32CubeIDE\plugins\com.st.stm32cube.common.mx_6.12.1.202409122256\\db\/plugins/mcufinder/images/
2024-10-08 10:41:12,660 [WARN] DbFile:41 - Overriding database path with different value: C:\Users\Gamarra\.stmcufinder\plugins\mcufinder/ => C:\Users\Gamarra\.stmcufinder\plugins\mcufinder
2024-10-08 10:41:12,660 [INFO] ApiDb:250 - Set database path to: C:\Users\Gamarra\.stmcufinder\plugins\mcufinder//mcu/
2024-10-08 10:41:12,660 [WARN] DbFile:41 - Overriding database path with different value: C:\Users\Gamarra\.stmcufinder\plugins\mcufinder/ => C:\Users\Gamarra\.stmcufinder\plugins\mcufinder
2024-10-08 10:41:12,660 [INFO] DbMcusAds:125 - Set database path to: C:\Users\Gamarra\.stmcufinder\plugins\mcufinder//mcu/
2024-10-08 10:41:12,661 [WARN] DbFile:41 - Overriding database path with different value: C:\Users\Gamarra\.stmcufinder\plugins\mcufinder/ => C:\Users\Gamarra\.stmcufinder\plugins\mcufinder
2024-10-08 10:41:12,661 [WARN] DbFile:41 - Overriding database path with different value: C:\Users\Gamarra\.stmcufinder\plugins\mcufinder/ => C:\Users\Gamarra\.stmcufinder\plugins\mcufinder
2024-10-08 10:41:12,661 [INFO] CrossReferenceDbSqlite:203 - Set database path to: C:\Users\Gamarra\.stmcufinder\plugins\mcufinder//mcu/cs/
2024-10-08 10:41:12,676 [INFO] ApplicationProperties:184 - Using Application install path: C:\ST\STM32CubeIDE_1.16.1\STM32CubeIDE\plugins\com.st.stm32cube.common.mx_6.12.1.202409122256
2024-10-08 10:41:12,677 [INFO] PluginManage:196 - Search for loadable plugins [exclusion list=, ]
2024-10-08 10:41:12,678 [INFO] PluginManage:310 - Check plugin analytics
2024-10-08 10:41:12,683 [ERROR] ConfigurationRetriever:142 - IOException on connection: Read timed out
2024-10-08 10:41:12,822 [INFO] AnalyticsPlugin:253 - Accepted Software Licenses: STM32CubeMX.6.12.1
2024-10-08 10:41:12,823 [INFO] AnalyticsPlugin:255 - Accepted CMSIS Pack Licenses: 
2024-10-08 10:41:12,823 [INFO] AnalyticsPlugin:257 - Accepted Firmware Licenses: FW.U5.1.5.0,FW.U5.1.2.0,FW.U5.1.6.0
2024-10-08 10:41:12,825 [INFO] PluginManage:359 - Loaded plugin analytics (category:tool,tabindex:-1)
2024-10-08 10:41:12,825 [INFO] PluginManage:310 - Check plugin cadmodel
2024-10-08 10:41:12,838 [INFO] CADModel:105 - Init CAD model plugin
2024-10-08 10:41:12,838 [INFO] PluginManage:359 - Loaded plugin cadmodel (category:power,tabindex:5)
2024-10-08 10:41:12,838 [INFO] PluginManage:310 - Check plugin clock
2024-10-08 10:41:12,855 [INFO] PluginManage:359 - Loaded plugin clock (category:base,tabindex:2)
2024-10-08 10:41:12,855 [INFO] PluginManage:310 - Check plugin ddr
2024-10-08 10:41:12,857 [INFO] PluginManage:359 - Loaded plugin ddr (category:tool,tabindex:6)
2024-10-08 10:41:12,857 [INFO] PluginManage:310 - Check plugin filemanager
2024-10-08 10:41:12,978 [INFO] PluginManage:359 - Loaded plugin filemanager (category:base,tabindex:10)
2024-10-08 10:41:12,978 [INFO] PluginManage:310 - Check plugin ipmanager
2024-10-08 10:41:12,983 [INFO] PluginManage:359 - Loaded plugin ipmanager (category:base,tabindex:5)
2024-10-08 10:41:12,983 [INFO] PluginManage:310 - Check plugin lpbam
2024-10-08 10:41:12,996 [INFO] PluginManage:359 - Loaded plugin lpbam (category:base,tabindex:0)
2024-10-08 10:41:12,996 [INFO] PluginManage:310 - Check plugin memorymap
2024-10-08 10:41:13,014 [INFO] PluginManage:359 - Loaded plugin memorymap (category:base,tabindex:4)
2024-10-08 10:41:13,014 [INFO] PluginManage:310 - Check plugin pinoutandconfiguration
2024-10-08 10:41:13,027 [INFO] PluginManage:359 - Loaded plugin pinoutandconfiguration (category:base,tabindex:1)
2024-10-08 10:41:13,027 [INFO] PluginManage:310 - Check plugin pinoutconfig
2024-10-08 10:41:13,096 [WARN] SupportedApi:132 - Cannot load RTOS API schema: s4s-elt-must-match.1: The content of 'definitions' must match (annotation?, (simpleType | complexType)?, (unique | key | keyref)*)). A problem was found starting at: attribute.
2024-10-08 10:41:13,192 [INFO] PluginManage:359 - Loaded plugin pinoutconfig (category:base,tabindex:0)
2024-10-08 10:41:13,192 [INFO] PluginManage:310 - Check plugin power
2024-10-08 10:41:13,206 [INFO] PluginManage:359 - Loaded plugin power (category:power,tabindex:4)
2024-10-08 10:41:13,206 [INFO] PluginManage:310 - Check plugin projectmanager
2024-10-08 10:41:13,217 [INFO] PluginManage:359 - Loaded plugin projectmanager (category:projectmanager,tabindex:4)
2024-10-08 10:41:13,217 [INFO] PluginManage:310 - Check plugin rif
2024-10-08 10:41:13,229 [INFO] PluginManage:359 - Loaded plugin rif (category:base,tabindex:3)
2024-10-08 10:41:13,229 [INFO] PluginManage:310 - Check plugin thirdparty
2024-10-08 10:41:13,438 [INFO] PluginManage:359 - Loaded plugin thirdparty (category:base,tabindex:-1)
2024-10-08 10:41:13,438 [WARN] IntegrityCheckThread:84 - waiting for thirdparty lock release [integrity check]
2024-10-08 10:41:13,438 [INFO] PluginManage:310 - Check plugin tools
2024-10-08 10:41:13,438 [INFO] IntegrityCheckThread:86 - entering critical section [integrity check]
2024-10-08 10:41:13,439 [INFO] ThirdPartyUpdaterWithRetryManager:70 - Updater plugin not ready yet. [1/15]
2024-10-08 10:41:13,469 [INFO] PluginManage:359 - Loaded plugin tools (category:base,tabindex:7)
2024-10-08 10:41:13,469 [INFO] PluginManage:310 - Check plugin tutovideos
2024-10-08 10:41:13,625 [INFO] PluginManage:359 - Loaded plugin tutovideos (category:base,tabindex:-1)
2024-10-08 10:41:13,625 [INFO] PluginManage:310 - Check plugin updater
2024-10-08 10:41:13,639 [INFO] PluginManage:359 - Loaded plugin updater (category:base,tabindex:12)
2024-10-08 10:41:13,639 [INFO] PluginManage:310 - Check plugin userauth
2024-10-08 10:41:13,644 [INFO] UserAuth:113 - Init User Auth plugin
2024-10-08 10:41:13,644 [INFO] PluginManage:359 - Loaded plugin userauth (category:base,tabindex:14)
2024-10-08 10:41:13,645 [INFO] PluginManage:283 - PluginManage : Loaded plugins [18]
2024-10-08 10:41:13,806 [INFO] PinOutPanel:1561 - setPackage(No Configuration,No Configuration)
2024-10-08 10:41:13,867 [INFO] CADModel:165 - CPN selected for project level
2024-10-08 10:41:13,867 [INFO] CADModel:114 - Register for checkConnection events
2024-10-08 10:41:13,887 [INFO] IPUIPlugin:80 - create IPUIPlugin
2024-10-08 10:41:13,887 [INFO] PluginManager:220 - loadIPPluginJar : add adc
2024-10-08 10:41:13,916 [INFO] IPUIPlugin:80 - create IPUIPlugin
2024-10-08 10:41:13,917 [INFO] PluginManager:220 - loadIPPluginJar : add aes
2024-10-08 10:41:13,948 [INFO] IPUIPlugin:80 - create IPUIPlugin
2024-10-08 10:41:13,949 [INFO] PluginManager:220 - loadIPPluginJar : add can
2024-10-08 10:41:13,966 [INFO] IPUIPlugin:80 - create IPUIPlugin
2024-10-08 10:41:13,966 [INFO] PluginManager:220 - loadIPPluginJar : add comp
2024-10-08 10:41:13,991 [INFO] IPUIPlugin:80 - create IPUIPlugin
2024-10-08 10:41:13,991 [INFO] PluginManager:220 - loadIPPluginJar : add cryp
2024-10-08 10:41:13,999 [INFO] IPUIPlugin:80 - create IPUIPlugin
2024-10-08 10:41:14,000 [INFO] PluginManager:220 - loadIPPluginJar : add ddr_ctrl_phy
2024-10-08 10:41:14,022 [INFO] IPUIPlugin:80 - create IPUIPlugin
2024-10-08 10:41:14,022 [INFO] PluginManager:220 - loadIPPluginJar : add dfsdm
2024-10-08 10:41:14,033 [INFO] IPUIPlugin:80 - create IPUIPlugin
2024-10-08 10:41:14,034 [INFO] PluginManager:220 - loadIPPluginJar : add dma
2024-10-08 10:41:14,070 [INFO] IPUIPlugin:80 - create IPUIPlugin
2024-10-08 10:41:14,070 [INFO] PluginManager:220 - loadIPPluginJar : add dma3
2024-10-08 10:41:14,106 [INFO] IPUIPlugin:80 - create IPUIPlugin
2024-10-08 10:41:14,106 [INFO] PluginManager:220 - loadIPPluginJar : add extmemmanager
2024-10-08 10:41:14,120 [INFO] IPUIPlugin:80 - create IPUIPlugin
2024-10-08 10:41:14,120 [INFO] PluginManager:220 - loadIPPluginJar : add fatfs
2024-10-08 10:41:14,157 [INFO] IPUIPlugin:80 - create IPUIPlugin
2024-10-08 10:41:14,157 [INFO] PluginManager:220 - loadIPPluginJar : add fmc
2024-10-08 10:41:14,169 [INFO] IPUIPlugin:80 - create IPUIPlugin
2024-10-08 10:41:14,169 [INFO] PluginManager:220 - loadIPPluginJar : add freertos
2024-10-08 10:41:14,184 [INFO] IPUIPlugin:80 - create IPUIPlugin
2024-10-08 10:41:14,184 [INFO] PluginManager:220 - loadIPPluginJar : add genericplugin
2024-10-08 10:41:14,250 [INFO] IPUIPlugin:80 - create IPUIPlugin
2024-10-08 10:41:14,251 [INFO] PluginManager:220 - loadIPPluginJar : add gfxmmu
2024-10-08 10:41:14,347 [INFO] IPUIPlugin:80 - create IPUIPlugin
2024-10-08 10:41:14,348 [INFO] PluginManager:220 - loadIPPluginJar : add gic
2024-10-08 10:41:14,358 [INFO] IPUIPlugin:80 - create IPUIPlugin
2024-10-08 10:41:14,358 [INFO] PluginManager:220 - loadIPPluginJar : add gpio
2024-10-08 10:41:14,429 [INFO] IPUIPlugin:80 - create IPUIPlugin
2024-10-08 10:41:14,429 [INFO] PluginManager:220 - loadIPPluginJar : add gtzc
2024-10-08 10:41:14,453 [INFO] IPUIPlugin:80 - create IPUIPlugin
2024-10-08 10:41:14,453 [INFO] PluginManager:220 - loadIPPluginJar : add hash
2024-10-08 10:41:14,492 [INFO] IPUIPlugin:80 - create IPUIPlugin
2024-10-08 10:41:14,492 [INFO] PluginManager:220 - loadIPPluginJar : add i2c
2024-10-08 10:41:14,521 [INFO] IPUIPlugin:80 - create IPUIPlugin
2024-10-08 10:41:14,521 [INFO] PluginManager:220 - loadIPPluginJar : add i2s
2024-10-08 10:41:14,551 [INFO] IPUIPlugin:80 - create IPUIPlugin
2024-10-08 10:41:14,551 [INFO] PluginManager:220 - loadIPPluginJar : add i3c
2024-10-08 10:41:14,636 [INFO] IPUIPlugin:80 - create IPUIPlugin
2024-10-08 10:41:14,636 [INFO] PluginManager:220 - loadIPPluginJar : add ipddr
2024-10-08 10:41:14,704 [INFO] IPUIPlugin:80 - create IPUIPlugin
2024-10-08 10:41:14,704 [INFO] PluginManager:220 - loadIPPluginJar : add linkedlist
2024-10-08 10:41:14,730 [INFO] IPUIPlugin:80 - create IPUIPlugin
2024-10-08 10:41:14,731 [INFO] PluginManager:220 - loadIPPluginJar : add lorawan
2024-10-08 10:41:14,757 [INFO] IPUIPlugin:80 - create IPUIPlugin
2024-10-08 10:41:14,757 [INFO] PluginManager:220 - loadIPPluginJar : add ltdc
2024-10-08 10:41:14,767 [INFO] IPUIPlugin:80 - create IPUIPlugin
2024-10-08 10:41:14,767 [INFO] PluginManager:220 - loadIPPluginJar : add mdma
2024-10-08 10:41:14,776 [INFO] IPUIPlugin:80 - create IPUIPlugin
2024-10-08 10:41:14,776 [INFO] PluginManager:220 - loadIPPluginJar : add nvic
2024-10-08 10:41:14,803 [INFO] IPUIPlugin:80 - create IPUIPlugin
2024-10-08 10:41:14,803 [INFO] PluginManager:220 - loadIPPluginJar : add opamp
2024-10-08 10:41:14,848 [INFO] IPUIPlugin:80 - create IPUIPlugin
2024-10-08 10:41:14,848 [INFO] PluginManager:220 - loadIPPluginJar : add openamp
2024-10-08 10:41:14,882 [INFO] IPUIPlugin:80 - create IPUIPlugin
2024-10-08 10:41:14,882 [INFO] PluginManager:220 - loadIPPluginJar : add pdm2pcm
2024-10-08 10:41:14,893 [INFO] IPUIPlugin:80 - create IPUIPlugin
2024-10-08 10:41:14,894 [INFO] PluginManager:220 - loadIPPluginJar : add plateformsettings
2024-10-08 10:41:14,911 [INFO] IPUIPlugin:80 - create IPUIPlugin
2024-10-08 10:41:14,911 [INFO] PluginManager:220 - loadIPPluginJar : add quadspi
2024-10-08 10:41:14,930 [INFO] IPUIPlugin:80 - create IPUIPlugin
2024-10-08 10:41:14,930 [INFO] PluginManager:220 - loadIPPluginJar : add radio
2024-10-08 10:41:14,939 [INFO] IPUIPlugin:80 - create IPUIPlugin
2024-10-08 10:41:14,939 [INFO] PluginManager:220 - loadIPPluginJar : add resmgrutility
2024-10-08 10:41:14,981 [INFO] IPUIPlugin:80 - create IPUIPlugin
2024-10-08 10:41:14,981 [INFO] PluginManager:220 - loadIPPluginJar : add sai
2024-10-08 10:41:15,009 [INFO] IPUIPlugin:80 - create IPUIPlugin
2024-10-08 10:41:15,009 [INFO] PluginManager:220 - loadIPPluginJar : add spi
2024-10-08 10:41:15,067 [INFO] IPUIPlugin:80 - create IPUIPlugin
2024-10-08 10:41:15,067 [INFO] PluginManager:220 - loadIPPluginJar : add stm32_wpan
2024-10-08 10:41:15,086 [INFO] IPUIPlugin:80 - create IPUIPlugin
2024-10-08 10:41:15,086 [INFO] PluginManager:220 - loadIPPluginJar : add tim
2024-10-08 10:41:15,144 [INFO] IPUIPlugin:80 - create IPUIPlugin
2024-10-08 10:41:15,144 [INFO] PluginManager:220 - loadIPPluginJar : add touchsensing
2024-10-08 10:41:15,164 [INFO] IPUIPlugin:80 - create IPUIPlugin
2024-10-08 10:41:15,164 [INFO] PluginManager:220 - loadIPPluginJar : add tracer_emb
2024-10-08 10:41:15,183 [INFO] IPUIPlugin:80 - create IPUIPlugin
2024-10-08 10:41:15,183 [INFO] PluginManager:220 - loadIPPluginJar : add ts
2024-10-08 10:41:15,201 [INFO] IPUIPlugin:80 - create IPUIPlugin
2024-10-08 10:41:15,201 [INFO] PluginManager:220 - loadIPPluginJar : add tsc
2024-10-08 10:41:15,220 [INFO] IPUIPlugin:80 - create IPUIPlugin
2024-10-08 10:41:15,221 [INFO] PluginManager:220 - loadIPPluginJar : add ucpd
2024-10-08 10:41:15,261 [INFO] IPUIPlugin:80 - create IPUIPlugin
2024-10-08 10:41:15,261 [INFO] PluginManager:220 - loadIPPluginJar : add usart
2024-10-08 10:41:15,295 [INFO] IPUIPlugin:80 - create IPUIPlugin
2024-10-08 10:41:15,295 [INFO] PluginManager:220 - loadIPPluginJar : add usbx
2024-10-08 10:41:15,407 [INFO] CADModel:165 - CPN selected for project level
2024-10-08 10:41:15,407 [INFO] CADModel:114 - Register for checkConnection events
2024-10-08 10:41:15,407 [FATAL] Updater:334 - Updater called before beeing initialized
2024-10-08 10:41:15,407 [ERROR] CADModel:125 - Updater not yet initialized, retry later 
2024-10-08 10:41:15,504 [INFO] CADModel:165 - CPN selected for project level
2024-10-08 10:41:15,504 [INFO] CADModel:114 - Register for checkConnection events
2024-10-08 10:41:15,504 [FATAL] Updater:334 - Updater called before beeing initialized
2024-10-08 10:41:15,504 [ERROR] CADModel:125 - Updater not yet initialized, retry later 
2024-10-08 10:41:15,507 [FATAL] Updater:334 - Updater called before beeing initialized
2024-10-08 10:41:15,582 [FATAL] Updater:334 - Updater called before beeing initialized
2024-10-08 10:41:15,589 [INFO] DbMcusAds:53 - JSON generation date=Fri Sep 20 10:04:23 ART 2024 (1726837463113)
2024-10-08 10:41:15,589 [FATAL] Updater:334 - Updater called before beeing initialized
2024-10-08 10:41:15,619 [WARN] DetailPanel:346 - Failed to get advertising image, set to default
2024-10-08 10:41:15,692 [FATAL] Updater:334 - Updater called before beeing initialized
2024-10-08 10:41:15,693 [FATAL] Updater:334 - Updater called before beeing initialized
2024-10-08 10:41:15,693 [FATAL] Updater:334 - Updater called before beeing initialized
2024-10-08 10:41:15,693 [WARN] DetailPanel:346 - Failed to get advertising image, set to default
2024-10-08 10:41:15,694 [FATAL] Updater:334 - Updater called before beeing initialized
2024-10-08 10:41:15,739 [ERROR] Updater:1164 - MainUpdater not yet initialized. External WinMGr cannot be set.
2024-10-08 10:41:15,748 [INFO] Updater:1100 - Updater Version found : 6.12.1
2024-10-08 10:41:15,760 [INFO] ApplicationProperties:184 - Using Application install path: C:\ST\STM32CubeIDE_1.16.1\STM32CubeIDE\plugins\com.st.stm32cube.common.mx_6.12.1.202409122256
2024-10-08 10:41:16,440 [INFO] ThirdPartyUpdaterWithRetryManager:70 - Updater plugin not ready yet. [2/15]
2024-10-08 10:41:17,334 [ERROR] LogOutputStream:75 - [STDERR_REDIRECT] Oct 08, 2024 10:41:17 AM java.util.prefs.WindowsPreferences <init>
2024-10-08 10:41:17,335 [ERROR] LogOutputStream:75 - [STDERR_REDIRECT] WARNING: Could not open/create prefs root node Software\JavaSoft\Prefs at root 0xffffffff80000002. Windows RegCreateKeyEx(...) returned error code 5.
2024-10-08 10:41:17,335 [ERROR] LogOutputStream:75 - [STDERR_REDIRECT] 
2024-10-08 10:41:17,569 [INFO] MainUpdater:2873 - connection check result : 10
2024-10-08 10:41:17,570 [INFO] MainUpdater:290 - Updater Check For Update Now.
2024-10-08 10:41:17,570 [INFO] MicroXplorer:498 - Change Database Version : DB.6.0.121
2024-10-08 10:41:17,587 [INFO] McuFinderGlobals:63 - Set McuFinder mode to 2 (CubeIDE integrated)
2024-10-08 10:41:17,594 [INFO] UserAuth:417 - Internet connection configuration mode: 1
2024-10-08 10:41:17,624 [INFO] JxBrowserEngine:152 - Initiate JxBrowser Engine with user profile folder
2024-10-08 10:41:17,825 [INFO] CheckServerUpdateThread:120 - End of CheckServer Thread
2024-10-08 10:41:19,609 [WARN] PackLoader:240 - Cannot read IP mode file for STMicroelectronics.X-CUBE-SMBUS.2.1.0
2024-10-08 10:41:19,624 [WARN] PackLoader:240 - Cannot read IP mode file for STMicroelectronics.X-CUBE-WB05N.1.1.0
2024-10-08 10:41:19,637 [WARN] PackLoader:240 - Cannot read IP mode file for STMicroelectronics.X-CUBE-TOUCHGFX.4.23.2
2024-10-08 10:41:19,672 [WARN] PackLoader:240 - Cannot read IP mode file for STMicroelectronics.X-CUBE-AZRTOS-F7.1.1.0
2024-10-08 10:41:19,742 [WARN] PackLoader:240 - Cannot read IP mode file for STMicroelectronics.X-CUBE-MEMS1.11.0.0
2024-10-08 10:41:19,886 [WARN] PackLoader:240 - Cannot read IP mode file for STMicroelectronics.FP-SNS-FLIGHT1.5.0.2
2024-10-08 10:41:19,904 [WARN] PackLoader:240 - Cannot read IP mode file for STMicroelectronics.X-CUBE-DISPLAY.3.0.0
2024-10-08 10:41:19,925 [WARN] PackLoader:240 - Cannot read IP mode file for STMicroelectronics.X-CUBE-BLE1.7.0.0
2024-10-08 10:41:19,943 [WARN] PackLoader:240 - Cannot read IP mode file for STMicroelectronics.X-CUBE-NFC10.1.0.0
2024-10-08 10:41:19,960 [WARN] PackLoader:240 - Cannot read IP mode file for emotas.I-CUBE-CANOPEN.1.3.0
2024-10-08 10:41:19,992 [WARN] PackLoader:240 - Cannot read IP mode file for STMicroelectronics.X-CUBE-BLEMGR.3.1.0
2024-10-08 10:41:20,011 [WARN] PackLoader:240 - Cannot read IP mode file for STMicroelectronics.FP-SNS-SMARTAG2.1.2.0
2024-10-08 10:41:20,035 [INFO] LogOutputStream:77 - [STDOUT_REDIRECT] 1 : Invalid condition id : UX_CORESTACK_Condition cause : null
2024-10-08 10:41:20,035 [INFO] LogOutputStream:77 - [STDOUT_REDIRECT] 1 : Invalid condition id : UX_CORESTACK_Condition cause : null
2024-10-08 10:41:20,036 [INFO] LogOutputStream:77 - [STDOUT_REDIRECT] 1 : Invalid condition id : UX_CORESTACK_Condition cause : null
2024-10-08 10:41:20,037 [INFO] LogOutputStream:77 - [STDOUT_REDIRECT] 1 : Invalid condition id : UX_CORESTACK_Condition cause : null
2024-10-08 10:41:20,044 [INFO] LogOutputStream:77 - [STDOUT_REDIRECT] 1 : Invalid condition id : UX_CORESTACK_Condition cause : null
2024-10-08 10:41:20,048 [WARN] PackLoader:240 - Cannot read IP mode file for STMicroelectronics.X-CUBE-AZRTOS-WL.2.0.0
2024-10-08 10:41:20,061 [WARN] PackLoader:240 - Cannot read IP mode file for wolfSSL.I-CUBE-wolfMQTT.1.19.0
2024-10-08 10:41:20,076 [WARN] PackLoader:240 - Cannot read IP mode file for WES.I-CUBE-Cesium.1.3.0
2024-10-08 10:41:20,088 [WARN] PackLoader:240 - Cannot read IP mode file for STMicroelectronics.X-CUBE-BLE2.3.3.0
2024-10-08 10:41:20,101 [WARN] PackLoader:240 - Cannot read IP mode file for STMicroelectronics.X-CUBE-NFC9.1.0.0
2024-10-08 10:41:20,114 [WARN] PackLoader:240 - Cannot read IP mode file for STMicroelectronics.X-CUBE-ALGOBUILD.1.3.0
2024-10-08 10:41:20,144 [WARN] PackLoader:240 - Cannot read IP mode file for STMicroelectronics.X-CUBE-AZRTOS-G0.1.1.0
2024-10-08 10:41:20,161 [WARN] PackLoader:240 - Cannot read IP mode file for STMicroelectronics.X-CUBE-NFC4.3.0.0
2024-10-08 10:41:20,178 [WARN] PackLoader:240 - Cannot read IP mode file for EmbeddedOffice.I-CUBE-FS-RTOS.1.0.1
2024-10-08 10:41:20,179 [ERROR] ConditionMgr:805 - Attr not supported : Dmpu
2024-10-08 10:41:20,179 [ERROR] ConditionMgr:805 - Attr not supported : Dmpu
2024-10-08 10:41:20,179 [ERROR] ConditionMgr:805 - Attr not supported : Dmpu
2024-10-08 10:41:20,179 [ERROR] ConditionMgr:805 - Attr not supported : Dmpu
2024-10-08 10:41:20,179 [ERROR] ConditionMgr:805 - Attr not supported : Dmpu
2024-10-08 10:41:20,179 [ERROR] ConditionMgr:805 - Attr not supported : Dmpu
2024-10-08 10:41:20,179 [ERROR] ConditionMgr:805 - Attr not supported : Dmpu
2024-10-08 10:41:20,179 [ERROR] ConditionMgr:805 - Attr not supported : Dmpu
2024-10-08 10:41:20,179 [ERROR] ConditionMgr:805 - Attr not supported : Dmpu
2024-10-08 10:41:20,179 [ERROR] ConditionMgr:805 - Attr not supported : Dmpu
2024-10-08 10:41:20,179 [ERROR] ConditionMgr:805 - Attr not supported : Dmpu
2024-10-08 10:41:20,180 [ERROR] ConditionMgr:805 - Attr not supported : Dmpu
2024-10-08 10:41:20,180 [ERROR] ConditionMgr:805 - Attr not supported : Dmpu
2024-10-08 10:41:20,180 [ERROR] ConditionMgr:805 - Attr not supported : Dmpu
2024-10-08 10:41:20,180 [ERROR] ConditionMgr:805 - Attr not supported : Dmpu
2024-10-08 10:41:20,180 [ERROR] ConditionMgr:805 - Attr not supported : Dmpu
2024-10-08 10:41:20,180 [ERROR] ConditionMgr:805 - Attr not supported : Dmpu
2024-10-08 10:41:20,180 [ERROR] ConditionMgr:805 - Attr not supported : Dmpu
2024-10-08 10:41:20,180 [ERROR] ConditionMgr:805 - Attr not supported : Dmpu
2024-10-08 10:41:20,180 [ERROR] ConditionMgr:805 - Attr not supported : Dmpu
2024-10-08 10:41:20,180 [ERROR] ConditionMgr:805 - Attr not supported : Dmpu
2024-10-08 10:41:20,180 [ERROR] ConditionMgr:805 - Attr not supported : Dmpu
2024-10-08 10:41:20,180 [ERROR] ConditionMgr:805 - Attr not supported : Dmpu
2024-10-08 10:41:20,180 [ERROR] ConditionMgr:805 - Attr not supported : Dmpu
2024-10-08 10:41:20,180 [ERROR] ConditionMgr:805 - Attr not supported : Dmpu
2024-10-08 10:41:20,180 [ERROR] ConditionMgr:805 - Attr not supported : Dmpu
2024-10-08 10:41:20,181 [ERROR] ConditionMgr:805 - Attr not supported : Dmpu
2024-10-08 10:41:20,181 [ERROR] ConditionMgr:805 - Attr not supported : Dmpu
2024-10-08 10:41:20,181 [ERROR] ConditionMgr:805 - Attr not supported : Dmpu
2024-10-08 10:41:20,181 [ERROR] ConditionMgr:805 - Attr not supported : Dmpu
2024-10-08 10:41:20,181 [ERROR] ConditionMgr:805 - Attr not supported : Dmpu
2024-10-08 10:41:20,181 [ERROR] ConditionMgr:805 - Attr not supported : Dmpu
2024-10-08 10:41:20,181 [ERROR] ConditionMgr:805 - Attr not supported : Dmpu
2024-10-08 10:41:20,181 [ERROR] ConditionMgr:805 - Attr not supported : Dmpu
2024-10-08 10:41:20,181 [ERROR] ConditionMgr:805 - Attr not supported : Dmpu
2024-10-08 10:41:20,181 [ERROR] ConditionMgr:805 - Attr not supported : Dmpu
2024-10-08 10:41:20,181 [ERROR] ConditionMgr:805 - Attr not supported : Dmpu
2024-10-08 10:41:20,181 [ERROR] ConditionMgr:805 - Attr not supported : Dmpu
2024-10-08 10:41:20,181 [ERROR] ConditionMgr:805 - Attr not supported : Dmpu
2024-10-08 10:41:20,181 [ERROR] ConditionMgr:805 - Attr not supported : Dmpu
2024-10-08 10:41:20,182 [ERROR] ConditionMgr:805 - Attr not supported : Dmpu
2024-10-08 10:41:20,182 [ERROR] ConditionMgr:805 - Attr not supported : Dmpu
2024-10-08 10:41:20,182 [ERROR] ConditionMgr:805 - Attr not supported : Dmpu
2024-10-08 10:41:20,182 [ERROR] ConditionMgr:805 - Attr not supported : Dmpu
2024-10-08 10:41:20,182 [ERROR] ConditionMgr:805 - Attr not supported : Dmpu
2024-10-08 10:41:20,182 [ERROR] ConditionMgr:805 - Attr not supported : Dmpu
2024-10-08 10:41:20,182 [ERROR] ConditionMgr:805 - Attr not supported : Dmpu
2024-10-08 10:41:20,182 [ERROR] ConditionMgr:805 - Attr not supported : Dmpu
2024-10-08 10:41:20,182 [ERROR] ConditionMgr:805 - Attr not supported : Dmpu
2024-10-08 10:41:20,182 [ERROR] ConditionMgr:805 - Attr not supported : Dmpu
2024-10-08 10:41:20,182 [ERROR] ConditionMgr:805 - Attr not supported : Dmpu
2024-10-08 10:41:20,182 [ERROR] ConditionMgr:805 - Attr not supported : Dmpu
2024-10-08 10:41:20,182 [ERROR] ConditionMgr:805 - Attr not supported : Dmpu
2024-10-08 10:41:20,182 [ERROR] ConditionMgr:805 - Attr not supported : Dmpu
2024-10-08 10:41:20,182 [ERROR] ConditionMgr:805 - Attr not supported : Dmpu
2024-10-08 10:41:20,183 [ERROR] ConditionMgr:805 - Attr not supported : Dmpu
2024-10-08 10:41:20,183 [ERROR] ConditionMgr:805 - Attr not supported : Dmpu
2024-10-08 10:41:20,183 [ERROR] ConditionMgr:805 - Attr not supported : Dmpu
2024-10-08 10:41:20,183 [ERROR] ConditionMgr:805 - Attr not supported : Dmpu
2024-10-08 10:41:20,183 [ERROR] ConditionMgr:805 - Attr not supported : Dmpu
2024-10-08 10:41:20,183 [ERROR] ConditionMgr:805 - Attr not supported : Dmpu
2024-10-08 10:41:20,183 [ERROR] ConditionMgr:805 - Attr not supported : Dmpu
2024-10-08 10:41:20,183 [ERROR] ConditionMgr:805 - Attr not supported : Dmpu
2024-10-08 10:41:20,183 [ERROR] ConditionMgr:805 - Attr not supported : Dmpu
2024-10-08 10:41:20,196 [WARN] PackLoader:240 - Cannot read IP mode file for RealThread.X-CUBE-RT-Thread_Nano.4.1.1
2024-10-08 10:41:20,207 [WARN] PackLoader:240 - Cannot read IP mode file for STMicroelectronics.FP-ATR-SIGFOX1.3.2.0
2024-10-08 10:41:20,217 [WARN] PackLoader:240 - Cannot read IP mode file for wolfSSL.I-CUBE-wolfSSL.5.7.2
2024-10-08 10:41:20,232 [WARN] PackLoader:240 - Cannot read IP mode file for STMicroelectronics.X-CUBE-EEPRMA1.5.1.0
2024-10-08 10:41:20,247 [WARN] PackLoader:240 - Cannot read IP mode file for ITTIA_DB.I-CUBE-ITTIADB.8.9.0
2024-10-08 10:41:20,285 [WARN] PackLoader:240 - Cannot read IP mode file for SEGGER.I-CUBE-embOS.1.3.1
2024-10-08 10:41:20,328 [WARN] PackLoader:240 - Cannot read IP mode file for STMicroelectronics.X-CUBE-ALGOBUILD.1.4.0
2024-10-08 10:41:20,339 [WARN] PackLoader:240 - Cannot read IP mode file for STMicroelectronics.X-CUBE-AI.9.1.0
2024-10-08 10:41:20,352 [WARN] PackLoader:240 - Cannot read IP mode file for STMicroelectronics.X-CUBE-GNSS1.6.0.0
2024-10-08 10:41:20,378 [WARN] PackLoader:240 - Cannot read IP mode file for STMicroelectronics.X-CUBE-AZRTOS-F4.1.1.0
2024-10-08 10:41:20,391 [WARN] PackLoader:240 - Cannot read IP mode file for STMicroelectronics.X-CUBE-ISPU.2.1.0
2024-10-08 10:41:20,414 [WARN] PackLoader:240 - Cannot read IP mode file for STMicroelectronics.X-CUBE-AZRTOS-L5.2.0.0
2024-10-08 10:41:20,427 [WARN] PackLoader:240 - Cannot read IP mode file for STMicroelectronics.X-CUBE-DPower.1.2.0
2024-10-08 10:41:20,439 [WARN] PackLoader:240 - Cannot read IP mode file for STMicroelectronics.X-CUBE-AI.9.0.0
2024-10-08 10:41:20,450 [WARN] PackLoader:240 - Cannot read IP mode file for STMicroelectronics.X-CUBE-NFC7.1.0.1
2024-10-08 10:41:20,477 [WARN] ConditionMgr:438 - getConditionDescription Invalid condition id : LAN8742 Phy interface Condition cause : null
2024-10-08 10:41:20,477 [WARN] PackLoader:240 - Cannot read IP mode file for STMicroelectronics.X-CUBE-AZRTOS-L4.2.0.0
2024-10-08 10:41:20,478 [WARN] ConditionMgr:1039 - genDependencies : Invalid condition id : LAN8742 Phy interface Condition cause : null
2024-10-08 10:41:20,479 [WARN] ConditionMgr:1039 - genDependencies : Invalid condition id : LAN8742 Phy interface Condition cause : null
2024-10-08 10:41:20,479 [WARN] ConditionMgr:1039 - genDependencies : Invalid condition id : LAN8742 Phy interface Condition cause : null
2024-10-08 10:41:20,493 [WARN] PackLoader:240 - Cannot read IP mode file for STMicroelectronics.X-CUBE-SFXS2LP1.4.0.0
2024-10-08 10:41:20,519 [WARN] PackLoader:240 - Cannot read IP mode file for STMicroelectronics.X-CUBE-AZRTOS-H7.3.3.0
2024-10-08 10:41:20,539 [WARN] PackLoader:240 - Cannot read IP mode file for STMicroelectronics.X-CUBE-IPS.3.0.0
2024-10-08 10:41:20,562 [WARN] ConditionMgr:438 - getConditionDescription Invalid condition id : UX DEVICE CLASS RTOS Condition cause : null
2024-10-08 10:41:20,563 [WARN] ConditionMgr:438 - getConditionDescription Invalid condition id : UX DEVICE CLASS RTOS Condition cause : null
2024-10-08 10:41:20,564 [WARN] PackLoader:240 - Cannot read IP mode file for STMicroelectronics.X-CUBE-AZRTOS-WB.2.0.0
2024-10-08 10:41:20,565 [WARN] ConditionMgr:1039 - genDependencies : Invalid condition id : UX DEVICE CLASS RTOS Condition cause : null
2024-10-08 10:41:20,565 [WARN] ConditionMgr:1039 - genDependencies : Invalid condition id : UX DEVICE CLASS RTOS Condition cause : null
2024-10-08 10:41:20,565 [WARN] ConditionMgr:1039 - genDependencies : Invalid condition id : UX DEVICE CLASS RTOS Condition cause : null
2024-10-08 10:41:20,565 [WARN] ConditionMgr:1039 - genDependencies : Invalid condition id : UX DEVICE CLASS RTOS Condition cause : null
2024-10-08 10:41:20,565 [WARN] ConditionMgr:1039 - genDependencies : Invalid condition id : UX DEVICE CLASS RTOS Condition cause : null
2024-10-08 10:41:20,578 [WARN] PackLoader:240 - Cannot read IP mode file for STMicroelectronics.X-CUBE-GNSS1.7.0.0
2024-10-08 10:41:20,592 [WARN] PackLoader:240 - Cannot read IP mode file for STMicroelectronics.FP-SNS-STBOX1.2.0.0
2024-10-08 10:41:20,611 [WARN] PackLoader:240 - Cannot read IP mode file for STMicroelectronics.X-CUBE-SUBG2.5.0.0
2024-10-08 10:41:20,638 [WARN] PackLoader:240 - Cannot read IP mode file for STMicroelectronics.X-CUBE-AZRTOS-G4.2.0.0
2024-10-08 10:41:20,650 [WARN] PackLoader:240 - Cannot read IP mode file for STMicroelectronics.X-CUBE-ISPU.2.0.0
2024-10-08 10:41:20,662 [WARN] PackLoader:240 - Cannot read IP mode file for STMicroelectronics.X-CUBE-ALS.1.0.2
2024-10-08 10:41:20,708 [WARN] PackLoader:240 - Cannot read IP mode file for STMicroelectronics.X-CUBE-MEMS1.10.0.0
2024-10-08 10:41:20,809 [WARN] PackLoader:240 - Cannot read IP mode file for STMicroelectronics.X-CUBE-TOUCHGFX.4.24.0
2024-10-08 10:41:20,821 [WARN] PackLoader:240 - Cannot read IP mode file for STMicroelectronics.X-CUBE-TOUCHGFX.4.24.1
2024-10-08 10:41:20,833 [WARN] PackLoader:240 - Cannot read IP mode file for wolfSSL.I-CUBE-wolfTPM.3.4.0
2024-10-08 10:41:20,846 [WARN] PackLoader:240 - Cannot read IP mode file for portGmbH.I-Cube-SoM-uGOAL.1.1.0
2024-10-08 10:41:20,858 [WARN] PackLoader:240 - Cannot read IP mode file for STMicroelectronics.X-CUBE-ALS.1.0.1
2024-10-08 10:41:20,870 [WARN] PackLoader:240 - Cannot read IP mode file for STMicroelectronics.FP-ATR-ASTRA1.2.0.0
2024-10-08 10:41:20,896 [WARN] PackLoader:240 - Cannot read IP mode file for STMicroelectronics.X-CUBE-TOF1.3.4.2
2024-10-08 10:41:20,924 [WARN] PackLoader:240 - Cannot read IP mode file for STMicroelectronics.X-CUBE-TOF1.3.4.1
2024-10-08 10:41:20,957 [WARN] PackLoader:240 - Cannot read IP mode file for STMicroelectronics.X-CUBE-AZRTOS-H7.3.2.0
2024-10-08 10:41:20,980 [WARN] PackLoader:240 - Cannot read IP mode file for Infineon.AIROC-Wi-Fi-Bluetooth-STM32.1.6.0
2024-10-08 10:41:20,991 [WARN] PackLoader:240 - Cannot read IP mode file for wolfSSL.I-CUBE-wolfSSH.1.4.17
2024-10-08 10:41:20,991 [INFO] ThirdParty:978 - Integrity check success = true
2024-10-08 10:41:20,992 [INFO] IntegrityCheckThread:100 - exiting critical section [integrity check]
2024-10-08 10:41:20,992 [INFO] IntegrityCheckThread:103 - End integrity checks thread
2024-10-08 10:41:22,912 [INFO] WebApp:167 - Instantiating new browser for Auth
2024-10-08 10:41:23,494 [INFO] WebApp:448 - Apply proxy settings
2024-10-08 10:41:23,494 [INFO] WebApp:533 - Chromium requires no authentication
2024-10-08 10:41:23,503 [INFO] WebApp:476 - Direct internet connection detected
2024-10-08 10:41:23,522 [INFO] WebApp:869 - Register for checkConnection events
2024-10-08 10:41:23,522 [INFO] WebApp:448 - Apply proxy settings
2024-10-08 10:41:23,522 [INFO] WebApp:533 - Chromium requires no authentication
2024-10-08 10:41:23,523 [INFO] WebApp:476 - Direct internet connection detected
2024-10-08 10:41:23,677 [INFO] WebApp:220 - Starting web application
2024-10-08 10:41:23,677 [INFO] WebApp:578 - Web application path used C:\ST\STM32CubeIDE_1.16.1\STM32CubeIDE\plugins\com.st.stm32cube.common.mx_6.12.1.202409122256\db\plugins\mcufinder\reactClient1\index.html
2024-10-08 10:41:23,778 [INFO] WebApp:186 - Connection restablished
2024-10-08 10:41:23,820 [INFO] UserAuth:417 - Internet connection configuration mode: 1
2024-10-08 10:41:55,897 [INFO] WebApp:189 - Connection lost
2024-10-08 10:41:56,050 [INFO] WebApp:186 - Connection restablished
2024-10-08 10:42:08,918 [INFO] WebApp:189 - Connection lost
2024-10-08 10:42:09,067 [INFO] WebApp:186 - Connection restablished
2024-10-08 10:43:14,409 [INFO] WebApp:189 - Connection lost
2024-10-08 10:43:14,562 [INFO] WebApp:186 - Connection restablished
2024-10-08 10:50:15,376 [ERROR] LogOutputStream:75 - [STDERR_REDIRECT] 
2024-10-08 10:50:15,377 [ERROR] LogOutputStream:75 - [STDERR_REDIRECT] 
