2024-10-24 03:20:44,713 [ERROR] LogOutputStream:75 - [STDERR_REDIRECT] 
2024-10-24 18:55:05,324 [INFO] Activator:176 - 


2024-10-24 18:55:05,324 [INFO] Activator:177 - !SESSION log4j initialized
2024-10-24 18:55:10,034 [INFO] LogOutputStream:77 - [STDOUT_REDIRECT] 
2024-10-24 18:55:14,670 [INFO] ApplicationProperties:184 - Using Application install path: C:\ST\STM32CubeIDE_1.16.1\STM32CubeIDE\plugins\com.st.stm32cube.common.mx_6.12.1.202409122256
2024-10-24 18:55:14,683 [INFO] DbMcusXml:78 - Set database path to: C:\ST\STM32CubeIDE_1.16.1\STM32CubeIDE\plugins\com.st.stm32cube.common.mx_6.12.1.202409122256\\db\/mcu/
2024-10-24 18:55:14,683 [INFO] ApiDb:274 - Set plugin database path to: C:\ST\STM32CubeIDE_1.16.1\STM32CubeIDE\plugins\com.st.stm32cube.common.mx_6.12.1.202409122256\\db\/plugins/boardmanager/
2024-10-24 18:55:14,684 [WARN] ApiDb:259 - Overriding images path with different value:  => C:\ST\STM32CubeIDE_1.16.1\STM32CubeIDE\plugins\com.st.stm32cube.common.mx_6.12.1.202409122256\\db\/plugins/mcufinder/images/
2024-10-24 18:55:14,693 [INFO] ApiDb:250 - Set database path to: C:\Users\Gamarra\.stmcufinder\plugins\mcufinder//mcu/
2024-10-24 18:55:14,694 [INFO] DbMcusAds:125 - Set database path to: C:\Users\Gamarra\.stmcufinder\plugins\mcufinder//mcu/
2024-10-24 18:55:14,696 [INFO] CrossReferenceDbSqlite:203 - Set database path to: C:\Users\Gamarra\.stmcufinder\plugins\mcufinder//mcu/cs/
2024-10-24 18:55:14,819 [INFO] RulesReader:64 - Compatibility file has been processed (297 Rules)
2024-10-24 18:55:14,881 [INFO] DbMcusXml:78 - Set database path to: C:\ST\STM32CubeIDE_1.16.1\STM32CubeIDE\plugins\com.st.stm32cube.common.mx_6.12.1.202409122256\\db\/mcu/
2024-10-24 18:55:14,881 [INFO] ApiDb:274 - Set plugin database path to: C:\ST\STM32CubeIDE_1.16.1\STM32CubeIDE\plugins\com.st.stm32cube.common.mx_6.12.1.202409122256\\db\/plugins/boardmanager/
2024-10-24 18:55:14,881 [INFO] ApiDb:261 - Set plugin images path to: C:\ST\STM32CubeIDE_1.16.1\STM32CubeIDE\plugins\com.st.stm32cube.common.mx_6.12.1.202409122256\\db\/plugins/mcufinder/images/
2024-10-24 18:55:14,881 [WARN] DbFile:41 - Overriding database path with different value: C:\Users\Gamarra\.stmcufinder\plugins\mcufinder/ => C:\Users\Gamarra\.stmcufinder\plugins\mcufinder
2024-10-24 18:55:14,881 [INFO] ApiDb:250 - Set database path to: C:\Users\Gamarra\.stmcufinder\plugins\mcufinder//mcu/
2024-10-24 18:55:14,881 [WARN] DbFile:41 - Overriding database path with different value: C:\Users\Gamarra\.stmcufinder\plugins\mcufinder/ => C:\Users\Gamarra\.stmcufinder\plugins\mcufinder
2024-10-24 18:55:14,882 [INFO] DbMcusAds:125 - Set database path to: C:\Users\Gamarra\.stmcufinder\plugins\mcufinder//mcu/
2024-10-24 18:55:14,882 [WARN] DbFile:41 - Overriding database path with different value: C:\Users\Gamarra\.stmcufinder\plugins\mcufinder/ => C:\Users\Gamarra\.stmcufinder\plugins\mcufinder
2024-10-24 18:55:14,882 [WARN] DbFile:41 - Overriding database path with different value: C:\Users\Gamarra\.stmcufinder\plugins\mcufinder/ => C:\Users\Gamarra\.stmcufinder\plugins\mcufinder
2024-10-24 18:55:14,882 [INFO] CrossReferenceDbSqlite:203 - Set database path to: C:\Users\Gamarra\.stmcufinder\plugins\mcufinder//mcu/cs/
2024-10-24 18:55:14,967 [INFO] MainPanel:268 - HeapMemory: 601882624
2024-10-24 18:55:15,040 [INFO] DbMcusXml:78 - Set database path to: C:\ST\STM32CubeIDE_1.16.1\STM32CubeIDE\plugins\com.st.stm32cube.common.mx_6.12.1.202409122256\\db\/mcu/
2024-10-24 18:55:15,040 [INFO] ApiDb:274 - Set plugin database path to: C:\ST\STM32CubeIDE_1.16.1\STM32CubeIDE\plugins\com.st.stm32cube.common.mx_6.12.1.202409122256\\db\/plugins/boardmanager/
2024-10-24 18:55:15,040 [INFO] ApiDb:261 - Set plugin images path to: C:\ST\STM32CubeIDE_1.16.1\STM32CubeIDE\plugins\com.st.stm32cube.common.mx_6.12.1.202409122256\\db\/plugins/mcufinder/images/
2024-10-24 18:55:15,041 [WARN] DbFile:41 - Overriding database path with different value: C:\Users\Gamarra\.stmcufinder\plugins\mcufinder/ => C:\Users\Gamarra\.stmcufinder\plugins\mcufinder
2024-10-24 18:55:15,041 [INFO] ApiDb:250 - Set database path to: C:\Users\Gamarra\.stmcufinder\plugins\mcufinder//mcu/
2024-10-24 18:55:15,041 [WARN] DbFile:41 - Overriding database path with different value: C:\Users\Gamarra\.stmcufinder\plugins\mcufinder/ => C:\Users\Gamarra\.stmcufinder\plugins\mcufinder
2024-10-24 18:55:15,041 [INFO] DbMcusAds:125 - Set database path to: C:\Users\Gamarra\.stmcufinder\plugins\mcufinder//mcu/
2024-10-24 18:55:15,041 [WARN] DbFile:41 - Overriding database path with different value: C:\Users\Gamarra\.stmcufinder\plugins\mcufinder/ => C:\Users\Gamarra\.stmcufinder\plugins\mcufinder
2024-10-24 18:55:15,041 [WARN] DbFile:41 - Overriding database path with different value: C:\Users\Gamarra\.stmcufinder\plugins\mcufinder/ => C:\Users\Gamarra\.stmcufinder\plugins\mcufinder
2024-10-24 18:55:15,041 [INFO] CrossReferenceDbSqlite:203 - Set database path to: C:\Users\Gamarra\.stmcufinder\plugins\mcufinder//mcu/cs/
2024-10-24 18:55:15,054 [INFO] ApplicationProperties:184 - Using Application install path: C:\ST\STM32CubeIDE_1.16.1\STM32CubeIDE\plugins\com.st.stm32cube.common.mx_6.12.1.202409122256
2024-10-24 18:55:15,055 [INFO] PluginManage:196 - Search for loadable plugins [exclusion list=, ]
2024-10-24 18:55:15,056 [INFO] PluginManage:310 - Check plugin analytics
2024-10-24 18:55:15,198 [INFO] AnalyticsPlugin:253 - Accepted Software Licenses: STM32CubeMX.6.12.1
2024-10-24 18:55:15,198 [INFO] AnalyticsPlugin:255 - Accepted CMSIS Pack Licenses: 
2024-10-24 18:55:15,198 [INFO] AnalyticsPlugin:257 - Accepted Firmware Licenses: FW.U5.1.5.0,FW.U5.1.2.0,FW.U5.1.6.0,FW.L4.1.18.0
2024-10-24 18:55:15,200 [INFO] PluginManage:359 - Loaded plugin analytics (category:tool,tabindex:-1)
2024-10-24 18:55:15,200 [INFO] PluginManage:310 - Check plugin cadmodel
2024-10-24 18:55:15,213 [INFO] CADModel:105 - Init CAD model plugin
2024-10-24 18:55:15,213 [INFO] PluginManage:359 - Loaded plugin cadmodel (category:power,tabindex:5)
2024-10-24 18:55:15,213 [INFO] PluginManage:310 - Check plugin clock
2024-10-24 18:55:15,231 [INFO] PluginManage:359 - Loaded plugin clock (category:base,tabindex:2)
2024-10-24 18:55:15,231 [INFO] PluginManage:310 - Check plugin ddr
2024-10-24 18:55:15,233 [INFO] PluginManage:359 - Loaded plugin ddr (category:tool,tabindex:6)
2024-10-24 18:55:15,233 [INFO] PluginManage:310 - Check plugin filemanager
2024-10-24 18:55:15,356 [INFO] PluginManage:359 - Loaded plugin filemanager (category:base,tabindex:10)
2024-10-24 18:55:15,356 [INFO] PluginManage:310 - Check plugin ipmanager
2024-10-24 18:55:15,361 [INFO] PluginManage:359 - Loaded plugin ipmanager (category:base,tabindex:5)
2024-10-24 18:55:15,361 [INFO] PluginManage:310 - Check plugin lpbam
2024-10-24 18:55:15,373 [INFO] PluginManage:359 - Loaded plugin lpbam (category:base,tabindex:0)
2024-10-24 18:55:15,374 [INFO] PluginManage:310 - Check plugin memorymap
2024-10-24 18:55:15,390 [INFO] PluginManage:359 - Loaded plugin memorymap (category:base,tabindex:4)
2024-10-24 18:55:15,390 [INFO] PluginManage:310 - Check plugin pinoutandconfiguration
2024-10-24 18:55:15,403 [INFO] PluginManage:359 - Loaded plugin pinoutandconfiguration (category:base,tabindex:1)
2024-10-24 18:55:15,403 [INFO] PluginManage:310 - Check plugin pinoutconfig
2024-10-24 18:55:15,472 [WARN] SupportedApi:132 - Cannot load RTOS API schema: s4s-elt-must-match.1: The content of 'definitions' must match (annotation?, (simpleType | complexType)?, (unique | key | keyref)*)). A problem was found starting at: attribute.
2024-10-24 18:55:15,566 [INFO] PluginManage:359 - Loaded plugin pinoutconfig (category:base,tabindex:0)
2024-10-24 18:55:15,566 [INFO] PluginManage:310 - Check plugin power
2024-10-24 18:55:15,584 [INFO] PluginManage:359 - Loaded plugin power (category:power,tabindex:4)
2024-10-24 18:55:15,584 [INFO] PluginManage:310 - Check plugin projectmanager
2024-10-24 18:55:15,597 [INFO] PluginManage:359 - Loaded plugin projectmanager (category:projectmanager,tabindex:4)
2024-10-24 18:55:15,597 [INFO] PluginManage:310 - Check plugin rif
2024-10-24 18:55:15,613 [INFO] PluginManage:359 - Loaded plugin rif (category:base,tabindex:3)
2024-10-24 18:55:15,613 [INFO] PluginManage:310 - Check plugin thirdparty
2024-10-24 18:55:15,834 [INFO] PluginManage:359 - Loaded plugin thirdparty (category:base,tabindex:-1)
2024-10-24 18:55:15,834 [INFO] PluginManage:310 - Check plugin tools
2024-10-24 18:55:15,834 [WARN] IntegrityCheckThread:84 - waiting for thirdparty lock release [integrity check]
2024-10-24 18:55:15,834 [INFO] IntegrityCheckThread:86 - entering critical section [integrity check]
2024-10-24 18:55:15,834 [INFO] ThirdPartyUpdaterWithRetryManager:70 - Updater plugin not ready yet. [1/15]
2024-10-24 18:55:15,859 [INFO] PluginManage:359 - Loaded plugin tools (category:base,tabindex:7)
2024-10-24 18:55:15,859 [INFO] PluginManage:310 - Check plugin tutovideos
2024-10-24 18:55:16,000 [INFO] PluginManage:359 - Loaded plugin tutovideos (category:base,tabindex:-1)
2024-10-24 18:55:16,000 [INFO] PluginManage:310 - Check plugin updater
2024-10-24 18:55:16,014 [INFO] PluginManage:359 - Loaded plugin updater (category:base,tabindex:12)
2024-10-24 18:55:16,014 [INFO] PluginManage:310 - Check plugin userauth
2024-10-24 18:55:16,018 [INFO] UserAuth:113 - Init User Auth plugin
2024-10-24 18:55:16,018 [INFO] PluginManage:359 - Loaded plugin userauth (category:base,tabindex:14)
2024-10-24 18:55:16,019 [INFO] PluginManage:283 - PluginManage : Loaded plugins [18]
2024-10-24 18:55:16,179 [INFO] PinOutPanel:1561 - setPackage(No Configuration,No Configuration)
2024-10-24 18:55:16,249 [INFO] CADModel:165 - CPN selected for project level
2024-10-24 18:55:16,250 [INFO] CADModel:114 - Register for checkConnection events
2024-10-24 18:55:16,268 [INFO] IPUIPlugin:80 - create IPUIPlugin
2024-10-24 18:55:16,269 [INFO] PluginManager:220 - loadIPPluginJar : add adc
2024-10-24 18:55:16,294 [INFO] IPUIPlugin:80 - create IPUIPlugin
2024-10-24 18:55:16,294 [INFO] PluginManager:220 - loadIPPluginJar : add aes
2024-10-24 18:55:16,324 [INFO] IPUIPlugin:80 - create IPUIPlugin
2024-10-24 18:55:16,324 [INFO] PluginManager:220 - loadIPPluginJar : add can
2024-10-24 18:55:16,341 [INFO] IPUIPlugin:80 - create IPUIPlugin
2024-10-24 18:55:16,341 [INFO] PluginManager:220 - loadIPPluginJar : add comp
2024-10-24 18:55:16,364 [INFO] IPUIPlugin:80 - create IPUIPlugin
2024-10-24 18:55:16,364 [INFO] PluginManager:220 - loadIPPluginJar : add cryp
2024-10-24 18:55:16,373 [INFO] IPUIPlugin:80 - create IPUIPlugin
2024-10-24 18:55:16,373 [INFO] PluginManager:220 - loadIPPluginJar : add ddr_ctrl_phy
2024-10-24 18:55:16,393 [INFO] IPUIPlugin:80 - create IPUIPlugin
2024-10-24 18:55:16,393 [INFO] PluginManager:220 - loadIPPluginJar : add dfsdm
2024-10-24 18:55:16,404 [INFO] IPUIPlugin:80 - create IPUIPlugin
2024-10-24 18:55:16,404 [INFO] PluginManager:220 - loadIPPluginJar : add dma
2024-10-24 18:55:16,433 [INFO] IPUIPlugin:80 - create IPUIPlugin
2024-10-24 18:55:16,433 [INFO] PluginManager:220 - loadIPPluginJar : add dma3
2024-10-24 18:55:16,471 [INFO] IPUIPlugin:80 - create IPUIPlugin
2024-10-24 18:55:16,471 [INFO] PluginManager:220 - loadIPPluginJar : add extmemmanager
2024-10-24 18:55:16,485 [INFO] IPUIPlugin:80 - create IPUIPlugin
2024-10-24 18:55:16,485 [INFO] PluginManager:220 - loadIPPluginJar : add fatfs
2024-10-24 18:55:16,519 [INFO] IPUIPlugin:80 - create IPUIPlugin
2024-10-24 18:55:16,519 [INFO] PluginManager:220 - loadIPPluginJar : add fmc
2024-10-24 18:55:16,531 [INFO] IPUIPlugin:80 - create IPUIPlugin
2024-10-24 18:55:16,531 [INFO] PluginManager:220 - loadIPPluginJar : add freertos
2024-10-24 18:55:16,548 [INFO] IPUIPlugin:80 - create IPUIPlugin
2024-10-24 18:55:16,548 [INFO] PluginManager:220 - loadIPPluginJar : add genericplugin
2024-10-24 18:55:16,615 [INFO] IPUIPlugin:80 - create IPUIPlugin
2024-10-24 18:55:16,615 [INFO] PluginManager:220 - loadIPPluginJar : add gfxmmu
2024-10-24 18:55:16,716 [INFO] IPUIPlugin:80 - create IPUIPlugin
2024-10-24 18:55:16,716 [INFO] PluginManager:220 - loadIPPluginJar : add gic
2024-10-24 18:55:16,727 [INFO] IPUIPlugin:80 - create IPUIPlugin
2024-10-24 18:55:16,727 [INFO] PluginManager:220 - loadIPPluginJar : add gpio
2024-10-24 18:55:16,803 [INFO] IPUIPlugin:80 - create IPUIPlugin
2024-10-24 18:55:16,803 [INFO] PluginManager:220 - loadIPPluginJar : add gtzc
2024-10-24 18:55:16,827 [INFO] IPUIPlugin:80 - create IPUIPlugin
2024-10-24 18:55:16,827 [INFO] PluginManager:220 - loadIPPluginJar : add hash
2024-10-24 18:55:16,868 [INFO] IPUIPlugin:80 - create IPUIPlugin
2024-10-24 18:55:16,868 [INFO] PluginManager:220 - loadIPPluginJar : add i2c
2024-10-24 18:55:16,898 [INFO] IPUIPlugin:80 - create IPUIPlugin
2024-10-24 18:55:16,898 [INFO] PluginManager:220 - loadIPPluginJar : add i2s
2024-10-24 18:55:16,929 [INFO] IPUIPlugin:80 - create IPUIPlugin
2024-10-24 18:55:16,929 [INFO] PluginManager:220 - loadIPPluginJar : add i3c
2024-10-24 18:55:17,017 [INFO] IPUIPlugin:80 - create IPUIPlugin
2024-10-24 18:55:17,017 [INFO] PluginManager:220 - loadIPPluginJar : add ipddr
2024-10-24 18:55:17,085 [INFO] IPUIPlugin:80 - create IPUIPlugin
2024-10-24 18:55:17,086 [INFO] PluginManager:220 - loadIPPluginJar : add linkedlist
2024-10-24 18:55:17,112 [INFO] IPUIPlugin:80 - create IPUIPlugin
2024-10-24 18:55:17,112 [INFO] PluginManager:220 - loadIPPluginJar : add lorawan
2024-10-24 18:55:17,154 [INFO] IPUIPlugin:80 - create IPUIPlugin
2024-10-24 18:55:17,154 [INFO] PluginManager:220 - loadIPPluginJar : add ltdc
2024-10-24 18:55:17,169 [INFO] IPUIPlugin:80 - create IPUIPlugin
2024-10-24 18:55:17,169 [INFO] PluginManager:220 - loadIPPluginJar : add mdma
2024-10-24 18:55:17,182 [INFO] IPUIPlugin:80 - create IPUIPlugin
2024-10-24 18:55:17,183 [INFO] PluginManager:220 - loadIPPluginJar : add nvic
2024-10-24 18:55:17,222 [INFO] IPUIPlugin:80 - create IPUIPlugin
2024-10-24 18:55:17,222 [INFO] PluginManager:220 - loadIPPluginJar : add opamp
2024-10-24 18:55:17,269 [INFO] IPUIPlugin:80 - create IPUIPlugin
2024-10-24 18:55:17,269 [INFO] PluginManager:220 - loadIPPluginJar : add openamp
2024-10-24 18:55:17,301 [INFO] IPUIPlugin:80 - create IPUIPlugin
2024-10-24 18:55:17,301 [INFO] PluginManager:220 - loadIPPluginJar : add pdm2pcm
2024-10-24 18:55:17,312 [INFO] IPUIPlugin:80 - create IPUIPlugin
2024-10-24 18:55:17,313 [INFO] PluginManager:220 - loadIPPluginJar : add plateformsettings
2024-10-24 18:55:17,331 [INFO] IPUIPlugin:80 - create IPUIPlugin
2024-10-24 18:55:17,331 [INFO] PluginManager:220 - loadIPPluginJar : add quadspi
2024-10-24 18:55:17,350 [INFO] IPUIPlugin:80 - create IPUIPlugin
2024-10-24 18:55:17,350 [INFO] PluginManager:220 - loadIPPluginJar : add radio
2024-10-24 18:55:17,359 [INFO] IPUIPlugin:80 - create IPUIPlugin
2024-10-24 18:55:17,359 [INFO] PluginManager:220 - loadIPPluginJar : add resmgrutility
2024-10-24 18:55:17,398 [INFO] IPUIPlugin:80 - create IPUIPlugin
2024-10-24 18:55:17,398 [INFO] PluginManager:220 - loadIPPluginJar : add sai
2024-10-24 18:55:17,425 [INFO] IPUIPlugin:80 - create IPUIPlugin
2024-10-24 18:55:17,425 [INFO] PluginManager:220 - loadIPPluginJar : add spi
2024-10-24 18:55:17,482 [INFO] IPUIPlugin:80 - create IPUIPlugin
2024-10-24 18:55:17,482 [INFO] PluginManager:220 - loadIPPluginJar : add stm32_wpan
2024-10-24 18:55:17,500 [INFO] IPUIPlugin:80 - create IPUIPlugin
2024-10-24 18:55:17,500 [INFO] PluginManager:220 - loadIPPluginJar : add tim
2024-10-24 18:55:17,548 [INFO] IPUIPlugin:80 - create IPUIPlugin
2024-10-24 18:55:17,548 [INFO] PluginManager:220 - loadIPPluginJar : add touchsensing
2024-10-24 18:55:17,566 [INFO] IPUIPlugin:80 - create IPUIPlugin
2024-10-24 18:55:17,566 [INFO] PluginManager:220 - loadIPPluginJar : add tracer_emb
2024-10-24 18:55:17,583 [INFO] IPUIPlugin:80 - create IPUIPlugin
2024-10-24 18:55:17,584 [INFO] PluginManager:220 - loadIPPluginJar : add ts
2024-10-24 18:55:17,601 [INFO] IPUIPlugin:80 - create IPUIPlugin
2024-10-24 18:55:17,601 [INFO] PluginManager:220 - loadIPPluginJar : add tsc
2024-10-24 18:55:17,618 [INFO] IPUIPlugin:80 - create IPUIPlugin
2024-10-24 18:55:17,618 [INFO] PluginManager:220 - loadIPPluginJar : add ucpd
2024-10-24 18:55:17,653 [INFO] IPUIPlugin:80 - create IPUIPlugin
2024-10-24 18:55:17,653 [INFO] PluginManager:220 - loadIPPluginJar : add usart
2024-10-24 18:55:17,686 [INFO] IPUIPlugin:80 - create IPUIPlugin
2024-10-24 18:55:17,686 [INFO] PluginManager:220 - loadIPPluginJar : add usbx
2024-10-24 18:55:17,809 [INFO] CADModel:165 - CPN selected for project level
2024-10-24 18:55:17,809 [INFO] CADModel:114 - Register for checkConnection events
2024-10-24 18:55:17,809 [FATAL] Updater:334 - Updater called before beeing initialized
2024-10-24 18:55:17,809 [ERROR] CADModel:125 - Updater not yet initialized, retry later 
2024-10-24 18:55:17,929 [INFO] CADModel:165 - CPN selected for project level
2024-10-24 18:55:17,929 [INFO] CADModel:114 - Register for checkConnection events
2024-10-24 18:55:17,929 [FATAL] Updater:334 - Updater called before beeing initialized
2024-10-24 18:55:17,929 [ERROR] CADModel:125 - Updater not yet initialized, retry later 
2024-10-24 18:55:17,931 [FATAL] Updater:334 - Updater called before beeing initialized
2024-10-24 18:55:18,062 [FATAL] Updater:334 - Updater called before beeing initialized
2024-10-24 18:55:18,071 [INFO] DbMcusAds:53 - JSON generation date=Fri Sep 20 10:04:38 ART 2024 (1726837478367)
2024-10-24 18:55:18,072 [FATAL] Updater:334 - Updater called before beeing initialized
2024-10-24 18:55:18,104 [WARN] DetailPanel:346 - Failed to get advertising image, set to default
2024-10-24 18:55:18,182 [FATAL] Updater:334 - Updater called before beeing initialized
2024-10-24 18:55:18,184 [FATAL] Updater:334 - Updater called before beeing initialized
2024-10-24 18:55:18,184 [FATAL] Updater:334 - Updater called before beeing initialized
2024-10-24 18:55:18,184 [WARN] DetailPanel:346 - Failed to get advertising image, set to default
2024-10-24 18:55:18,185 [FATAL] Updater:334 - Updater called before beeing initialized
2024-10-24 18:55:18,232 [ERROR] Updater:1164 - MainUpdater not yet initialized. External WinMGr cannot be set.
2024-10-24 18:55:18,241 [INFO] Updater:1100 - Updater Version found : 6.12.1
2024-10-24 18:55:18,253 [INFO] ApplicationProperties:184 - Using Application install path: C:\ST\STM32CubeIDE_1.16.1\STM32CubeIDE\plugins\com.st.stm32cube.common.mx_6.12.1.202409122256
2024-10-24 18:55:18,835 [INFO] ThirdPartyUpdaterWithRetryManager:70 - Updater plugin not ready yet. [2/15]
2024-10-24 18:55:19,824 [ERROR] LogOutputStream:75 - [STDERR_REDIRECT] Oct 24, 2024 6:55:19 PM java.util.prefs.WindowsPreferences <init>
2024-10-24 18:55:19,825 [ERROR] LogOutputStream:75 - [STDERR_REDIRECT] WARNING: Could not open/create prefs root node Software\JavaSoft\Prefs at root 0xffffffff80000002. Windows RegCreateKeyEx(...) returned error code 5.
2024-10-24 18:55:19,826 [ERROR] LogOutputStream:75 - [STDERR_REDIRECT] 
2024-10-24 18:55:20,168 [INFO] MainUpdater:2873 - connection check result : 10
2024-10-24 18:55:20,168 [INFO] MainUpdater:290 - Updater Check For Update Now.
2024-10-24 18:55:20,168 [INFO] MicroXplorer:498 - Change Database Version : DB.6.0.121
2024-10-24 18:55:20,190 [INFO] McuFinderGlobals:63 - Set McuFinder mode to 2 (CubeIDE integrated)
2024-10-24 18:55:20,196 [INFO] UserAuth:417 - Internet connection configuration mode: 1
2024-10-24 18:55:20,218 [INFO] JxBrowserEngine:152 - Initiate JxBrowser Engine with user profile folder
2024-10-24 18:55:20,419 [INFO] CheckServerUpdateThread:120 - End of CheckServer Thread
2024-10-24 18:55:22,133 [WARN] PackLoader:240 - Cannot read IP mode file for STMicroelectronics.X-CUBE-SMBUS.2.1.0
2024-10-24 18:55:22,153 [WARN] PackLoader:240 - Cannot read IP mode file for STMicroelectronics.X-CUBE-WB05N.1.1.0
2024-10-24 18:55:22,170 [WARN] PackLoader:240 - Cannot read IP mode file for STMicroelectronics.X-CUBE-TOUCHGFX.4.23.2
2024-10-24 18:55:22,324 [WARN] PackLoader:240 - Cannot read IP mode file for STMicroelectronics.X-CUBE-AZRTOS-F7.1.1.0
2024-10-24 18:55:22,417 [WARN] PackLoader:240 - Cannot read IP mode file for STMicroelectronics.X-CUBE-MEMS1.11.0.0
2024-10-24 18:55:22,532 [WARN] PackLoader:240 - Cannot read IP mode file for STMicroelectronics.FP-SNS-FLIGHT1.5.0.2
2024-10-24 18:55:22,549 [WARN] PackLoader:240 - Cannot read IP mode file for STMicroelectronics.X-CUBE-DISPLAY.3.0.0
2024-10-24 18:55:22,565 [WARN] PackLoader:240 - Cannot read IP mode file for STMicroelectronics.X-CUBE-BLE1.7.0.0
2024-10-24 18:55:22,578 [WARN] PackLoader:240 - Cannot read IP mode file for STMicroelectronics.X-CUBE-NFC10.1.0.0
2024-10-24 18:55:22,594 [WARN] PackLoader:240 - Cannot read IP mode file for emotas.I-CUBE-CANOPEN.1.3.0
2024-10-24 18:55:22,607 [WARN] PackLoader:240 - Cannot read IP mode file for STMicroelectronics.X-CUBE-BLEMGR.3.1.0
2024-10-24 18:55:22,619 [WARN] PackLoader:240 - Cannot read IP mode file for STMicroelectronics.FP-SNS-SMARTAG2.1.2.0
2024-10-24 18:55:22,637 [INFO] LogOutputStream:77 - [STDOUT_REDIRECT] 1 : Invalid condition id : UX_CORESTACK_Condition cause : null
2024-10-24 18:55:22,637 [INFO] LogOutputStream:77 - [STDOUT_REDIRECT] 1 : Invalid condition id : UX_CORESTACK_Condition cause : null
2024-10-24 18:55:22,638 [INFO] LogOutputStream:77 - [STDOUT_REDIRECT] 1 : Invalid condition id : UX_CORESTACK_Condition cause : null
2024-10-24 18:55:22,640 [INFO] LogOutputStream:77 - [STDOUT_REDIRECT] 1 : Invalid condition id : UX_CORESTACK_Condition cause : null
2024-10-24 18:55:22,641 [INFO] LogOutputStream:77 - [STDOUT_REDIRECT] 1 : Invalid condition id : UX_CORESTACK_Condition cause : null
2024-10-24 18:55:22,644 [WARN] PackLoader:240 - Cannot read IP mode file for STMicroelectronics.X-CUBE-AZRTOS-WL.2.0.0
2024-10-24 18:55:22,655 [WARN] PackLoader:240 - Cannot read IP mode file for wolfSSL.I-CUBE-wolfMQTT.1.19.0
2024-10-24 18:55:22,668 [WARN] PackLoader:240 - Cannot read IP mode file for WES.I-CUBE-Cesium.1.3.0
2024-10-24 18:55:22,679 [WARN] PackLoader:240 - Cannot read IP mode file for STMicroelectronics.X-CUBE-BLE2.3.3.0
2024-10-24 18:55:22,694 [WARN] PackLoader:240 - Cannot read IP mode file for STMicroelectronics.X-CUBE-NFC9.1.0.0
2024-10-24 18:55:22,708 [WARN] PackLoader:240 - Cannot read IP mode file for STMicroelectronics.X-CUBE-ALGOBUILD.1.3.0
2024-10-24 18:55:22,739 [WARN] PackLoader:240 - Cannot read IP mode file for STMicroelectronics.X-CUBE-AZRTOS-G0.1.1.0
2024-10-24 18:55:22,754 [WARN] PackLoader:240 - Cannot read IP mode file for STMicroelectronics.X-CUBE-NFC4.3.0.0
2024-10-24 18:55:22,771 [WARN] PackLoader:240 - Cannot read IP mode file for EmbeddedOffice.I-CUBE-FS-RTOS.1.0.1
2024-10-24 18:55:22,771 [ERROR] ConditionMgr:805 - Attr not supported : Dmpu
2024-10-24 18:55:22,771 [ERROR] ConditionMgr:805 - Attr not supported : Dmpu
2024-10-24 18:55:22,771 [ERROR] ConditionMgr:805 - Attr not supported : Dmpu
2024-10-24 18:55:22,771 [ERROR] ConditionMgr:805 - Attr not supported : Dmpu
2024-10-24 18:55:22,771 [ERROR] ConditionMgr:805 - Attr not supported : Dmpu
2024-10-24 18:55:22,771 [ERROR] ConditionMgr:805 - Attr not supported : Dmpu
2024-10-24 18:55:22,772 [ERROR] ConditionMgr:805 - Attr not supported : Dmpu
2024-10-24 18:55:22,772 [ERROR] ConditionMgr:805 - Attr not supported : Dmpu
2024-10-24 18:55:22,772 [ERROR] ConditionMgr:805 - Attr not supported : Dmpu
2024-10-24 18:55:22,772 [ERROR] ConditionMgr:805 - Attr not supported : Dmpu
2024-10-24 18:55:22,772 [ERROR] ConditionMgr:805 - Attr not supported : Dmpu
2024-10-24 18:55:22,772 [ERROR] ConditionMgr:805 - Attr not supported : Dmpu
2024-10-24 18:55:22,772 [ERROR] ConditionMgr:805 - Attr not supported : Dmpu
2024-10-24 18:55:22,772 [ERROR] ConditionMgr:805 - Attr not supported : Dmpu
2024-10-24 18:55:22,772 [ERROR] ConditionMgr:805 - Attr not supported : Dmpu
2024-10-24 18:55:22,772 [ERROR] ConditionMgr:805 - Attr not supported : Dmpu
2024-10-24 18:55:22,772 [ERROR] ConditionMgr:805 - Attr not supported : Dmpu
2024-10-24 18:55:22,772 [ERROR] ConditionMgr:805 - Attr not supported : Dmpu
2024-10-24 18:55:22,772 [ERROR] ConditionMgr:805 - Attr not supported : Dmpu
2024-10-24 18:55:22,772 [ERROR] ConditionMgr:805 - Attr not supported : Dmpu
2024-10-24 18:55:22,773 [ERROR] ConditionMgr:805 - Attr not supported : Dmpu
2024-10-24 18:55:22,773 [ERROR] ConditionMgr:805 - Attr not supported : Dmpu
2024-10-24 18:55:22,773 [ERROR] ConditionMgr:805 - Attr not supported : Dmpu
2024-10-24 18:55:22,773 [ERROR] ConditionMgr:805 - Attr not supported : Dmpu
2024-10-24 18:55:22,773 [ERROR] ConditionMgr:805 - Attr not supported : Dmpu
2024-10-24 18:55:22,773 [ERROR] ConditionMgr:805 - Attr not supported : Dmpu
2024-10-24 18:55:22,773 [ERROR] ConditionMgr:805 - Attr not supported : Dmpu
2024-10-24 18:55:22,773 [ERROR] ConditionMgr:805 - Attr not supported : Dmpu
2024-10-24 18:55:22,773 [ERROR] ConditionMgr:805 - Attr not supported : Dmpu
2024-10-24 18:55:22,773 [ERROR] ConditionMgr:805 - Attr not supported : Dmpu
2024-10-24 18:55:22,773 [ERROR] ConditionMgr:805 - Attr not supported : Dmpu
2024-10-24 18:55:22,773 [ERROR] ConditionMgr:805 - Attr not supported : Dmpu
2024-10-24 18:55:22,773 [ERROR] ConditionMgr:805 - Attr not supported : Dmpu
2024-10-24 18:55:22,774 [ERROR] ConditionMgr:805 - Attr not supported : Dmpu
2024-10-24 18:55:22,774 [ERROR] ConditionMgr:805 - Attr not supported : Dmpu
2024-10-24 18:55:22,774 [ERROR] ConditionMgr:805 - Attr not supported : Dmpu
2024-10-24 18:55:22,774 [ERROR] ConditionMgr:805 - Attr not supported : Dmpu
2024-10-24 18:55:22,774 [ERROR] ConditionMgr:805 - Attr not supported : Dmpu
2024-10-24 18:55:22,774 [ERROR] ConditionMgr:805 - Attr not supported : Dmpu
2024-10-24 18:55:22,774 [ERROR] ConditionMgr:805 - Attr not supported : Dmpu
2024-10-24 18:55:22,774 [ERROR] ConditionMgr:805 - Attr not supported : Dmpu
2024-10-24 18:55:22,774 [ERROR] ConditionMgr:805 - Attr not supported : Dmpu
2024-10-24 18:55:22,774 [ERROR] ConditionMgr:805 - Attr not supported : Dmpu
2024-10-24 18:55:22,774 [ERROR] ConditionMgr:805 - Attr not supported : Dmpu
2024-10-24 18:55:22,774 [ERROR] ConditionMgr:805 - Attr not supported : Dmpu
2024-10-24 18:55:22,775 [ERROR] ConditionMgr:805 - Attr not supported : Dmpu
2024-10-24 18:55:22,775 [ERROR] ConditionMgr:805 - Attr not supported : Dmpu
2024-10-24 18:55:22,775 [ERROR] ConditionMgr:805 - Attr not supported : Dmpu
2024-10-24 18:55:22,775 [ERROR] ConditionMgr:805 - Attr not supported : Dmpu
2024-10-24 18:55:22,775 [ERROR] ConditionMgr:805 - Attr not supported : Dmpu
2024-10-24 18:55:22,775 [ERROR] ConditionMgr:805 - Attr not supported : Dmpu
2024-10-24 18:55:22,775 [ERROR] ConditionMgr:805 - Attr not supported : Dmpu
2024-10-24 18:55:22,775 [ERROR] ConditionMgr:805 - Attr not supported : Dmpu
2024-10-24 18:55:22,775 [ERROR] ConditionMgr:805 - Attr not supported : Dmpu
2024-10-24 18:55:22,775 [ERROR] ConditionMgr:805 - Attr not supported : Dmpu
2024-10-24 18:55:22,775 [ERROR] ConditionMgr:805 - Attr not supported : Dmpu
2024-10-24 18:55:22,775 [ERROR] ConditionMgr:805 - Attr not supported : Dmpu
2024-10-24 18:55:22,776 [ERROR] ConditionMgr:805 - Attr not supported : Dmpu
2024-10-24 18:55:22,776 [ERROR] ConditionMgr:805 - Attr not supported : Dmpu
2024-10-24 18:55:22,776 [ERROR] ConditionMgr:805 - Attr not supported : Dmpu
2024-10-24 18:55:22,776 [ERROR] ConditionMgr:805 - Attr not supported : Dmpu
2024-10-24 18:55:22,776 [ERROR] ConditionMgr:805 - Attr not supported : Dmpu
2024-10-24 18:55:22,776 [ERROR] ConditionMgr:805 - Attr not supported : Dmpu
2024-10-24 18:55:22,776 [ERROR] ConditionMgr:805 - Attr not supported : Dmpu
2024-10-24 18:55:22,791 [WARN] PackLoader:240 - Cannot read IP mode file for RealThread.X-CUBE-RT-Thread_Nano.4.1.1
2024-10-24 18:55:22,802 [WARN] PackLoader:240 - Cannot read IP mode file for STMicroelectronics.FP-ATR-SIGFOX1.3.2.0
2024-10-24 18:55:22,812 [WARN] PackLoader:240 - Cannot read IP mode file for wolfSSL.I-CUBE-wolfSSL.5.7.2
2024-10-24 18:55:22,825 [WARN] PackLoader:240 - Cannot read IP mode file for STMicroelectronics.X-CUBE-EEPRMA1.5.1.0
2024-10-24 18:55:22,842 [WARN] PackLoader:240 - Cannot read IP mode file for ITTIA_DB.I-CUBE-ITTIADB.8.9.0
2024-10-24 18:55:22,873 [WARN] PackLoader:240 - Cannot read IP mode file for SEGGER.I-CUBE-embOS.1.3.1
2024-10-24 18:55:22,924 [WARN] PackLoader:240 - Cannot read IP mode file for STMicroelectronics.X-CUBE-ALGOBUILD.1.4.0
2024-10-24 18:55:22,935 [WARN] PackLoader:240 - Cannot read IP mode file for STMicroelectronics.X-CUBE-AI.9.1.0
2024-10-24 18:55:22,949 [WARN] PackLoader:240 - Cannot read IP mode file for STMicroelectronics.X-CUBE-GNSS1.6.0.0
2024-10-24 18:55:22,977 [WARN] PackLoader:240 - Cannot read IP mode file for STMicroelectronics.X-CUBE-AZRTOS-F4.1.1.0
2024-10-24 18:55:22,990 [WARN] PackLoader:240 - Cannot read IP mode file for STMicroelectronics.X-CUBE-ISPU.2.1.0
2024-10-24 18:55:23,018 [WARN] PackLoader:240 - Cannot read IP mode file for STMicroelectronics.X-CUBE-AZRTOS-L5.2.0.0
2024-10-24 18:55:23,031 [WARN] PackLoader:240 - Cannot read IP mode file for STMicroelectronics.X-CUBE-DPower.1.2.0
2024-10-24 18:55:23,044 [WARN] PackLoader:240 - Cannot read IP mode file for STMicroelectronics.X-CUBE-AI.9.0.0
2024-10-24 18:55:23,058 [WARN] PackLoader:240 - Cannot read IP mode file for STMicroelectronics.X-CUBE-NFC7.1.0.1
2024-10-24 18:55:23,085 [WARN] ConditionMgr:438 - getConditionDescription Invalid condition id : LAN8742 Phy interface Condition cause : null
2024-10-24 18:55:23,086 [WARN] PackLoader:240 - Cannot read IP mode file for STMicroelectronics.X-CUBE-AZRTOS-L4.2.0.0
2024-10-24 18:55:23,087 [WARN] ConditionMgr:1039 - genDependencies : Invalid condition id : LAN8742 Phy interface Condition cause : null
2024-10-24 18:55:23,087 [WARN] ConditionMgr:1039 - genDependencies : Invalid condition id : LAN8742 Phy interface Condition cause : null
2024-10-24 18:55:23,088 [WARN] ConditionMgr:1039 - genDependencies : Invalid condition id : LAN8742 Phy interface Condition cause : null
2024-10-24 18:55:23,101 [WARN] PackLoader:240 - Cannot read IP mode file for STMicroelectronics.X-CUBE-SFXS2LP1.4.0.0
2024-10-24 18:55:23,140 [WARN] PackLoader:240 - Cannot read IP mode file for STMicroelectronics.X-CUBE-AZRTOS-H7.3.3.0
2024-10-24 18:55:23,159 [WARN] PackLoader:240 - Cannot read IP mode file for STMicroelectronics.X-CUBE-IPS.3.0.0
2024-10-24 18:55:23,182 [WARN] ConditionMgr:438 - getConditionDescription Invalid condition id : UX DEVICE CLASS RTOS Condition cause : null
2024-10-24 18:55:23,182 [WARN] ConditionMgr:438 - getConditionDescription Invalid condition id : UX DEVICE CLASS RTOS Condition cause : null
2024-10-24 18:55:23,184 [WARN] PackLoader:240 - Cannot read IP mode file for STMicroelectronics.X-CUBE-AZRTOS-WB.2.0.0
2024-10-24 18:55:23,185 [WARN] ConditionMgr:1039 - genDependencies : Invalid condition id : UX DEVICE CLASS RTOS Condition cause : null
2024-10-24 18:55:23,185 [WARN] ConditionMgr:1039 - genDependencies : Invalid condition id : UX DEVICE CLASS RTOS Condition cause : null
2024-10-24 18:55:23,185 [WARN] ConditionMgr:1039 - genDependencies : Invalid condition id : UX DEVICE CLASS RTOS Condition cause : null
2024-10-24 18:55:23,185 [WARN] ConditionMgr:1039 - genDependencies : Invalid condition id : UX DEVICE CLASS RTOS Condition cause : null
2024-10-24 18:55:23,185 [WARN] ConditionMgr:1039 - genDependencies : Invalid condition id : UX DEVICE CLASS RTOS Condition cause : null
2024-10-24 18:55:23,196 [WARN] PackLoader:240 - Cannot read IP mode file for STMicroelectronics.X-CUBE-GNSS1.7.0.0
2024-10-24 18:55:23,212 [WARN] PackLoader:240 - Cannot read IP mode file for STMicroelectronics.FP-SNS-STBOX1.2.0.0
2024-10-24 18:55:23,232 [WARN] PackLoader:240 - Cannot read IP mode file for STMicroelectronics.X-CUBE-SUBG2.5.0.0
2024-10-24 18:55:23,259 [WARN] PackLoader:240 - Cannot read IP mode file for STMicroelectronics.X-CUBE-AZRTOS-G4.2.0.0
2024-10-24 18:55:23,272 [WARN] PackLoader:240 - Cannot read IP mode file for STMicroelectronics.X-CUBE-ISPU.2.0.0
2024-10-24 18:55:23,283 [WARN] PackLoader:240 - Cannot read IP mode file for STMicroelectronics.X-CUBE-ALS.1.0.2
2024-10-24 18:55:23,343 [WARN] PackLoader:240 - Cannot read IP mode file for STMicroelectronics.X-CUBE-MEMS1.10.0.0
2024-10-24 18:55:23,449 [WARN] PackLoader:240 - Cannot read IP mode file for STMicroelectronics.X-CUBE-TOUCHGFX.4.24.0
2024-10-24 18:55:23,461 [WARN] PackLoader:240 - Cannot read IP mode file for STMicroelectronics.X-CUBE-TOUCHGFX.4.24.1
2024-10-24 18:55:23,473 [WARN] PackLoader:240 - Cannot read IP mode file for wolfSSL.I-CUBE-wolfTPM.3.4.0
2024-10-24 18:55:23,486 [WARN] PackLoader:240 - Cannot read IP mode file for portGmbH.I-Cube-SoM-uGOAL.1.1.0
2024-10-24 18:55:23,498 [WARN] PackLoader:240 - Cannot read IP mode file for STMicroelectronics.X-CUBE-ALS.1.0.1
2024-10-24 18:55:23,511 [WARN] PackLoader:240 - Cannot read IP mode file for STMicroelectronics.FP-ATR-ASTRA1.2.0.0
2024-10-24 18:55:23,532 [WARN] PackLoader:240 - Cannot read IP mode file for STMicroelectronics.X-CUBE-TOF1.3.4.2
2024-10-24 18:55:23,558 [WARN] PackLoader:240 - Cannot read IP mode file for STMicroelectronics.X-CUBE-TOF1.3.4.1
2024-10-24 18:55:23,593 [WARN] PackLoader:240 - Cannot read IP mode file for STMicroelectronics.X-CUBE-AZRTOS-H7.3.2.0
2024-10-24 18:55:23,622 [WARN] PackLoader:240 - Cannot read IP mode file for Infineon.AIROC-Wi-Fi-Bluetooth-STM32.1.6.0
2024-10-24 18:55:23,634 [WARN] PackLoader:240 - Cannot read IP mode file for wolfSSL.I-CUBE-wolfSSH.1.4.17
2024-10-24 18:55:23,635 [INFO] ThirdParty:978 - Integrity check success = true
2024-10-24 18:55:23,635 [INFO] IntegrityCheckThread:100 - exiting critical section [integrity check]
2024-10-24 18:55:23,635 [INFO] IntegrityCheckThread:103 - End integrity checks thread
2024-10-24 18:55:25,638 [INFO] WebApp:167 - Instantiating new browser for Auth
2024-10-24 18:55:26,246 [INFO] WebApp:448 - Apply proxy settings
2024-10-24 18:55:26,247 [INFO] WebApp:533 - Chromium requires no authentication
2024-10-24 18:55:26,255 [INFO] WebApp:476 - Direct internet connection detected
2024-10-24 18:55:26,275 [INFO] WebApp:869 - Register for checkConnection events
2024-10-24 18:55:26,275 [INFO] WebApp:448 - Apply proxy settings
2024-10-24 18:55:26,275 [INFO] WebApp:533 - Chromium requires no authentication
2024-10-24 18:55:26,275 [INFO] WebApp:476 - Direct internet connection detected
2024-10-24 18:55:26,416 [INFO] WebApp:220 - Starting web application
2024-10-24 18:55:26,416 [INFO] WebApp:578 - Web application path used C:\ST\STM32CubeIDE_1.16.1\STM32CubeIDE\plugins\com.st.stm32cube.common.mx_6.12.1.202409122256\db\plugins\mcufinder\reactClient1\index.html
2024-10-24 18:55:26,549 [INFO] WebApp:186 - Connection restablished
2024-10-24 18:55:26,570 [INFO] UserAuth:417 - Internet connection configuration mode: 1
2024-10-24 19:03:32,607 [ERROR] LogOutputStream:75 - [STDERR_REDIRECT] 
2024-10-24 19:03:32,608 [ERROR] LogOutputStream:75 - [STDERR_REDIRECT] 
