Removed Pin From Net: NetName=DVDD Pin=CN1-1
Removed Pin From Net: NetName=DVDD Pin=SW1-3
Removed Pin From Net: NetName=DVDD Pin=SW1-4
Removed Pin From Net: NetName=DVDD Pin=SW2-3
Removed Pin From Net: NetName=DVDD Pin=SW2-4
Removed Pin From Net: NetName=DVDD Pin=SW3-3
Removed Pin From Net: NetName=DVDD Pin=SW3-4
Removed Pin From Net: NetName=DVDD Pin=SW4-3
Removed Pin From Net: NetName=DVDD Pin=SW4-4
Change Component Comment : Designator=R22 Old Comment=1K New Comment=2K2
Change Component Comment : Designator=R23 Old Comment=1K New Comment=2K2
Change Component Comment : Designator=R24 Old Comment=1K New Comment=2K2
Change component parameters: Designator = "R22" ("R22"); Footprint = "RES_SM0805_YAGEORC_N"; UniqueID = "\KYGEUEXQ" ("\KYGEUEXQ")
Change component parameters (AddParameter): Name = "Category"; Value = "Resistor"; VariantName = "[No Variations]"
Change component parameters (AddParameter): Name = "ComponentLink1Description"; Value = "Manufacturer Website"; VariantName = "[No Variations]"
Change component parameters (AddParameter): Name = "ComponentLink1URL"; Value = "http://www.yageo.com"; VariantName = "[No Variations]"
Change component parameters (AddParameter): Name = "Manufacturer"; Value = "Yageo"; VariantName = "[No Variations]"
Change component parameters (AddParameter): Name = "Manufacturer Part Number"; Value = "RC0805FR-072K2L"; VariantName = "[No Variations]"
Change component parameters (AddParameter): Name = "Package"; Value = "0805"; VariantName = "[No Variations]"
Change component parameters (AddParameter): Name = "Power (Watts)"; Value = "0.125"; VariantName = "[No Variations]"
Change component parameters (AddParameter): Name = "Resistance (Ohms)"; Value = "2200"; VariantName = "[No Variations]"
Change component parameters (AddParameter): Name = "Supplier 1"; Value = "Farnell"; VariantName = "[No Variations]"
Change component parameters (AddParameter): Name = "Supplier 2"; Value = "Digi-Key"; VariantName = "[No Variations]"
Change component parameters (AddParameter): Name = "Supplier Part Number 1"; Value = "9237534"; VariantName = "[No Variations]"
Change component parameters (AddParameter): Name = "Supplier Part Number 2"; Value = "311-2.20KCRCT-ND"; VariantName = "[No Variations]"
Change component parameters (AddParameter): Name = "Tolerance (%)"; Value = "1"; VariantName = "[No Variations]"
Change component parameters (AddParameter): Name = "Value"; Value = "2K2"; VariantName = "[No Variations]"
Change component parameters: Designator = "R23" ("R23"); Footprint = "RES_SM0805_YAGEORC_N"; UniqueID = "\DCLFGFAR" ("\DCLFGFAR")
Change component parameters (AddParameter): Name = "Category"; Value = "Resistor"; VariantName = "[No Variations]"
Change component parameters (AddParameter): Name = "ComponentLink1Description"; Value = "Manufacturer Website"; VariantName = "[No Variations]"
Change component parameters (AddParameter): Name = "ComponentLink1URL"; Value = "http://www.yageo.com"; VariantName = "[No Variations]"
Change component parameters (AddParameter): Name = "Manufacturer"; Value = "Yageo"; VariantName = "[No Variations]"
Change component parameters (AddParameter): Name = "Manufacturer Part Number"; Value = "RC0805FR-072K2L"; VariantName = "[No Variations]"
Change component parameters (AddParameter): Name = "Package"; Value = "0805"; VariantName = "[No Variations]"
Change component parameters (AddParameter): Name = "Power (Watts)"; Value = "0.125"; VariantName = "[No Variations]"
Change component parameters (AddParameter): Name = "Resistance (Ohms)"; Value = "2200"; VariantName = "[No Variations]"
Change component parameters (AddParameter): Name = "Supplier 1"; Value = "Farnell"; VariantName = "[No Variations]"
Change component parameters (AddParameter): Name = "Supplier 2"; Value = "Digi-Key"; VariantName = "[No Variations]"
Change component parameters (AddParameter): Name = "Supplier Part Number 1"; Value = "9237534"; VariantName = "[No Variations]"
Change component parameters (AddParameter): Name = "Supplier Part Number 2"; Value = "311-2.20KCRCT-ND"; VariantName = "[No Variations]"
Change component parameters (AddParameter): Name = "Tolerance (%)"; Value = "1"; VariantName = "[No Variations]"
Change component parameters (AddParameter): Name = "Value"; Value = "2K2"; VariantName = "[No Variations]"
Change component parameters: Designator = "R24" ("R24"); Footprint = "RES_SM0805_YAGEORC_N"; UniqueID = "\BIBOHEYP" ("\BIBOHEYP")
Change component parameters (AddParameter): Name = "Category"; Value = "Resistor"; VariantName = "[No Variations]"
Change component parameters (AddParameter): Name = "ComponentLink1Description"; Value = "Manufacturer Website"; VariantName = "[No Variations]"
Change component parameters (AddParameter): Name = "ComponentLink1URL"; Value = "http://www.yageo.com"; VariantName = "[No Variations]"
Change component parameters (AddParameter): Name = "Manufacturer"; Value = "Yageo"; VariantName = "[No Variations]"
Change component parameters (AddParameter): Name = "Manufacturer Part Number"; Value = "RC0805FR-072K2L"; VariantName = "[No Variations]"
Change component parameters (AddParameter): Name = "Package"; Value = "0805"; VariantName = "[No Variations]"
Change component parameters (AddParameter): Name = "Power (Watts)"; Value = "0.125"; VariantName = "[No Variations]"
Change component parameters (AddParameter): Name = "Resistance (Ohms)"; Value = "2200"; VariantName = "[No Variations]"
Change component parameters (AddParameter): Name = "Supplier 1"; Value = "Farnell"; VariantName = "[No Variations]"
Change component parameters (AddParameter): Name = "Supplier 2"; Value = "Digi-Key"; VariantName = "[No Variations]"
Change component parameters (AddParameter): Name = "Supplier Part Number 1"; Value = "9237534"; VariantName = "[No Variations]"
Change component parameters (AddParameter): Name = "Supplier Part Number 2"; Value = "311-2.20KCRCT-ND"; VariantName = "[No Variations]"
Change component parameters (AddParameter): Name = "Tolerance (%)"; Value = "1"; VariantName = "[No Variations]"
Change component parameters (AddParameter): Name = "Value"; Value = "2K2"; VariantName = "[No Variations]"
Added Pin To Net: NetName=EVDD Pin=C8-2
Added Pin To Net: NetName=EVDD Pin=CN2-3
