Change Component Comment : Designator=C16 Old Comment=1nF New Comment=100nF
Change component parameters: Designator = "C16" ("C16"); Footprint = "CAP_SM0805_YAGEOCC2_N"; UniqueID = "\WRBSMFHU" ("\WRBSMFHU")
Change component parameters (AddParameter): Name = "Category"; Value = "Capacitor"; VariantName = "[No Variations]"
Change component parameters (AddParameter): Name = "ComponentLink1Description"; Value = "Manufacturer Website"; VariantName = "[No Variations]"
Change component parameters (AddParameter): Name = "ComponentLink1URL"; Value = "http://www.yageo.com"; VariantName = "[No Variations]"
Change component parameters (AddParameter): Name = "Manufacturer"; Value = "Yageo"; VariantName = "[No Variations]"
Change component parameters (AddParameter): Name = "Manufacturer Part Number"; Value = "CC0805KRX7R8BB104"; VariantName = "[No Variations]"
Change component parameters (AddParameter): Name = "Package"; Value = "0805"; VariantName = "[No Variations]"
Change component parameters (AddParameter): Name = "Supplier 1"; Value = "Farnell"; VariantName = "[No Variations]"
Change component parameters (AddParameter): Name = "Supplier 2"; Value = "Digi-Key"; VariantName = "[No Variations]"
Change component parameters (AddParameter): Name = "Supplier Part Number 1"; Value = "644249"; VariantName = "[No Variations]"
Change component parameters (AddParameter): Name = "Supplier Part Number 2"; Value = "311-1141-1-ND"; VariantName = "[No Variations]"
Change component parameters (AddParameter): Name = "Tolerance (%)"; Value = "10"; VariantName = "[No Variations]"
Change component parameters (AddParameter): Name = "Value"; Value = "100nF"; VariantName = "[No Variations]"
Change component parameters (AddParameter): Name = "Voltage Rating (Volts)"; Value = "25"; VariantName = "[No Variations]"
Added Component: Designator=J6(HEADER PIN 1X2)
Add component (AddParameter): Name = "Category"; Value = "Header pin"; VariantName = "[No Variations]"
Add component (AddParameter): Name = "Datasheet"; Value = "https://datasheet.lcsc.com/lcsc/2202082130_Amphenol-ICC-54101-T06-00_C213463.pdf"; VariantName = "[No Variations]"
Add component (AddParameter): Name = "Manufacturer"; Value = "Amphenol ICC"; VariantName = "[No Variations]"
Add component (AddParameter): Name = "Manufacturer Part Number"; Value = "54101-T0602LF"; VariantName = "[No Variations]"
Added Component: Designator=J7(HEADER PIN 1X2)
Add component (AddParameter): Name = "Category"; Value = "Header pin"; VariantName = "[No Variations]"
Add component (AddParameter): Name = "Datasheet"; Value = "https://datasheet.lcsc.com/lcsc/2202082130_Amphenol-ICC-54101-T06-00_C213463.pdf"; VariantName = "[No Variations]"
Add component (AddParameter): Name = "Manufacturer"; Value = "Amphenol ICC"; VariantName = "[No Variations]"
Add component (AddParameter): Name = "Manufacturer Part Number"; Value = "54101-T0602LF"; VariantName = "[No Variations]"
Added Pin To Net: NetName=ADC_IN3 Pin=CN8-6
Added Net: Name=ADC_IN3
Added Pin To Net: NetName=ADC_IN4 Pin=CN8-4
Added Net: Name=ADC_IN4
Added Pin To Net: NetName=AVDD Pin=C1-1
Added Pin To Net: NetName=AVDD Pin=C2-1
Added Pin To Net: NetName=AVDD Pin=C9-1
Added Pin To Net: NetName=AVDD Pin=C15-1
Added Pin To Net: NetName=AVDD Pin=C21-1
Added Pin To Net: NetName=AVDD Pin=CN8-1
Added Pin To Net: NetName=AVDD Pin=R1-2
Added Pin To Net: NetName=AVDD Pin=R5-2
Added Pin To Net: NetName=AVDD Pin=U2-4
Added Net: Name=AVDD
Added Pin To Net: NetName=BATTERY_LEVEL Pin=C17-1
Added Pin To Net: NetName=BATTERY_LEVEL Pin=CN8-7
Added Pin To Net: NetName=BATTERY_LEVEL Pin=R5-1
Added Pin To Net: NetName=BATTERY_LEVEL Pin=R6-2
Added Net: Name=BATTERY_LEVEL
Added Pin To Net: NetName=DBG_RX Pin=CN1-1
Added Pin To Net: NetName=DBG_RX Pin=EMC3080-P-22
Added Net: Name=DBG_RX
Added Pin To Net: NetName=DBG_TX Pin=CN1-2
Added Pin To Net: NetName=DBG_TX Pin=EMC3080-P-21
Added Net: Name=DBG_TX
Added Pin To Net: NetName=DVDD Pin=C4-1
Added Pin To Net: NetName=DVDD Pin=C13-1
Added Pin To Net: NetName=DVDD Pin=C14-1
Added Pin To Net: NetName=DVDD Pin=C18-1
Added Pin To Net: NetName=DVDD Pin=C20-1
Added Pin To Net: NetName=DVDD Pin=CN6-1
Added Pin To Net: NetName=DVDD Pin=CN6-17
Added Pin To Net: NetName=DVDD Pin=D3-2
Added Pin To Net: NetName=DVDD Pin=D4-2
Added Pin To Net: NetName=DVDD Pin=D5-2
Added Pin To Net: NetName=DVDD Pin=EMC3080-P-16
Added Pin To Net: NetName=DVDD Pin=J1-1
Added Pin To Net: NetName=DVDD Pin=J2-1
Added Pin To Net: NetName=DVDD Pin=J2-3
Added Pin To Net: NetName=DVDD Pin=J6-1
Added Pin To Net: NetName=DVDD Pin=J7-2
Added Pin To Net: NetName=DVDD Pin=Q3-D
Added Pin To Net: NetName=DVDD Pin=R1-1
Added Pin To Net: NetName=DVDD Pin=R2-2
Added Pin To Net: NetName=DVDD Pin=R13-2
Added Pin To Net: NetName=DVDD Pin=R28-2
Added Net: Name=DVDD
Added Pin To Net: NetName=FLOW_DETECTOR Pin=CN8-10
Added Pin To Net: NetName=FLOW_DETECTOR Pin=R30-2
Added Net: Name=FLOW_DETECTOR
Added Pin To Net: NetName=GND Pin=BH1-NEG
Added Pin To Net: NetName=GND Pin=BH2-NEG
Added Pin To Net: NetName=GND Pin=C1-2
Added Pin To Net: NetName=GND Pin=C2-2
Added Pin To Net: NetName=GND Pin=C3-2
Added Pin To Net: NetName=GND Pin=C4-2
Added Pin To Net: NetName=GND Pin=C6-2
Added Pin To Net: NetName=GND Pin=C7-2
Added Pin To Net: NetName=GND Pin=C8-2
Added Pin To Net: NetName=GND Pin=C9-2
Added Pin To Net: NetName=GND Pin=C10-2
Added Pin To Net: NetName=GND Pin=C11-2
Added Pin To Net: NetName=GND Pin=C12-2
Added Pin To Net: NetName=GND Pin=C13-2
Added Pin To Net: NetName=GND Pin=C14-2
Added Pin To Net: NetName=GND Pin=C15-2
Added Pin To Net: NetName=GND Pin=C16-2
Added Pin To Net: NetName=GND Pin=C17-2
Added Pin To Net: NetName=GND Pin=C18-2
Added Pin To Net: NetName=GND Pin=C20-2
Added Pin To Net: NetName=GND Pin=C21-2
Added Pin To Net: NetName=GND Pin=CN6-2
Added Pin To Net: NetName=GND Pin=CN6-19
Added Pin To Net: NetName=GND Pin=CN8-2
Added Pin To Net: NetName=GND Pin=D3-1
Added Pin To Net: NetName=GND Pin=D4-1
Added Pin To Net: NetName=GND Pin=D5-1
Added Pin To Net: NetName=GND Pin=D7-A
Added Pin To Net: NetName=GND Pin=EMC3080-P-17
Added Pin To Net: NetName=GND Pin=J1-3
Added Pin To Net: NetName=GND Pin=J2-5
Added Pin To Net: NetName=GND Pin=J4-2
Added Pin To Net: NetName=GND Pin=P1-1
Added Pin To Net: NetName=GND Pin=P2-1
Added Pin To Net: NetName=GND Pin=P3-1
Added Pin To Net: NetName=GND Pin=P5-1
Added Pin To Net: NetName=GND Pin=Q1-G
Added Pin To Net: NetName=GND Pin=Q2-S
Added Pin To Net: NetName=GND Pin=R6-1
Added Pin To Net: NetName=GND Pin=R15-1
Added Pin To Net: NetName=GND Pin=R16-1
Added Pin To Net: NetName=GND Pin=R25-1
Added Pin To Net: NetName=GND Pin=R31-1
Added Pin To Net: NetName=GND Pin=U1-4
Added Pin To Net: NetName=GND Pin=U2-11
Added Net: Name=GND
Added Pin To Net: NetName=I2C1_SCL Pin=CN6-5
Added Net: Name=I2C1_SCL
Added Pin To Net: NetName=I2C1_SDA Pin=CN6-4
Added Net: Name=I2C1_SDA
Added Pin To Net: NetName=MXC_ENABLE Pin=CN6-16
Added Pin To Net: NetName=MXC_ENABLE Pin=EMC3080-P-11
Added Net: Name=MXC_ENABLE
Added Pin To Net: NetName=MXC_PA13 Pin=CN6-14
Added Pin To Net: NetName=MXC_PA13 Pin=EMC3080-P-10
Added Pin To Net: NetName=MXC_PA13 Pin=J6-2
Added Net: Name=MXC_PA13
Added Pin To Net: NetName=MXC_PA14 Pin=CN6-12
Added Pin To Net: NetName=MXC_PA14 Pin=EMC3080-P-9
Added Net: Name=MXC_PA14
Added Pin To Net: NetName=NetBH1_POS Pin=BH1-POS
Added Pin To Net: NetName=NetBH1_POS Pin=J3-1
Added Net: Name=NetBH1_POS
Added Pin To Net: NetName=NetC5_1 Pin=C5-1
Added Pin To Net: NetName=NetC5_1 Pin=C7-1
Added Pin To Net: NetName=NetC5_1 Pin=D2-1
Added Pin To Net: NetName=NetC5_1 Pin=D3-3
Added Pin To Net: NetName=NetC5_1 Pin=J5-2
Added Pin To Net: NetName=NetC5_1 Pin=R7-1
Added Pin To Net: NetName=NetC5_1 Pin=R10-2
Added Pin To Net: NetName=NetC5_1 Pin=R11-2
Added Pin To Net: NetName=NetC5_1 Pin=U1-3
Added Net: Name=NetC5_1
Added Pin To Net: NetName=NetC5_2 Pin=C5-2
Added Pin To Net: NetName=NetC5_2 Pin=R8-2
Added Pin To Net: NetName=NetC5_2 Pin=R12-1
Added Pin To Net: NetName=NetC5_2 Pin=U1-6
Added Net: Name=NetC5_2
Added Pin To Net: NetName=NetC6_1 Pin=C6-1
Added Pin To Net: NetName=NetC6_1 Pin=U1-7
Added Net: Name=NetC6_1
Added Pin To Net: NetName=NetC8_1 Pin=C8-1
Added Pin To Net: NetName=NetC8_1 Pin=D4-3
Added Pin To Net: NetName=NetC8_1 Pin=R11-1
Added Pin To Net: NetName=NetC8_1 Pin=R13-1
Added Pin To Net: NetName=NetC8_1 Pin=R14-2
Added Pin To Net: NetName=NetC8_1 Pin=R15-2
Added Pin To Net: NetName=NetC8_1 Pin=U1-2
Added Net: Name=NetC8_1
Added Pin To Net: NetName=NetC11_1 Pin=C11-1
Added Pin To Net: NetName=NetC11_1 Pin=R22-2
Added Pin To Net: NetName=NetC11_1 Pin=U2-12
Added Net: Name=NetC11_1
Added Pin To Net: NetName=NetC16_1 Pin=C16-1
Added Pin To Net: NetName=NetC16_1 Pin=D5-3
Added Pin To Net: NetName=NetC16_1 Pin=Q3-G
Added Pin To Net: NetName=NetC16_1 Pin=R29-2
Added Net: Name=NetC16_1
Added Pin To Net: NetName=NetD1_1 Pin=D1-1
Added Pin To Net: NetName=NetD1_1 Pin=D2-2
Added Net: Name=NetD1_1
Added Pin To Net: NetName=NetD1_2 Pin=D1-2
Added Pin To Net: NetName=NetD1_2 Pin=J2-4
Added Net: Name=NetD1_2
Added Pin To Net: NetName=NetD6_1 Pin=D6-1
Added Pin To Net: NetName=NetD6_1 Pin=Q2-D
Added Net: Name=NetD6_1
Added Pin To Net: NetName=NetD6_2 Pin=D6-2
Added Pin To Net: NetName=NetD6_2 Pin=D7-K
Added Pin To Net: NetName=NetD6_2 Pin=R26-1
Added Net: Name=NetD6_2
Added Pin To Net: NetName=NetEMC3080-P_3 Pin=EMC3080-P-3
Added Pin To Net: NetName=NetEMC3080-P_3 Pin=J7-1
Added Net: Name=NetEMC3080-P_3
Added Pin To Net: NetName=NetF1_2 Pin=F1-2
Added Pin To Net: NetName=NetF1_2 Pin=R26-2
Added Net: Name=NetF1_2
Added Pin To Net: NetName=NetJ1_2 Pin=J1-2
Added Pin To Net: NetName=NetJ1_2 Pin=P4-3
Added Net: Name=NetJ1_2
Added Pin To Net: NetName=NetJ2_2 Pin=J2-2
Added Pin To Net: NetName=NetJ2_2 Pin=R9-2
Added Net: Name=NetJ2_2
Added Pin To Net: NetName=NetJ2_6 Pin=J2-6
Added Pin To Net: NetName=NetJ2_6 Pin=J2-8
Added Pin To Net: NetName=NetJ2_6 Pin=P4-1
Added Net: Name=NetJ2_6
Added Pin To Net: NetName=NetJ2_7 Pin=J2-7
Added Pin To Net: NetName=NetJ2_7 Pin=R14-1
Added Net: Name=NetJ2_7
Added Pin To Net: NetName=NetJ3_2 Pin=J3-2
Added Pin To Net: NetName=NetJ3_2 Pin=Q1-D
Added Net: Name=NetJ3_2
Added Pin To Net: NetName=NetJ4_1 Pin=J4-1
Added Pin To Net: NetName=NetJ4_1 Pin=PTH2-1
Added Net: Name=NetJ4_1
Added Pin To Net: NetName=NetJ5_1 Pin=J5-1
Added Pin To Net: NetName=NetJ5_1 Pin=R7-2
Added Pin To Net: NetName=NetJ5_1 Pin=R8-1
Added Net: Name=NetJ5_1
Added Pin To Net: NetName=NetP2_2 Pin=P2-2
Added Pin To Net: NetName=NetP2_2 Pin=R28-1
Added Pin To Net: NetName=NetP2_2 Pin=R29-1
Added Net: Name=NetP2_2
Added Pin To Net: NetName=NetP4_2 Pin=P4-2
Added Pin To Net: NetName=NetP4_2 Pin=R9-1
Added Pin To Net: NetName=NetP4_2 Pin=R10-1
Added Net: Name=NetP4_2
Added Pin To Net: NetName=NetP5_2 Pin=P5-2
Added Pin To Net: NetName=NetP5_2 Pin=U2-10
Added Net: Name=NetP5_2
Added Pin To Net: NetName=NetP5_3 Pin=P5-3
Added Pin To Net: NetName=NetP5_3 Pin=R18-1
Added Pin To Net: NetName=NetP5_3 Pin=R21-2
Added Pin To Net: NetName=NetP5_3 Pin=U2-5
Added Net: Name=NetP5_3
Added Pin To Net: NetName=NetQ2_G Pin=Q2-G
Added Pin To Net: NetName=NetQ2_G Pin=R27-2
Added Net: Name=NetQ2_G
Added Pin To Net: NetName=NetQ3_S Pin=Q3-S
Added Pin To Net: NetName=NetQ3_S Pin=R30-1
Added Pin To Net: NetName=NetQ3_S Pin=R31-2
Added Net: Name=NetQ3_S
Added Pin To Net: NetName=NetR16_2 Pin=R16-2
Added Pin To Net: NetName=NetR16_2 Pin=R17-1
Added Pin To Net: NetName=NetR16_2 Pin=U2-2
Added Net: Name=NetR16_2
Added Pin To Net: NetName=NetR17_2 Pin=R17-2
Added Pin To Net: NetName=NetR17_2 Pin=R18-2
Added Pin To Net: NetName=NetR17_2 Pin=U2-1
Added Net: Name=NetR17_2
Added Pin To Net: NetName=NetR19_1 Pin=R19-1
Added Pin To Net: NetName=NetR19_1 Pin=U2-6
Added Pin To Net: NetName=NetR19_1 Pin=U2-7
Added Net: Name=NetR19_1
Added Pin To Net: NetName=NetR19_2 Pin=R19-2
Added Pin To Net: NetName=NetR19_2 Pin=R20-1
Added Pin To Net: NetName=NetR19_2 Pin=U2-3
Added Net: Name=NetR19_2
Added Pin To Net: NetName=NetR21_1 Pin=R21-1
Added Pin To Net: NetName=NetR21_1 Pin=R23-1
Added Pin To Net: NetName=NetR21_1 Pin=U2-9
Added Net: Name=NetR21_1
Added Pin To Net: NetName=NetR22_1 Pin=R22-1
Added Pin To Net: NetName=NetR22_1 Pin=R23-2
Added Pin To Net: NetName=NetR22_1 Pin=U2-8
Added Net: Name=NetR22_1
Added Pin To Net: NetName=NetR24_1 Pin=R24-1
Added Pin To Net: NetName=NetR24_1 Pin=R25-2
Added Pin To Net: NetName=NetR24_1 Pin=U2-13
Added Net: Name=NetR24_1
Added Pin To Net: NetName=PA0 Pin=CN6-10
Added Net: Name=PA0
Added Pin To Net: NetName=PB10 Pin=CN8-5
Added Net: Name=PB10
Added Pin To Net: NetName=PB11 Pin=CN8-9
Added Net: Name=PB11
Added Pin To Net: NetName=PC8 Pin=CN6-20
Added Net: Name=PC8
Added Pin To Net: NetName=PC9 Pin=CN6-18
Added Net: Name=PC9
Added Pin To Net: NetName=PD7 Pin=CN6-7
Added Net: Name=PD7
Added Pin To Net: NetName=PULSE_BOR Pin=F1-1
Added Pin To Net: NetName=PULSE_BOR Pin=P1-2
Added Net: Name=PULSE_BOR
Added Pin To Net: NetName=PULSE_OUT_CMP Pin=CN6-15
Added Pin To Net: NetName=PULSE_OUT_CMP Pin=R12-2
Added Pin To Net: NetName=PULSE_OUT_CMP Pin=R27-1
Added Net: Name=PULSE_OUT_CMP
Added Pin To Net: NetName=RTD_IN Pin=CN8-8
Added Pin To Net: NetName=RTD_IN Pin=R24-2
Added Pin To Net: NetName=RTD_IN Pin=U2-14
Added Net: Name=RTD_IN
Added Pin To Net: NetName=SPI3_MISO Pin=CN6-11
Added Net: Name=SPI3_MISO
Added Pin To Net: NetName=SPI3_MOSI Pin=CN6-9
Added Net: Name=SPI3_MOSI
Added Pin To Net: NetName=SPI3_SCK Pin=CN6-13
Added Net: Name=SPI3_SCK
Added Pin To Net: NetName=USART2_RX Pin=CN6-6
Added Pin To Net: NetName=USART2_RX Pin=P3-3
Added Net: Name=USART2_RX
Added Pin To Net: NetName=USART2_TX Pin=CN6-8
Added Pin To Net: NetName=USART2_TX Pin=P3-2
Added Net: Name=USART2_TX
Added Pin To Net: NetName=VBAT Pin=BH2-POS
Added Pin To Net: NetName=VBAT Pin=C12-1
Added Pin To Net: NetName=VBAT Pin=CN6-3
Added Net: Name=VBAT
Added Pin To Net: NetName=VDD Pin=C3-1
Added Pin To Net: NetName=VDD Pin=Q1-S
Added Pin To Net: NetName=VDD Pin=R2-1
Added Net: Name=VDD
Added Pin To Net: NetName=VREF+ Pin=C10-1
Added Pin To Net: NetName=VREF+ Pin=CN8-3
Added Pin To Net: NetName=VREF+ Pin=R20-2
Added Net: Name=VREF+
