Change Component Designator: OldDesignator=BH? NewDesignator=BH1
Added Component: Designator=C?(CAP_SM0805_YAGEOCC2_N)
Add component (AddParameter): Name = "Category"; Value = "Capacitor"; VariantName = "[No Variations]"
Add component (AddParameter): Name = "ComponentLink1Description"; Value = "Manufacturer Website"; VariantName = "[No Variations]"
Add component (AddParameter): Name = "ComponentLink1URL"; Value = "http://www.yageo.com"; VariantName = "[No Variations]"
Add component (AddParameter): Name = "Datasheet"; Value = "https://datasheet.lcsc.com/lcsc/2006111832_YAGEO-CC0805KRX7R8BB104_C519981.pdf"; VariantName = "[No Variations]"
Add component (AddParameter): Name = "Manufacturer"; Value = "Yageo"; VariantName = "[No Variations]"
Add component (AddParameter): Name = "Manufacturer Part Number"; Value = "CC0805KRX7R8BB104"; VariantName = "[No Variations]"
Add component (AddParameter): Name = "Package"; Value = "0805"; VariantName = "[No Variations]"
Add component (AddParameter): Name = "Supplier 1"; Value = "Farnell"; VariantName = "[No Variations]"
Add component (AddParameter): Name = "Supplier 2"; Value = "Digi-Key"; VariantName = "[No Variations]"
Add component (AddParameter): Name = "Supplier Part Number 1"; Value = "644249"; VariantName = "[No Variations]"
Add component (AddParameter): Name = "Supplier Part Number 2"; Value = "311-1141-1-ND"; VariantName = "[No Variations]"
Add component (AddParameter): Name = "Tolerance (%)"; Value = "10"; VariantName = "[No Variations]"
Add component (AddParameter): Name = "Value"; Value = "100nF"; VariantName = "[No Variations]"
Add component (AddParameter): Name = "Voltage Rating (Volts)"; Value = "25"; VariantName = "[No Variations]"
Added Component: Designator=C?(CAP_SM0805_YAGEOCC2_N)
Add component (AddParameter): Name = "Category"; Value = "Capacitor"; VariantName = "[No Variations]"
Add component (AddParameter): Name = "ComponentLink1Description"; Value = "Manufacturer Website"; VariantName = "[No Variations]"
Add component (AddParameter): Name = "ComponentLink1URL"; Value = "http://www.yageo.com"; VariantName = "[No Variations]"
Add component (AddParameter): Name = "Datasheet"; Value = "https://datasheet.lcsc.com/lcsc/2304140030_YAGEO-CC0805KRX5R6BB475_C605218.pdf"; VariantName = "[No Variations]"
Add component (AddParameter): Name = "Manufacturer"; Value = "Yageo"; VariantName = "[No Variations]"
Add component (AddParameter): Name = "Manufacturer Part Number"; Value = "CC0805KRX5R6BB475"; VariantName = "[No Variations]"
Add component (AddParameter): Name = "Package"; Value = "0805"; VariantName = "[No Variations]"
Add component (AddParameter): Name = "Supplier 1"; Value = "Farnell"; VariantName = "[No Variations]"
Add component (AddParameter): Name = "Supplier 2"; Value = "Digi-Key"; VariantName = "[No Variations]"
Add component (AddParameter): Name = "Supplier Part Number 1"; Value = "718671"; VariantName = "[No Variations]"
Add component (AddParameter): Name = "Supplier Part Number 2"; Value = "311-1374-1-ND"; VariantName = "[No Variations]"
Add component (AddParameter): Name = "Tolerance (%)"; Value = "10"; VariantName = "[No Variations]"
Add component (AddParameter): Name = "Value"; Value = "4.7uF"; VariantName = "[No Variations]"
Add component (AddParameter): Name = "Voltage Rating (Volts)"; Value = "10"; VariantName = "[No Variations]"
Added Component: Designator=J?(HEADER PIN 1X2)
Add component (AddParameter): Name = "Category"; Value = "Header pin"; VariantName = "[No Variations]"
Add component (AddParameter): Name = "Datasheet"; Value = "https://datasheet.lcsc.com/lcsc/2202082130_Amphenol-ICC-54101-T06-00_C213463.pdf"; VariantName = "[No Variations]"
Add component (AddParameter): Name = "Equivalente"; Value = "B-2100S02P-A110"; VariantName = "[No Variations]"
Add component (AddParameter): Name = "Manufacturer"; Value = "Amphenol ICC"; VariantName = "[No Variations]"
Add component (AddParameter): Name = "Manufacturer Part Number"; Value = "54101-T0602LF"; VariantName = "[No Variations]"
Add component (AddParameter): Name = "Temperature Max"; Value = "125"; VariantName = "[No Variations]"
Add component (AddParameter): Name = "Temperature Min"; Value = "-65"; VariantName = "[No Variations]"
Added Pin To Net: NetName=GND Pin=J?-1
Added Pin To Net: NetName=VDD Pin=J?-2
Change Net Name : Old Net Name=NetBH?_POS New Net Name=NetBH1_POS
