Change Component Parameter Comment in C5 Old= New==Value
Change Component Parameter Comment in C6 Old= New==Value
Change Component Parameter Comment in C7 Old= New==Value
Change Component Parameter Comment in C8 Old= New==Value
Change Value of Parameter Datasheet in Part J2 Old=New link New=https://cdn.amphenol-cs.com/media/wysiwyg/files/drawing/54102.pdf
Change Value of Parameter Datasheet in Part J2 Old=New link New=https://cdn.amphenol-cs.com/media/wysiwyg/files/drawing/54102.pdf
Change Value of Parameter Datasheet in Part J2 Old=New link New=https://cdn.amphenol-cs.com/media/wysiwyg/files/drawing/54102.pdf
Change Value of Parameter Datasheet in Part J2 Old=New link New=https://cdn.amphenol-cs.com/media/wysiwyg/files/drawing/54102.pdf
Change Component Parameter Comment in R7 Old= New==Value
Change Component Parameter Comment in R8 Old= New==Value
Change Component Parameter Comment in R9 Old= New==Value
Change Component Parameter Comment in R10 Old= New==Value
Change Component Parameter Comment in R11 Old= New==Value
Change Component Parameter Comment in R12 Old= New==Value
Change Component Parameter Comment in R13 Old= New==Value
Change Component Parameter Comment in R14 Old= New==Value
Change Component Parameter Comment in R15 Old= New==Value
Added Parameter Datasheet=https://datasheet.lcsc.com/lcsc/2304140030_YAGEO-CC0805JRNPO9BN330_C107115.pdf to Part C5
Added Parameter Datasheet=https://datasheet.lcsc.com/lcsc/2304140030_YAGEO-CC0805KKX7R8BB105_C91186.pdf to Part C6
Added Parameter Datasheet=https://datasheet.lcsc.com/lcsc/2304140030_YAGEO-CC0805KRX7R8BB473_C309492.pdf to Part C7
Added Parameter Datasheet=https://datasheet.lcsc.com/lcsc/2304140030_YAGEO-CC0805KRX7R8BB473_C309492.pdf to Part C8
Added Parameter Datasheet=https://www.yageo.com/upload/media/product/app/datasheet/rchip/pyu-rc_group_51_rohs_l.pdf to Part R9
Added Parameter Datasheet=https://www.yageo.com/upload/media/product/app/datasheet/rchip/pyu-rc_group_51_rohs_l.pdf to Part R10
Added Parameter Datasheet=https://www.yageo.com/upload/media/product/app/datasheet/rchip/pyu-rc_group_51_rohs_l.pdf to Part R12
Added Parameter Datasheet=https://www.yageo.com/upload/media/product/app/datasheet/rchip/pyu-rc_group_51_rohs_l.pdf to Part R14
Added Parameter Datasheet=https://www.yageo.com/upload/media/product/productsearch/datasheet/rchip/PYu-RC_Group_51_RoHS_L_12.pdf to Part R7
Added Parameter Datasheet=https://www.yageo.com/upload/media/product/productsearch/datasheet/rchip/PYu-RC_Group_51_RoHS_L_12.pdf to Part R8
Added Parameter Datasheet=https://www.yageo.com/upload/media/product/productsearch/datasheet/rchip/PYu-RC_Group_51_RoHS_L_12.pdf to Part R11
Added Parameter Datasheet=https://www.yageo.com/upload/media/product/productsearch/datasheet/rchip/PYu-RC_Group_51_RoHS_L_12.pdf to Part R13
Added Parameter Datasheet=https://www.yageo.com/upload/media/product/productsearch/datasheet/rchip/PYu-RC_Group_51_RoHS_L_12.pdf to Part R15
Added Parameter Temperature Max=85 to Part U1
Added Parameter Temperature Max=105 to Part P4
Added Parameter Temperature Max=125 to Part J2
Added Parameter Temperature Max=125 to Part J2
Added Parameter Temperature Max=125 to Part J2
Added Parameter Temperature Max=125 to Part J2
Added Parameter Temperature Max=125 to Part J5
Added Parameter Temperature Max=150 to Part D1
Added Parameter Temperature Max=150 to Part D2
Added Parameter Temperature Max=150 to Part D3
Added Parameter Temperature Max=150 to Part D4
Added Parameter Temperature Min=-40 to Part P4
Added Parameter Temperature Min=-40 to Part U1
Added Parameter Temperature Min=-55 to Part D1
Added Parameter Temperature Min=-55 to Part D2
Added Parameter Temperature Min=-55 to Part D3
Added Parameter Temperature Min=-55 to Part D4
Added Parameter Temperature Min=-65 to Part J2
Added Parameter Temperature Min=-65 to Part J2
Added Parameter Temperature Min=-65 to Part J2
Added Parameter Temperature Min=-65 to Part J2
Added Parameter Temperature Min=-65 to Part J5
