Change Component Parameter Comment in C9 Old= New==Value
Change Component Parameter Comment in C10 Old= New==Value
Change Component Parameter Comment in C11 Old= New==Value
Change Component Parameter Comment in R16 Old= New==Value
Change Component Parameter Comment in R17 Old= New==Value
Change Component Parameter Comment in R18 Old= New==Value
Change Component Parameter Comment in R19 Old= New==Value
Change Component Parameter Comment in R20 Old= New==Value
Change Component Parameter Comment in R21 Old= New==Value
Change Component Parameter Comment in R22 Old= New==Value
Change Component Parameter Comment in R23 Old= New==Value
Change Component Parameter Comment in R24 Old= New==Value
Change Component Parameter Comment in R25 Old= New==Value
Added Parameter Datasheet=https://datasheet.lcsc.com/lcsc/2006011835_YAGEO-CC0805KRX7R8BB103_C519911.pdf to Part C11
Added Parameter Datasheet=https://datasheet.lcsc.com/lcsc/2006111832_YAGEO-CC0805KRX7R8BB104_C519981.pdf to Part C9
Added Parameter Datasheet=https://datasheet.lcsc.com/lcsc/2006111832_YAGEO-CC0805KRX7R8BB104_C519981.pdf to Part C10
Added Parameter Datasheet=https://www.yageo.com/upload/media/product/app/datasheet/rchip/pyu-rc_group_51_rohs_l.pdf to Part R16
Added Parameter Datasheet=https://www.yageo.com/upload/media/product/app/datasheet/rchip/pyu-rc_group_51_rohs_l.pdf to Part R17
Added Parameter Datasheet=https://www.yageo.com/upload/media/product/app/datasheet/rchip/pyu-rc_group_51_rohs_l.pdf to Part R19
Added Parameter Datasheet=https://www.yageo.com/upload/media/product/app/datasheet/rchip/pyu-rc_group_51_rohs_l.pdf to Part R20
Added Parameter Datasheet=https://www.yageo.com/upload/media/product/app/datasheet/rchip/pyu-rc_group_51_rohs_l.pdf to Part R21
Added Parameter Datasheet=https://www.yageo.com/upload/media/product/app/datasheet/rchip/pyu-rc_group_51_rohs_l.pdf to Part R22
Added Parameter Datasheet=https://www.yageo.com/upload/media/product/app/datasheet/rchip/pyu-rc_group_51_rohs_l.pdf to Part R23
Added Parameter Datasheet=https://www.yageo.com/upload/media/product/app/datasheet/rchip/pyu-rc_group_51_rohs_l.pdf to Part R24
Added Parameter Datasheet=https://www.yageo.com/upload/media/product/app/datasheet/rchip/pyu-rc_group_51_rohs_l.pdf to Part R25
Added Parameter Temperature Max=105 to Part P5
Added Parameter Temperature Max=125 to Part U2
Added Parameter Temperature Max=125 to Part U2
Added Parameter Temperature Max=125 to Part U2
Added Parameter Temperature Max=125 to Part U2
Added Parameter Temperature Min=-40 to Part P5
Added Parameter Temperature Min=-40 to Part U2
Added Parameter Temperature Min=-40 to Part U2
Added Parameter Temperature Min=-40 to Part U2
Added Parameter Temperature Min=-40 to Part U2
